Log file open, 04/21/21 18:36:19
LogInit: Display: Running engine for game: DeathStrikes
LogPlatformFile: Not using cached read wrapper
LogTaskGraph: Started task graph with 5 named threads and 23 total threads with 3 sets of task threads.
LogStats: Stats thread started at 0.248582
LogD3D11RHI: Loaded GFSDK_Aftermath_Lib.x64.dll
LogICUInternationalization: ICU TimeZone Detection - Raw Offset: +10:00, Platform Override: ''
LogPluginManager: Mounting plugin Paper2D
LogPluginManager: Mounting plugin AISupport
LogPluginManager: Mounting plugin LightPropagationVolume
LogPluginManager: Mounting plugin CameraShakePreviewer
LogPluginManager: Mounting plugin ActorLayerUtilities
LogPluginManager: Mounting plugin AnimationSharing
LogPluginManager: Mounting plugin CLionSourceCodeAccess
LogPluginManager: Mounting plugin CodeLiteSourceCodeAccess
LogPluginManager: Mounting plugin GitSourceControl
LogPluginManager: Mounting plugin KDevelopSourceCodeAccess
LogPluginManager: Mounting plugin NullSourceCodeAccess
LogPluginManager: Mounting plugin PerforceSourceControl
LogPluginManager: Mounting plugin PlasticSourceControl
LogPluginManager: Mounting plugin RiderSourceCodeAccess
LogPluginManager: Mounting plugin SubversionSourceControl
LogPluginManager: Mounting plugin UObjectPlugin
LogPluginManager: Mounting plugin VisualStudioCodeSourceCodeAccess
LogPluginManager: Mounting plugin VisualStudioSourceCodeAccess
LogPluginManager: Mounting plugin XCodeSourceCodeAccess
LogPluginManager: Mounting plugin AssetManagerEditor
LogPluginManager: Mounting plugin CryptoKeys
LogPluginManager: Mounting plugin CurveEditorTools
LogPluginManager: Mounting plugin DataValidation
LogPluginManager: Mounting plugin EditorScriptingUtilities
LogPluginManager: Mounting plugin FacialAnimation
LogPluginManager: Mounting plugin GameplayTagsEditor
LogPluginManager: Mounting plugin GeometryMode
LogPluginManager: Mounting plugin MacGraphicsSwitching
LogPluginManager: Mounting plugin MaterialAnalyzer
LogPluginManager: Mounting plugin MobileLauncherProfileWizard
LogPluginManager: Mounting plugin PluginBrowser
LogPluginManager: Mounting plugin SpeedTreeImporter
LogPluginManager: Mounting plugin DatasmithContent
LogPluginManager: Mounting plugin VariantManagerContent
LogPluginManager: Mounting plugin AlembicImporter
LogPluginManager: Mounting plugin AutomationUtils
LogPluginManager: Mounting plugin BackChannel
LogPluginManager: Mounting plugin ChaosCloth
LogPluginManager: Mounting plugin ChaosClothEditor
LogPluginManager: Mounting plugin ChaosEditor
LogPluginManager: Mounting plugin ChaosNiagara
LogPluginManager: Mounting plugin ChaosSolverPlugin
LogPluginManager: Mounting plugin CharacterAI
LogPluginManager: Mounting plugin GeometryCache
LogPluginManager: Mounting plugin GeometryCollectionPlugin
LogPluginManager: Mounting plugin GeometryProcessing
LogPluginManager: Mounting plugin PlanarCut
LogPluginManager: Mounting plugin PlatformCrypto
LogPluginManager: Mounting plugin ProxyLODPlugin
LogPluginManager: Mounting plugin SkeletalReduction
LogPluginManager: Mounting plugin Niagara
LogPluginManager: Mounting plugin MagicLeap
LogPluginManager: Mounting plugin MagicLeapLightEstimation
LogPluginManager: Mounting plugin MagicLeapMedia
LogPluginManager: Mounting plugin MagicLeapPassableWorld
LogPluginManager: Mounting plugin MLSDK
LogPluginManager: Mounting plugin AndroidMedia
LogPluginManager: Mounting plugin AvfMedia
LogPluginManager: Mounting plugin ImgMedia
LogPluginManager: Mounting plugin MediaCompositing
LogPluginManager: Mounting plugin MediaPlayerEditor
LogPluginManager: Mounting plugin WebMMedia
LogPluginManager: Mounting plugin WmfMedia
LogPluginManager: Mounting plugin MeshPainting
LogPluginManager: Mounting plugin TcpMessaging
LogPluginManager: Mounting plugin UdpMessaging
LogPluginManager: Mounting plugin ActorSequence
LogPluginManager: Mounting plugin LevelSequenceEditor
LogPluginManager: Mounting plugin MatineeToLevelSequence
LogPluginManager: Mounting plugin MovieRenderPipeline
LogPluginManager: Mounting plugin TemplateSequence
LogPluginManager: Mounting plugin NetcodeUnitTest
LogPluginManager: Mounting plugin NUTUnrealEngine4
LogPluginManager: Mounting plugin OnlineSubsystemGooglePlay
LogPluginManager: Mounting plugin OnlineSubsystemIOS
LogPluginManager: Mounting plugin OnlineSubsystem
LogPluginManager: Mounting plugin OnlineSubsystemNull
LogPluginManager: Mounting plugin OnlineSubsystemUtils
LogPluginManager: Mounting plugin LauncherChunkInstaller
LogPluginManager: Mounting plugin AndroidDeviceProfileSelector
LogPluginManager: Mounting plugin AndroidMoviePlayer
LogPluginManager: Mounting plugin AndroidPermission
LogPluginManager: Mounting plugin AppleImageUtils
LogPluginManager: Mounting plugin AppleMoviePlayer
LogPluginManager: Mounting plugin ArchVisCharacter
LogPluginManager: Mounting plugin AssetTags
LogPluginManager: Mounting plugin AudioCapture
LogPluginManager: Mounting plugin CableComponent
LogPluginManager: Mounting plugin CustomMeshComponent
LogPluginManager: Mounting plugin EditableMesh
LogPluginManager: Mounting plugin ExampleDeviceProfileSelector
LogPluginManager: Mounting plugin GoogleCloudMessaging
LogPluginManager: Mounting plugin GooglePAD
LogPluginManager: Mounting plugin IOSDeviceProfileSelector
LogPluginManager: Mounting plugin LinuxDeviceProfileSelector
LogPluginManager: Mounting plugin LocationServicesBPLibrary
LogPluginManager: Mounting plugin MobilePatchingUtils
LogPluginManager: Mounting plugin OculusVR
LogPluginManager: Mounting plugin PhysXVehicles
LogPluginManager: Mounting plugin PostSplashScreen
LogPluginManager: Mounting plugin ProceduralMeshComponent
LogPluginManager: Mounting plugin RuntimePhysXCooking
LogPluginManager: Mounting plugin SignificanceManager
LogPluginManager: Mounting plugin SoundFields
LogPluginManager: Mounting plugin SteamVR
LogPluginManager: Mounting plugin Synthesis
LogPluginManager: Mounting plugin WebMMoviePlayer
LogPluginManager: Mounting plugin WindowsMoviePlayer
LogPluginManager: Mounting plugin ScreenshotTools
LogInit: Using libcurl 7.55.1-DEV
LogInit:  - built for x86_64-pc-win32
LogInit:  - supports SSL with OpenSSL/1.1.1
LogInit:  - supports HTTP deflate (compression) using libz 1.2.8
LogInit:  - other features:
LogInit:      CURL_VERSION_SSL
LogInit:      CURL_VERSION_LIBZ
LogInit:      CURL_VERSION_IPV6
LogInit:      CURL_VERSION_ASYNCHDNS
LogInit:      CURL_VERSION_LARGEFILE
LogInit:      CURL_VERSION_IDN
LogInit:  CurlRequestOptions (configurable via config and command line):
LogInit:  - bVerifyPeer = true  - Libcurl will verify peer certificate
LogInit:  - bUseHttpProxy = false  - Libcurl will NOT use HTTP proxy
LogInit:  - bDontReuseConnections = false  - Libcurl will reuse connections
LogInit:  - MaxHostConnections = 16  - Libcurl will limit the number of connections to a host
LogInit:  - LocalHostAddr = Default
LogInit:  - BufferSize = 65536
LogOnline: OSS: Creating online subsystem instance for: NULL
LogInit: WinSock: version 1.1 (2.2), MaxSocks=32767, MaxUdp=65467
LogOnline: OSS: TryLoadSubsystemAndSetDefault: Loaded subsystem for module [NULL]
LogInit: Build: ++UE4+Release-4.25-CL-14469661
LogInit: Engine Version: 4.25.4-14469661+++UE4+Release-4.25
LogInit: Compatible Engine Version: 4.25.0-13144385+++UE4+Release-4.25
LogInit: Net CL: 13144385
LogInit: OS: Windows 10 (Release 1909) (), CPU: Intel(R) Core(TM) i7-6700 CPU @ 3.40GHz, GPU: NVIDIA GeForce GTX 980
LogInit: Compiled (64-bit): Oct 11 2020 08:10:49
LogInit: Compiled with Visual C++: 19.24.28315.00
LogInit: Build Configuration: Development
LogInit: Branch Name: ++UE4+Release-4.25
LogInit: Command Line:  /Game/JC_TEMP/DreadlordArea_JC_AI_PATROL_ADD -game -PIEVIACONSOLE -Multiprocess GameUserSettingsINI=D:/JcTemp/Projects/Unreal/CIU330-Major-Project/DeathStrikes/Saved/Config/Windows/PIEGameUserSettings0.ini -MultiprocessSaveConfig -MultiprocessOSS -messaging -SessionName="Play in Standalone Game" -windowed -ResX=1280 -ResY=720
LogInit: Base Directory: D:/UE_4.25/Engine/Binaries/Win64/
LogInit: Allocator: TBB
LogInit: Installed Engine Build: 1
LogDevObjectVersion: Number of dev versions registered: 26
LogDevObjectVersion:   Dev-Blueprints (B0D832E4-1F89-4F0D-ACCF-7EB736FD4AA2): 10
LogDevObjectVersion:   Dev-Build (E1C64328-A22C-4D53-A36C-8E866417BD8C): 0
LogDevObjectVersion:   Dev-Core (375EC13C-06E4-48FB-B500-84F0262A717E): 4
LogDevObjectVersion:   Dev-Editor (E4B068ED-F494-42E9-A231-DA0B2E46BB41): 38
LogDevObjectVersion:   Dev-Framework (CFFC743F-43B0-4480-9391-14DF171D2073): 37
LogDevObjectVersion:   Dev-Mobile (B02B49B5-BB20-44E9-A304-32B752E40360): 2
LogDevObjectVersion:   Dev-Networking (A4E4105C-59A1-49B5-A7C5-40C4547EDFEE): 0
LogDevObjectVersion:   Dev-Online (39C831C9-5AE6-47DC-9A44-9C173E1C8E7C): 0
LogDevObjectVersion:   Dev-Physics (78F01B33-EBEA-4F98-B9B4-84EACCB95AA2): 4
LogDevObjectVersion:   Dev-Platform (6631380F-2D4D-43E0-8009-CF276956A95A): 0
LogDevObjectVersion:   Dev-Rendering (12F88B9F-8875-4AFC-A67C-D90C383ABD29): 43
LogDevObjectVersion:   Dev-Sequencer (7B5AE74C-D270-4C10-A958-57980B212A5A): 12
LogDevObjectVersion:   Dev-VR (D7296918-1DD6-4BDD-9DE2-64A83CC13884): 3
LogDevObjectVersion:   Dev-LoadTimes (C2A15278-BFE7-4AFE-6C17-90FF531DF755): 1
LogDevObjectVersion:   Private-Geometry (6EACA3D4-40EC-4CC1-B786-8BED09428FC5): 3
LogDevObjectVersion:   Dev-AnimPhys (29E575DD-E0A3-4627-9D10-D276232CDCEA): 17
LogDevObjectVersion:   Dev-Anim (AF43A65D-7FD3-4947-9873-3E8ED9C1BB05): 7
LogDevObjectVersion:   Dev-ReflectionCapture (6B266CEC-1EC7-4B8F-A30B-E4D90942FC07): 1
LogDevObjectVersion:   Dev-Automation (0DF73D61-A23F-47EA-B727-89E90C41499A): 1
LogDevObjectVersion:   FortniteMain (601D1886-AC64-4F84-AA16-D3DE0DEAC7D6): 31
LogDevObjectVersion:   Dev-Enterprise (9DFFBCD6-494F-0158-E221-12823C92A888): 10
LogDevObjectVersion:   Dev-Niagara (F2AED0AC-9AFE-416F-8664-AA7FFA26D6FC): 1
LogDevObjectVersion:   Dev-Destruction (174F1F0B-B4C6-45A5-B13F-2EE8D0FB917D): 10
LogDevObjectVersion:   Dev-Physics-Ext (35F94A83-E258-406C-A318-09F59610247C): 37
LogDevObjectVersion:   Dev-PhysicsMaterial-Chaos (B68FC16E-8B1B-42E2-B453-215C058844FE): 1
LogDevObjectVersion:   Dev-CineCamera (B2E18506-4273-CFC2-A54E-F4BB758BBA07): 1
LogInit: Presizing for max 25165824 objects, including 0 objects not considered by GC, pre-allocating 0 bytes for permanent pool.
LogConfig: Applying CVar settings from Section [/Script/Engine.StreamingSettings] File [D:/JcTemp/Projects/Unreal/CIU330-Major-Project/DeathStrikes/Saved/Config/Windows/Engine.ini]
LogConfig: Setting CVar [[s.MinBulkDataSizeForAsyncLoading:131072]]
LogConfig: Setting CVar [[s.AsyncLoadingThreadEnabled:0]]
LogConfig: Setting CVar [[s.EventDrivenLoaderEnabled:1]]
LogConfig: Setting CVar [[s.WarnIfTimeLimitExceeded:0]]
LogConfig: Setting CVar [[s.TimeLimitExceededMultiplier:1.5]]
LogConfig: Setting CVar [[s.TimeLimitExceededMinTime:0.005]]
LogConfig: Setting CVar [[s.UseBackgroundLevelStreaming:1]]
LogConfig: Setting CVar [[s.PriorityAsyncLoadingExtraTime:15.0]]
LogConfig: Setting CVar [[s.LevelStreamingActorsUpdateTimeLimit:5.0]]
LogConfig: Setting CVar [[s.PriorityLevelStreamingActorsUpdateExtraTime:5.0]]
LogConfig: Setting CVar [[s.LevelStreamingComponentsRegistrationGranularity:10]]
LogConfig: Setting CVar [[s.UnregisterComponentsTimeLimit:1.0]]
LogConfig: Setting CVar [[s.LevelStreamingComponentsUnregistrationGranularity:5]]
LogConfig: Setting CVar [[s.FlushStreamingOnExit:1]]
LogInit: Object subsystem initialized
LogConfig: Setting CVar [[con.DebugEarlyDefault:1]]
LogConfig: Setting CVar [[r.setres:1280x720]]
[2021.04.21-08.36.19:978][  0]LogConfig: Setting CVar [[con.DebugEarlyDefault:1]]
[2021.04.21-08.36.19:978][  0]LogConfig: Setting CVar [[r.setres:1280x720]]
[2021.04.21-08.36.19:978][  0]LogConfig: Applying CVar settings from Section [/Script/Engine.RendererSettings] File [D:/JcTemp/Projects/Unreal/CIU330-Major-Project/DeathStrikes/Saved/Config/Windows/Engine.ini]
[2021.04.21-08.36.19:978][  0]LogConfig: Setting CVar [[r.GPUCrashDebugging:0]]
[2021.04.21-08.36.19:978][  0]LogConfig: Setting CVar [[r.DefaultFeature.AutoExposure:0]]
[2021.04.21-08.36.19:978][  0]LogConfig: Applying CVar settings from Section [/Script/Engine.RendererOverrideSettings] File [D:/JcTemp/Projects/Unreal/CIU330-Major-Project/DeathStrikes/Saved/Config/Windows/Engine.ini]
[2021.04.21-08.36.19:978][  0]LogConfig: Applying CVar settings from Section [/Script/Engine.StreamingSettings] File [D:/JcTemp/Projects/Unreal/CIU330-Major-Project/DeathStrikes/Saved/Config/Windows/Engine.ini]
[2021.04.21-08.36.19:978][  0]LogConfig: Setting CVar [[s.MinBulkDataSizeForAsyncLoading:131072]]
[2021.04.21-08.36.19:978][  0]LogConfig: Setting CVar [[s.AsyncLoadingThreadEnabled:0]]
[2021.04.21-08.36.19:978][  0]LogConfig: Setting CVar [[s.EventDrivenLoaderEnabled:1]]
[2021.04.21-08.36.19:978][  0]LogConfig: Setting CVar [[s.WarnIfTimeLimitExceeded:0]]
[2021.04.21-08.36.19:978][  0]LogConfig: Setting CVar [[s.TimeLimitExceededMultiplier:1.5]]
[2021.04.21-08.36.19:978][  0]LogConfig: Setting CVar [[s.TimeLimitExceededMinTime:0.005]]
[2021.04.21-08.36.19:978][  0]LogConfig: Setting CVar [[s.UseBackgroundLevelStreaming:1]]
[2021.04.21-08.36.19:978][  0]LogConfig: Setting CVar [[s.PriorityAsyncLoadingExtraTime:15.0]]
[2021.04.21-08.36.19:978][  0]LogConfig: Setting CVar [[s.LevelStreamingActorsUpdateTimeLimit:5.0]]
[2021.04.21-08.36.19:978][  0]LogConfig: Setting CVar [[s.PriorityLevelStreamingActorsUpdateExtraTime:5.0]]
[2021.04.21-08.36.19:978][  0]LogConfig: Setting CVar [[s.LevelStreamingComponentsRegistrationGranularity:10]]
[2021.04.21-08.36.19:978][  0]LogConfig: Setting CVar [[s.UnregisterComponentsTimeLimit:1.0]]
[2021.04.21-08.36.19:978][  0]LogConfig: Setting CVar [[s.LevelStreamingComponentsUnregistrationGranularity:5]]
[2021.04.21-08.36.19:979][  0]LogConfig: Setting CVar [[s.FlushStreamingOnExit:1]]
[2021.04.21-08.36.19:979][  0]LogConfig: Applying CVar settings from Section [/Script/Engine.GarbageCollectionSettings] File [D:/JcTemp/Projects/Unreal/CIU330-Major-Project/DeathStrikes/Saved/Config/Windows/Engine.ini]
[2021.04.21-08.36.19:979][  0]LogConfig: Setting CVar [[gc.MaxObjectsNotConsideredByGC:1]]
[2021.04.21-08.36.19:979][  0]LogConfig: Setting CVar [[gc.SizeOfPermanentObjectPool:0]]
[2021.04.21-08.36.19:979][  0]LogConfig: Setting CVar [[gc.FlushStreamingOnGC:0]]
[2021.04.21-08.36.19:979][  0]LogConfig: Setting CVar [[gc.NumRetriesBeforeForcingGC:10]]
[2021.04.21-08.36.19:979][  0]LogConfig: Setting CVar [[gc.AllowParallelGC:1]]
[2021.04.21-08.36.19:979][  0]LogConfig: Setting CVar [[gc.TimeBetweenPurgingPendingKillObjects:61.1]]
[2021.04.21-08.36.19:979][  0]LogConfig: Setting CVar [[gc.MaxObjectsInEditor:25165824]]
[2021.04.21-08.36.19:979][  0]LogConfig: Setting CVar [[gc.IncrementalBeginDestroyEnabled:1]]
[2021.04.21-08.36.19:979][  0]LogConfig: Setting CVar [[gc.CreateGCClusters:1]]
[2021.04.21-08.36.19:979][  0]LogConfig: Setting CVar [[gc.MinGCClusterSize:5]]
[2021.04.21-08.36.19:979][  0]LogConfig: Setting CVar [[gc.ActorClusteringEnabled:0]]
[2021.04.21-08.36.19:979][  0]LogConfig: Setting CVar [[gc.BlueprintClusteringEnabled:0]]
[2021.04.21-08.36.19:979][  0]LogConfig: Setting CVar [[gc.UseDisregardForGCOnDedicatedServers:0]]
[2021.04.21-08.36.19:979][  0]LogConfig: Applying CVar settings from Section [/Script/Engine.NetworkSettings] File [D:/JcTemp/Projects/Unreal/CIU330-Major-Project/DeathStrikes/Saved/Config/Windows/Engine.ini]
[2021.04.21-08.36.19:979][  0]LogConfig: Applying CVar settings from Section [/Script/UnrealEd.CookerSettings] File [D:/JcTemp/Projects/Unreal/CIU330-Major-Project/DeathStrikes/Saved/Config/Windows/Engine.ini]
[2021.04.21-08.36.19:982][  0]LogConfig: Applying CVar settings from Section [ViewDistanceQuality@3] File [D:/JcTemp/Projects/Unreal/CIU330-Major-Project/DeathStrikes/Saved/Config/Windows/Scalability.ini]
[2021.04.21-08.36.19:982][  0]LogConfig: Setting CVar [[r.SkeletalMeshLODBias:0]]
[2021.04.21-08.36.19:982][  0]LogConfig: Setting CVar [[r.ViewDistanceScale:1.0]]
[2021.04.21-08.36.19:982][  0]LogConfig: Applying CVar settings from Section [AntiAliasingQuality@3] File [D:/JcTemp/Projects/Unreal/CIU330-Major-Project/DeathStrikes/Saved/Config/Windows/Scalability.ini]
[2021.04.21-08.36.19:982][  0]LogConfig: Setting CVar [[r.PostProcessAAQuality:4]]
[2021.04.21-08.36.19:982][  0]LogConfig: Applying CVar settings from Section [ShadowQuality@3] File [D:/JcTemp/Projects/Unreal/CIU330-Major-Project/DeathStrikes/Saved/Config/Windows/Scalability.ini]
[2021.04.21-08.36.19:983][  0]LogConfig: Setting CVar [[r.LightFunctionQuality:1]]
[2021.04.21-08.36.19:983][  0]LogConfig: Setting CVar [[r.ShadowQuality:5]]
[2021.04.21-08.36.19:983][  0]LogConfig: Setting CVar [[r.Shadow.CSM.MaxCascades:10]]
[2021.04.21-08.36.19:983][  0]LogConfig: Setting CVar [[r.Shadow.MaxResolution:2048]]
[2021.04.21-08.36.19:983][  0]LogConfig: Setting CVar [[r.Shadow.MaxCSMResolution:2048]]
[2021.04.21-08.36.19:983][  0]LogConfig: Setting CVar [[r.Shadow.RadiusThreshold:0.01]]
[2021.04.21-08.36.19:983][  0]LogConfig: Setting CVar [[r.Shadow.DistanceScale:1.0]]
[2021.04.21-08.36.19:983][  0]LogConfig: Setting CVar [[r.Shadow.CSM.TransitionScale:1.0]]
[2021.04.21-08.36.19:983][  0]LogConfig: Setting CVar [[r.Shadow.PreShadowResolutionFactor:1.0]]
[2021.04.21-08.36.19:983][  0]LogConfig: Setting CVar [[r.DistanceFieldShadowing:1]]
[2021.04.21-08.36.19:983][  0]LogConfig: Setting CVar [[r.DistanceFieldAO:1]]
[2021.04.21-08.36.19:983][  0]LogConfig: Setting CVar [[r.AOQuality:2]]
[2021.04.21-08.36.19:983][  0]LogConfig: Setting CVar [[r.VolumetricFog:1]]
[2021.04.21-08.36.19:983][  0]LogConfig: Setting CVar [[r.VolumetricFog.GridPixelSize:8]]
[2021.04.21-08.36.19:983][  0]LogConfig: Setting CVar [[r.VolumetricFog.GridSizeZ:128]]
[2021.04.21-08.36.19:983][  0]LogConfig: Setting CVar [[r.VolumetricFog.HistoryMissSupersampleCount:4]]
[2021.04.21-08.36.19:983][  0]LogConfig: Setting CVar [[r.LightMaxDrawDistanceScale:1]]
[2021.04.21-08.36.19:983][  0]LogConfig: Setting CVar [[r.CapsuleShadows:1]]
[2021.04.21-08.36.19:983][  0]LogConfig: Applying CVar settings from Section [PostProcessQuality@3] File [D:/JcTemp/Projects/Unreal/CIU330-Major-Project/DeathStrikes/Saved/Config/Windows/Scalability.ini]
[2021.04.21-08.36.19:983][  0]LogConfig: Setting CVar [[r.MotionBlurQuality:4]]
[2021.04.21-08.36.19:983][  0]LogConfig: Setting CVar [[r.AmbientOcclusionMipLevelFactor:0.4]]
[2021.04.21-08.36.19:983][  0]LogConfig: Setting CVar [[r.AmbientOcclusionMaxQuality:100]]
[2021.04.21-08.36.19:983][  0]LogConfig: Setting CVar [[r.AmbientOcclusionLevels:-1]]
[2021.04.21-08.36.19:983][  0]LogConfig: Setting CVar [[r.AmbientOcclusionRadiusScale:1.0]]
[2021.04.21-08.36.19:983][  0]LogConfig: Setting CVar [[r.DepthOfFieldQuality:2]]
[2021.04.21-08.36.19:983][  0]LogConfig: Setting CVar [[r.RenderTargetPoolMin:400]]
[2021.04.21-08.36.19:983][  0]LogConfig: Setting CVar [[r.LensFlareQuality:2]]
[2021.04.21-08.36.19:983][  0]LogConfig: Setting CVar [[r.SceneColorFringeQuality:1]]
[2021.04.21-08.36.19:983][  0]LogConfig: Setting CVar [[r.EyeAdaptationQuality:2]]
[2021.04.21-08.36.19:983][  0]LogConfig: Setting CVar [[r.BloomQuality:5]]
[2021.04.21-08.36.19:983][  0]LogConfig: Setting CVar [[r.FastBlurThreshold:100]]
[2021.04.21-08.36.19:983][  0]LogConfig: Setting CVar [[r.Upscale.Quality:3]]
[2021.04.21-08.36.19:983][  0]LogConfig: Setting CVar [[r.Tonemapper.GrainQuantization:1]]
[2021.04.21-08.36.19:983][  0]LogConfig: Setting CVar [[r.LightShaftQuality:1]]
[2021.04.21-08.36.19:983][  0]LogConfig: Setting CVar [[r.Filter.SizeScale:1]]
[2021.04.21-08.36.19:983][  0]LogConfig: Setting CVar [[r.Tonemapper.Quality:5]]
[2021.04.21-08.36.19:983][  0]LogConfig: Setting CVar [[r.DOF.Gather.AccumulatorQuality:1        ; higher gathering accumulator quality]]
[2021.04.21-08.36.19:983][  0]LogConfig: Setting CVar [[r.DOF.Gather.PostfilterMethod:1          ; Median3x3 postfilering method]]
[2021.04.21-08.36.19:983][  0]LogConfig: Setting CVar [[r.DOF.Gather.EnableBokehSettings:0       ; no bokeh simulation when gathering]]
[2021.04.21-08.36.19:983][  0]LogConfig: Setting CVar [[r.DOF.Gather.RingCount:4                 ; medium number of samples when gathering]]
[2021.04.21-08.36.19:983][  0]LogConfig: Setting CVar [[r.DOF.Scatter.ForegroundCompositing:1    ; additive foreground scattering]]
[2021.04.21-08.36.19:983][  0]LogConfig: Setting CVar [[r.DOF.Scatter.BackgroundCompositing:2    ; additive background scattering]]
[2021.04.21-08.36.19:983][  0]LogConfig: Setting CVar [[r.DOF.Scatter.EnableBokehSettings:1      ; bokeh simulation when scattering]]
[2021.04.21-08.36.19:983][  0]LogConfig: Setting CVar [[r.DOF.Scatter.MaxSpriteRatio:0.1         ; only a maximum of 10% of scattered bokeh]]
[2021.04.21-08.36.19:983][  0]LogConfig: Setting CVar [[r.DOF.Recombine.Quality:1                ; cheap slight out of focus]]
[2021.04.21-08.36.19:983][  0]LogConfig: Setting CVar [[r.DOF.Recombine.EnableBokehSettings:0    ; no bokeh simulation on slight out of focus]]
[2021.04.21-08.36.19:983][  0]LogConfig: Setting CVar [[r.DOF.TemporalAAQuality:1                ; more stable temporal accumulation]]
[2021.04.21-08.36.19:983][  0]LogConfig: Setting CVar [[r.DOF.Kernel.MaxForegroundRadius:0.025]]
[2021.04.21-08.36.19:983][  0]LogConfig: Setting CVar [[r.DOF.Kernel.MaxBackgroundRadius:0.025]]
[2021.04.21-08.36.19:983][  0]LogConfig: Applying CVar settings from Section [TextureQuality@3] File [D:/JcTemp/Projects/Unreal/CIU330-Major-Project/DeathStrikes/Saved/Config/Windows/Scalability.ini]
[2021.04.21-08.36.19:984][  0]LogConfig: Setting CVar [[r.Streaming.MipBias:0]]
[2021.04.21-08.36.19:984][  0]LogConfig: Setting CVar [[r.Streaming.AmortizeCPUToGPUCopy:0]]
[2021.04.21-08.36.19:984][  0]LogConfig: Setting CVar [[r.Streaming.MaxNumTexturesToStreamPerFrame:0]]
[2021.04.21-08.36.19:984][  0]LogConfig: Setting CVar [[r.Streaming.Boost:1]]
[2021.04.21-08.36.19:984][  0]LogConfig: Setting CVar [[r.MaxAnisotropy:8]]
[2021.04.21-08.36.19:984][  0]LogConfig: Setting CVar [[r.VT.MaxAnisotropy:8]]
[2021.04.21-08.36.19:984][  0]LogConfig: Setting CVar [[r.Streaming.LimitPoolSizeToVRAM:0]]
[2021.04.21-08.36.19:984][  0]LogConfig: Setting CVar [[r.Streaming.PoolSize:1000]]
[2021.04.21-08.36.19:984][  0]LogConfig: Setting CVar [[r.Streaming.MaxEffectiveScreenSize:0]]
[2021.04.21-08.36.19:984][  0]LogConfig: Applying CVar settings from Section [EffectsQuality@3] File [D:/JcTemp/Projects/Unreal/CIU330-Major-Project/DeathStrikes/Saved/Config/Windows/Scalability.ini]
[2021.04.21-08.36.19:984][  0]LogConfig: Setting CVar [[r.TranslucencyLightingVolumeDim:64]]
[2021.04.21-08.36.19:984][  0]LogConfig: Setting CVar [[r.RefractionQuality:2]]
[2021.04.21-08.36.19:984][  0]LogConfig: Setting CVar [[r.SSR.Quality:3]]
[2021.04.21-08.36.19:984][  0]LogConfig: Setting CVar [[r.SSR.HalfResSceneColor:0]]
[2021.04.21-08.36.19:984][  0]LogConfig: Setting CVar [[r.SceneColorFormat:4]]
[2021.04.21-08.36.19:984][  0]LogConfig: Setting CVar [[r.DetailMode:2]]
[2021.04.21-08.36.19:984][  0]LogConfig: Setting CVar [[r.TranslucencyVolumeBlur:1]]
[2021.04.21-08.36.19:984][  0]LogConfig: Setting CVar [[r.MaterialQualityLevel:1 ; High quality]]
[2021.04.21-08.36.19:984][  0]LogConfig: Setting CVar [[r.SSS.Scale:1]]
[2021.04.21-08.36.19:984][  0]LogConfig: Setting CVar [[r.SSS.SampleSet:2]]
[2021.04.21-08.36.19:984][  0]LogConfig: Setting CVar [[r.SSS.Quality:1]]
[2021.04.21-08.36.19:984][  0]LogConfig: Setting CVar [[r.SSS.HalfRes:0]]
[2021.04.21-08.36.19:984][  0]LogConfig: Setting CVar [[r.SSGI.Quality:3]]
[2021.04.21-08.36.19:984][  0]LogConfig: Setting CVar [[r.EmitterSpawnRateScale:1.0]]
[2021.04.21-08.36.19:984][  0]LogConfig: Setting CVar [[r.ParticleLightQuality:2]]
[2021.04.21-08.36.19:984][  0]LogConfig: Setting CVar [[r.SkyAtmosphere.AerialPerspectiveLUT.FastApplyOnOpaque:1 ; Always have FastSkyLUT 1 in this case to avoid wrong sky]]
[2021.04.21-08.36.19:984][  0]LogConfig: Setting CVar [[r.SkyAtmosphere.AerialPerspectiveLUT.SampleCountPerSlice:1]]
[2021.04.21-08.36.19:984][  0]LogConfig: Setting CVar [[r.SkyAtmosphere.AerialPerspectiveLUT.DepthResolution:16.0]]
[2021.04.21-08.36.19:984][  0]LogConfig: Setting CVar [[r.SkyAtmosphere.FastSkyLUT:1]]
[2021.04.21-08.36.19:984][  0]LogConfig: Setting CVar [[r.SkyAtmosphere.FastSkyLUT.SampleCountMin:4.0]]
[2021.04.21-08.36.19:984][  0]LogConfig: Setting CVar [[r.SkyAtmosphere.FastSkyLUT.SampleCountMax:32.0]]
[2021.04.21-08.36.19:984][  0]LogConfig: Setting CVar [[r.SkyAtmosphere.SampleCountMin:4.0]]
[2021.04.21-08.36.19:984][  0]LogConfig: Setting CVar [[r.SkyAtmosphere.SampleCountMax:32.0]]
[2021.04.21-08.36.19:984][  0]LogConfig: Setting CVar [[r.SkyAtmosphere.TransmittanceLUT.UseSmallFormat:0]]
[2021.04.21-08.36.19:984][  0]LogConfig: Setting CVar [[r.SkyAtmosphere.TransmittanceLUT.SampleCount:10.0]]
[2021.04.21-08.36.19:984][  0]LogConfig: Setting CVar [[r.SkyAtmosphere.MultiScatteringLUT.SampleCount:15.0]]
[2021.04.21-08.36.19:984][  0]LogConfig: Applying CVar settings from Section [FoliageQuality@3] File [D:/JcTemp/Projects/Unreal/CIU330-Major-Project/DeathStrikes/Saved/Config/Windows/Scalability.ini]
[2021.04.21-08.36.19:984][  0]LogConfig: Setting CVar [[foliage.DensityScale:1.0]]
[2021.04.21-08.36.19:984][  0]LogConfig: Setting CVar [[grass.DensityScale:1.0]]
[2021.04.21-08.36.19:984][  0]LogConfig: Applying CVar settings from Section [ShadingQuality@3] File [D:/JcTemp/Projects/Unreal/CIU330-Major-Project/DeathStrikes/Saved/Config/Windows/Scalability.ini]
[2021.04.21-08.36.19:984][  0]LogConfig: Setting CVar [[r.HairStrands.SkyLighting.SampleCount:16]]
[2021.04.21-08.36.19:984][  0]LogConfig: Setting CVar [[r.HairStrands.SkyLighting.JitterIntegration:0]]
[2021.04.21-08.36.19:984][  0]LogConfig: Setting CVar [[r.HairStrands.SkyAO.SampleCount:16]]
[2021.04.21-08.36.19:984][  0]LogConfig: Setting CVar [[r.HairStrands.DeepShadow.SuperSampling:0]]
[2021.04.21-08.36.19:984][  0]LogConfig: Setting CVar [[r.HairStrands.VisibilityPPLL:0]]
[2021.04.21-08.36.19:984][  0]LogConfig: Setting CVar [[r.HairStrands.RasterizationScale:0.5]]
[2021.04.21-08.36.19:984][  0]LogConfig: Setting CVar [[r.HairStrands.VelocityRasterizationScale:1]]
[2021.04.21-08.36.19:984][  0]LogInit: Selected Device Profile: [Windows]
[2021.04.21-08.36.19:984][  0]LogInit: Applying CVar settings loaded from the selected device profile: [Windows]
[2021.04.21-08.36.19:984][  0]LogHAL: Display: Platform has ~ 32 GB [34270777344 / 34359738368 / 32], which maps to Largest [LargestMinGB=32, LargerMinGB=12, DefaultMinGB=8, SmallerMinGB=6, SmallestMinGB=0)
[2021.04.21-08.36.19:984][  0]LogInit: Going up to parent DeviceProfile []
[2021.04.21-08.36.19:985][  0]LogConfig: Applying CVar settings from Section [ViewDistanceQuality@3] File [D:/JcTemp/Projects/Unreal/CIU330-Major-Project/DeathStrikes/Saved/Config/Windows/Scalability.ini]
[2021.04.21-08.36.19:985][  0]LogConfig: Setting CVar [[r.SkeletalMeshLODBias:0]]
[2021.04.21-08.36.19:985][  0]LogConfig: Setting CVar [[r.ViewDistanceScale:1.0]]
[2021.04.21-08.36.19:985][  0]LogConfig: Applying CVar settings from Section [AntiAliasingQuality@3] File [D:/JcTemp/Projects/Unreal/CIU330-Major-Project/DeathStrikes/Saved/Config/Windows/Scalability.ini]
[2021.04.21-08.36.19:985][  0]LogConfig: Setting CVar [[r.PostProcessAAQuality:4]]
[2021.04.21-08.36.19:985][  0]LogConfig: Applying CVar settings from Section [ShadowQuality@3] File [D:/JcTemp/Projects/Unreal/CIU330-Major-Project/DeathStrikes/Saved/Config/Windows/Scalability.ini]
[2021.04.21-08.36.19:985][  0]LogConfig: Setting CVar [[r.LightFunctionQuality:1]]
[2021.04.21-08.36.19:985][  0]LogConfig: Setting CVar [[r.ShadowQuality:5]]
[2021.04.21-08.36.19:985][  0]LogConfig: Setting CVar [[r.Shadow.CSM.MaxCascades:10]]
[2021.04.21-08.36.19:985][  0]LogConfig: Setting CVar [[r.Shadow.MaxResolution:2048]]
[2021.04.21-08.36.19:985][  0]LogConfig: Setting CVar [[r.Shadow.MaxCSMResolution:2048]]
[2021.04.21-08.36.19:985][  0]LogConfig: Setting CVar [[r.Shadow.RadiusThreshold:0.01]]
[2021.04.21-08.36.19:985][  0]LogConfig: Setting CVar [[r.Shadow.DistanceScale:1.0]]
[2021.04.21-08.36.19:985][  0]LogConfig: Setting CVar [[r.Shadow.CSM.TransitionScale:1.0]]
[2021.04.21-08.36.19:985][  0]LogConfig: Setting CVar [[r.Shadow.PreShadowResolutionFactor:1.0]]
[2021.04.21-08.36.19:985][  0]LogConfig: Setting CVar [[r.DistanceFieldShadowing:1]]
[2021.04.21-08.36.19:985][  0]LogConfig: Setting CVar [[r.DistanceFieldAO:1]]
[2021.04.21-08.36.19:985][  0]LogConfig: Setting CVar [[r.AOQuality:2]]
[2021.04.21-08.36.19:985][  0]LogConfig: Setting CVar [[r.VolumetricFog:1]]
[2021.04.21-08.36.19:985][  0]LogConfig: Setting CVar [[r.VolumetricFog.GridPixelSize:8]]
[2021.04.21-08.36.19:985][  0]LogConfig: Setting CVar [[r.VolumetricFog.GridSizeZ:128]]
[2021.04.21-08.36.19:985][  0]LogConfig: Setting CVar [[r.VolumetricFog.HistoryMissSupersampleCount:4]]
[2021.04.21-08.36.19:985][  0]LogConfig: Setting CVar [[r.LightMaxDrawDistanceScale:1]]
[2021.04.21-08.36.19:985][  0]LogConfig: Setting CVar [[r.CapsuleShadows:1]]
[2021.04.21-08.36.19:985][  0]LogConfig: Applying CVar settings from Section [PostProcessQuality@3] File [D:/JcTemp/Projects/Unreal/CIU330-Major-Project/DeathStrikes/Saved/Config/Windows/Scalability.ini]
[2021.04.21-08.36.19:985][  0]LogConfig: Setting CVar [[r.MotionBlurQuality:4]]
[2021.04.21-08.36.19:985][  0]LogConfig: Setting CVar [[r.AmbientOcclusionMipLevelFactor:0.4]]
[2021.04.21-08.36.19:985][  0]LogConfig: Setting CVar [[r.AmbientOcclusionMaxQuality:100]]
[2021.04.21-08.36.19:985][  0]LogConfig: Setting CVar [[r.AmbientOcclusionLevels:-1]]
[2021.04.21-08.36.19:985][  0]LogConfig: Setting CVar [[r.AmbientOcclusionRadiusScale:1.0]]
[2021.04.21-08.36.19:985][  0]LogConfig: Setting CVar [[r.DepthOfFieldQuality:2]]
[2021.04.21-08.36.19:985][  0]LogConfig: Setting CVar [[r.RenderTargetPoolMin:400]]
[2021.04.21-08.36.19:985][  0]LogConfig: Setting CVar [[r.LensFlareQuality:2]]
[2021.04.21-08.36.19:985][  0]LogConfig: Setting CVar [[r.SceneColorFringeQuality:1]]
[2021.04.21-08.36.19:985][  0]LogConfig: Setting CVar [[r.EyeAdaptationQuality:2]]
[2021.04.21-08.36.19:985][  0]LogConfig: Setting CVar [[r.BloomQuality:5]]
[2021.04.21-08.36.19:985][  0]LogConfig: Setting CVar [[r.FastBlurThreshold:100]]
[2021.04.21-08.36.19:985][  0]LogConfig: Setting CVar [[r.Upscale.Quality:3]]
[2021.04.21-08.36.19:985][  0]LogConfig: Setting CVar [[r.Tonemapper.GrainQuantization:1]]
[2021.04.21-08.36.19:985][  0]LogConfig: Setting CVar [[r.LightShaftQuality:1]]
[2021.04.21-08.36.19:985][  0]LogConfig: Setting CVar [[r.Filter.SizeScale:1]]
[2021.04.21-08.36.19:985][  0]LogConfig: Setting CVar [[r.Tonemapper.Quality:5]]
[2021.04.21-08.36.19:985][  0]LogConfig: Setting CVar [[r.DOF.Gather.AccumulatorQuality:1        ; higher gathering accumulator quality]]
[2021.04.21-08.36.19:985][  0]LogConfig: Setting CVar [[r.DOF.Gather.PostfilterMethod:1          ; Median3x3 postfilering method]]
[2021.04.21-08.36.19:985][  0]LogConfig: Setting CVar [[r.DOF.Gather.EnableBokehSettings:0       ; no bokeh simulation when gathering]]
[2021.04.21-08.36.19:985][  0]LogConfig: Setting CVar [[r.DOF.Gather.RingCount:4                 ; medium number of samples when gathering]]
[2021.04.21-08.36.19:985][  0]LogConfig: Setting CVar [[r.DOF.Scatter.ForegroundCompositing:1    ; additive foreground scattering]]
[2021.04.21-08.36.19:985][  0]LogConfig: Setting CVar [[r.DOF.Scatter.BackgroundCompositing:2    ; additive background scattering]]
[2021.04.21-08.36.19:985][  0]LogConfig: Setting CVar [[r.DOF.Scatter.EnableBokehSettings:1      ; bokeh simulation when scattering]]
[2021.04.21-08.36.19:985][  0]LogConfig: Setting CVar [[r.DOF.Scatter.MaxSpriteRatio:0.1         ; only a maximum of 10% of scattered bokeh]]
[2021.04.21-08.36.19:985][  0]LogConfig: Setting CVar [[r.DOF.Recombine.Quality:1                ; cheap slight out of focus]]
[2021.04.21-08.36.19:985][  0]LogConfig: Setting CVar [[r.DOF.Recombine.EnableBokehSettings:0    ; no bokeh simulation on slight out of focus]]
[2021.04.21-08.36.19:985][  0]LogConfig: Setting CVar [[r.DOF.TemporalAAQuality:1                ; more stable temporal accumulation]]
[2021.04.21-08.36.19:985][  0]LogConfig: Setting CVar [[r.DOF.Kernel.MaxForegroundRadius:0.025]]
[2021.04.21-08.36.19:985][  0]LogConfig: Setting CVar [[r.DOF.Kernel.MaxBackgroundRadius:0.025]]
[2021.04.21-08.36.19:985][  0]LogConfig: Applying CVar settings from Section [TextureQuality@3] File [D:/JcTemp/Projects/Unreal/CIU330-Major-Project/DeathStrikes/Saved/Config/Windows/Scalability.ini]
[2021.04.21-08.36.19:985][  0]LogConfig: Setting CVar [[r.Streaming.MipBias:0]]
[2021.04.21-08.36.19:985][  0]LogConfig: Setting CVar [[r.Streaming.AmortizeCPUToGPUCopy:0]]
[2021.04.21-08.36.19:985][  0]LogConfig: Setting CVar [[r.Streaming.MaxNumTexturesToStreamPerFrame:0]]
[2021.04.21-08.36.19:985][  0]LogConfig: Setting CVar [[r.Streaming.Boost:1]]
[2021.04.21-08.36.19:985][  0]LogConfig: Setting CVar [[r.MaxAnisotropy:8]]
[2021.04.21-08.36.19:985][  0]LogConfig: Setting CVar [[r.VT.MaxAnisotropy:8]]
[2021.04.21-08.36.19:986][  0]LogConfig: Setting CVar [[r.Streaming.LimitPoolSizeToVRAM:0]]
[2021.04.21-08.36.19:986][  0]LogConfig: Setting CVar [[r.Streaming.PoolSize:1000]]
[2021.04.21-08.36.19:986][  0]LogConfig: Setting CVar [[r.Streaming.MaxEffectiveScreenSize:0]]
[2021.04.21-08.36.19:986][  0]LogConfig: Applying CVar settings from Section [EffectsQuality@3] File [D:/JcTemp/Projects/Unreal/CIU330-Major-Project/DeathStrikes/Saved/Config/Windows/Scalability.ini]
[2021.04.21-08.36.19:986][  0]LogConfig: Setting CVar [[r.TranslucencyLightingVolumeDim:64]]
[2021.04.21-08.36.19:986][  0]LogConfig: Setting CVar [[r.RefractionQuality:2]]
[2021.04.21-08.36.19:986][  0]LogConfig: Setting CVar [[r.SSR.Quality:3]]
[2021.04.21-08.36.19:986][  0]LogConfig: Setting CVar [[r.SSR.HalfResSceneColor:0]]
[2021.04.21-08.36.19:986][  0]LogConfig: Setting CVar [[r.SceneColorFormat:4]]
[2021.04.21-08.36.19:986][  0]LogConfig: Setting CVar [[r.DetailMode:2]]
[2021.04.21-08.36.19:986][  0]LogConfig: Setting CVar [[r.TranslucencyVolumeBlur:1]]
[2021.04.21-08.36.19:986][  0]LogConfig: Setting CVar [[r.MaterialQualityLevel:1 ; High quality]]
[2021.04.21-08.36.19:986][  0]LogConfig: Setting CVar [[r.SSS.Scale:1]]
[2021.04.21-08.36.19:986][  0]LogConfig: Setting CVar [[r.SSS.SampleSet:2]]
[2021.04.21-08.36.19:986][  0]LogConfig: Setting CVar [[r.SSS.Quality:1]]
[2021.04.21-08.36.19:986][  0]LogConfig: Setting CVar [[r.SSS.HalfRes:0]]
[2021.04.21-08.36.19:986][  0]LogConfig: Setting CVar [[r.SSGI.Quality:3]]
[2021.04.21-08.36.19:986][  0]LogConfig: Setting CVar [[r.EmitterSpawnRateScale:1.0]]
[2021.04.21-08.36.19:986][  0]LogConfig: Setting CVar [[r.ParticleLightQuality:2]]
[2021.04.21-08.36.19:986][  0]LogConfig: Setting CVar [[r.SkyAtmosphere.AerialPerspectiveLUT.FastApplyOnOpaque:1 ; Always have FastSkyLUT 1 in this case to avoid wrong sky]]
[2021.04.21-08.36.19:986][  0]LogConfig: Setting CVar [[r.SkyAtmosphere.AerialPerspectiveLUT.SampleCountPerSlice:1]]
[2021.04.21-08.36.19:986][  0]LogConfig: Setting CVar [[r.SkyAtmosphere.AerialPerspectiveLUT.DepthResolution:16.0]]
[2021.04.21-08.36.19:986][  0]LogConfig: Setting CVar [[r.SkyAtmosphere.FastSkyLUT:1]]
[2021.04.21-08.36.19:986][  0]LogConfig: Setting CVar [[r.SkyAtmosphere.FastSkyLUT.SampleCountMin:4.0]]
[2021.04.21-08.36.19:986][  0]LogConfig: Setting CVar [[r.SkyAtmosphere.FastSkyLUT.SampleCountMax:32.0]]
[2021.04.21-08.36.19:986][  0]LogConfig: Setting CVar [[r.SkyAtmosphere.SampleCountMin:4.0]]
[2021.04.21-08.36.19:986][  0]LogConfig: Setting CVar [[r.SkyAtmosphere.SampleCountMax:32.0]]
[2021.04.21-08.36.19:986][  0]LogConfig: Setting CVar [[r.SkyAtmosphere.TransmittanceLUT.UseSmallFormat:0]]
[2021.04.21-08.36.19:986][  0]LogConfig: Setting CVar [[r.SkyAtmosphere.TransmittanceLUT.SampleCount:10.0]]
[2021.04.21-08.36.19:986][  0]LogConfig: Setting CVar [[r.SkyAtmosphere.MultiScatteringLUT.SampleCount:15.0]]
[2021.04.21-08.36.19:986][  0]LogConfig: Applying CVar settings from Section [FoliageQuality@3] File [D:/JcTemp/Projects/Unreal/CIU330-Major-Project/DeathStrikes/Saved/Config/Windows/Scalability.ini]
[2021.04.21-08.36.19:986][  0]LogConfig: Setting CVar [[foliage.DensityScale:1.0]]
[2021.04.21-08.36.19:986][  0]LogConfig: Setting CVar [[grass.DensityScale:1.0]]
[2021.04.21-08.36.19:986][  0]LogConfig: Applying CVar settings from Section [ShadingQuality@3] File [D:/JcTemp/Projects/Unreal/CIU330-Major-Project/DeathStrikes/Saved/Config/Windows/Scalability.ini]
[2021.04.21-08.36.19:986][  0]LogConfig: Setting CVar [[r.HairStrands.SkyLighting.SampleCount:16]]
[2021.04.21-08.36.19:986][  0]LogConfig: Setting CVar [[r.HairStrands.SkyLighting.JitterIntegration:0]]
[2021.04.21-08.36.19:986][  0]LogConfig: Setting CVar [[r.HairStrands.SkyAO.SampleCount:16]]
[2021.04.21-08.36.19:986][  0]LogConfig: Setting CVar [[r.HairStrands.DeepShadow.SuperSampling:0]]
[2021.04.21-08.36.19:986][  0]LogConfig: Setting CVar [[r.HairStrands.VisibilityPPLL:0]]
[2021.04.21-08.36.19:986][  0]LogConfig: Setting CVar [[r.HairStrands.RasterizationScale:0.5]]
[2021.04.21-08.36.19:986][  0]LogConfig: Setting CVar [[r.HairStrands.VelocityRasterizationScale:1]]
[2021.04.21-08.36.19:986][  0]LogConfig: Applying CVar settings from Section [Startup] File [../../../Engine/Config/ConsoleVariables.ini]
[2021.04.21-08.36.19:986][  0]LogConfig: Setting CVar [[net.UseAdaptiveNetUpdateFrequency:0]]
[2021.04.21-08.36.19:987][  0]LogConfig: Setting CVar [[p.chaos.AllowCreatePhysxBodies:1]]
[2021.04.21-08.36.19:987][  0]LogConfig: Setting CVar [[fx.SkipVectorVMBackendOptimizations:1]]
[2021.04.21-08.36.19:987][  0]LogConfig: Applying CVar settings from Section [ConsoleVariables] File [D:/JcTemp/Projects/Unreal/CIU330-Major-Project/DeathStrikes/Saved/Config/Windows/Engine.ini]
[2021.04.21-08.36.19:987][  0]LogInit: Computer: SYD-R101-PC13
[2021.04.21-08.36.19:987][  0]LogInit: User: jfcraig
[2021.04.21-08.36.19:987][  0]LogInit: CPU Page size=4096, Cores=4
[2021.04.21-08.36.19:987][  0]LogInit: High frequency timer resolution =10.000000 MHz
[2021.04.21-08.36.19:987][  0]LogMemory: Memory total: Physical=31.9GB (32GB approx)
[2021.04.21-08.36.19:987][  0]LogMemory: Platform Memory Stats for Windows
[2021.04.21-08.36.19:987][  0]LogMemory: Process Physical Memory: 119.81 MB used, 119.81 MB peak
[2021.04.21-08.36.19:987][  0]LogMemory: Process Virtual Memory: 104.55 MB used, 104.55 MB peak
[2021.04.21-08.36.19:987][  0]LogMemory: Physical Memory: 12369.35 MB used,  20313.81 MB free, 32683.16 MB total
[2021.04.21-08.36.19:987][  0]LogMemory: Virtual Memory: 5152.52 MB used,  134212576.00 MB free, 134217728.00 MB total
[2021.04.21-08.36.19:993][  0]LogWindows: WindowsPlatformFeatures enabled
[2021.04.21-08.36.20:042][  0]LogInit: Physics initialised using underlying interface: PhysX
[2021.04.21-08.36.20:042][  0]LogInit: Using OS detected language (en-US).
[2021.04.21-08.36.20:042][  0]LogInit: Using OS detected locale (en-AU).
[2021.04.21-08.36.20:044][  0]LogTextLocalizationManager: No specific localization for 'en-US' exists, so the 'en' localization will be used.
[2021.04.21-08.36.20:321][  0]LogSlate: New Slate User Created.  User Index 0, Is Virtual User: 0
[2021.04.21-08.36.20:321][  0]LogSlate: Slate User Registered.  User Index 0, Is Virtual User: 0
[2021.04.21-08.36.20:330][  0]LogHMD: Failed to initialize OpenVR with code 110
[2021.04.21-08.36.20:330][  0]LogD3D11RHI: D3D11 min allowed feature level: 11_0
[2021.04.21-08.36.20:330][  0]LogD3D11RHI: D3D11 max allowed feature level: 11_0
[2021.04.21-08.36.20:331][  0]LogD3D11RHI: D3D11 adapters:
[2021.04.21-08.36.20:402][  0]LogD3D11RHI:    0. 'NVIDIA GeForce GTX 980' (Feature Level 11_0)
[2021.04.21-08.36.20:402][  0]LogD3D11RHI:       4053/0/16341 MB DedicatedVideo/DedicatedSystem/SharedSystem, Outputs:1, VendorId:0x10de
[2021.04.21-08.36.20:406][  0]LogD3D11RHI:    1. 'Microsoft Basic Render Driver' (Feature Level 11_0)
[2021.04.21-08.36.20:406][  0]LogD3D11RHI:       0/0/16341 MB DedicatedVideo/DedicatedSystem/SharedSystem, Outputs:0, VendorId:0x1414
[2021.04.21-08.36.20:406][  0]LogD3D11RHI: Chosen D3D11 Adapter: 0
[2021.04.21-08.36.20:416][  0]LogD3D11RHI: Creating new Direct3DDevice
[2021.04.21-08.36.20:416][  0]LogD3D11RHI:     GPU DeviceId: 0x13c0 (for the marketing name, search the web for "GPU Device Id")
[2021.04.21-08.36.20:416][  0]LogWindows: EnumDisplayDevices:
[2021.04.21-08.36.20:416][  0]LogWindows:    0. 'NVIDIA GeForce GTX 980' (P:1 D:1)
[2021.04.21-08.36.20:417][  0]LogWindows:    1. 'NVIDIA GeForce GTX 980' (P:0 D:0)
[2021.04.21-08.36.20:418][  0]LogWindows:    2. 'NVIDIA GeForce GTX 980' (P:0 D:0)
[2021.04.21-08.36.20:418][  0]LogWindows:    3. 'NVIDIA GeForce GTX 980' (P:0 D:0)
[2021.04.21-08.36.20:419][  0]LogWindows: DebugString: FoundDriverCount:4 
[2021.04.21-08.36.20:419][  0]LogD3D11RHI:     Adapter Name: NVIDIA GeForce GTX 980
[2021.04.21-08.36.20:419][  0]LogD3D11RHI:   Driver Version: 441.87 (internal:26.21.14.4187, unified:441.87)
[2021.04.21-08.36.20:419][  0]LogD3D11RHI:      Driver Date: 12-24-2019
[2021.04.21-08.36.20:419][  0]LogRHI: Texture pool is 2837 MB (70% of 4053 MB)
[2021.04.21-08.36.20:463][  0]LogD3D11RHI: RHI has support for 64 bit atomics
[2021.04.21-08.36.20:463][  0]LogD3D11RHI: Async texture creation enabled
[2021.04.21-08.36.20:463][  0]LogD3D11RHI: Array index from any shader is supported
[2021.04.21-08.36.20:479][  0]LogD3D11RHI: GPU Timing Frequency: 1000.000000 (Debug: 2 1)
[2021.04.21-08.36.20:885][  0]LogTargetPlatformManager: Display: Loaded TargetPlatform 'WindowsNoEditor'
[2021.04.21-08.36.20:890][  0]LogTargetPlatformManager: Display: Loaded TargetPlatform 'Windows'
[2021.04.21-08.36.20:904][  0]LogTargetPlatformManager: Display: Loaded TargetPlatform 'WindowsClient'
[2021.04.21-08.36.20:914][  0]LogTargetPlatformManager: Display: Loaded TargetPlatform 'WindowsServer'
[2021.04.21-08.36.20:914][  0]LogTargetPlatformManager: Display: Building Assets For Windows
[2021.04.21-08.36.20:925][  0]LogAudioDebug: Display: Lib vorbis DLL was dynamically loaded.
[2021.04.21-08.36.20:986][  0]LogShaderCompilers: Guid format shader working directory is -24 characters bigger than the processId version (../../../../JcTemp/Projects/Unreal/CIU330-Major-Project/DeathStrikes/Intermediate/Shaders/WorkingDirectory/13656/).
[2021.04.21-08.36.20:986][  0]LogShaderCompilers: Cleaned the shader compiler working directory 'C:/Users/TEMP/AppData/Local/Temp/UnrealShaderWorkingDir/20DD8A8344D2E8CF4D9E6EA2107E307C/'.
[2021.04.21-08.36.20:988][  0]LogShaderCompilers: Display: Using XGE Shader Compiler (Interception Interface).
[2021.04.21-08.36.21:855][  0]LogDerivedDataCache: Display: Max Cache Size: 512 MB
[2021.04.21-08.36.21:904][  0]LogDerivedDataCache: Loaded boot cache 0.05s 75MB C:/Users/TEMP/AppData/Local/UnrealEngine/4.25/DerivedDataCache/Boot.ddc.
[2021.04.21-08.36.21:904][  0]LogDerivedDataCache: Display: Loaded Boot cache: C:/Users/TEMP/AppData/Local/UnrealEngine/4.25/DerivedDataCache/Boot.ddc
[2021.04.21-08.36.21:904][  0]LogDerivedDataCache: FDerivedDataBackendGraph:  Pak pak cache file ../../../../JcTemp/Projects/Unreal/CIU330-Major-Project/DeathStrikes/DerivedDataCache/DDC.ddp not found, will not use a pak cache.
[2021.04.21-08.36.21:904][  0]LogDerivedDataCache: Unable to find inner node Pak for hierarchical cache Hierarchy.
[2021.04.21-08.36.21:904][  0]LogDerivedDataCache: FDerivedDataBackendGraph:  CompressedPak pak cache file ../../../../JcTemp/Projects/Unreal/CIU330-Major-Project/DeathStrikes/DerivedDataCache/Compressed.ddp not found, will not use a pak cache.
[2021.04.21-08.36.21:904][  0]LogDerivedDataCache: Unable to find inner node CompressedPak for hierarchical cache Hierarchy.
[2021.04.21-08.36.21:914][  0]LogDerivedDataCache: Display: Pak cache opened for reading ../../../Engine/DerivedDataCache/Compressed.ddp.
[2021.04.21-08.36.21:914][  0]LogDerivedDataCache: FDerivedDataBackendGraph:  EnterprisePak pak cache file ../../../Enterprise/DerivedDataCache/Compressed.ddp not found, will not use a pak cache.
[2021.04.21-08.36.21:914][  0]LogDerivedDataCache: Unable to find inner node EnterprisePak for hierarchical cache Hierarchy.
[2021.04.21-08.36.21:916][  0]LogDerivedDataCache: Using Local data cache path C:/Users/TEMP/AppData/Local/UnrealEngine/Common/DerivedDataCache: Writable
[2021.04.21-08.36.21:916][  0]LogDerivedDataCache: Shared data cache path not found in *engine.ini, will not use an Shared cache.
[2021.04.21-08.36.21:916][  0]LogDerivedDataCache: Unable to find inner node Shared for hierarchical cache Hierarchy.
[2021.04.21-08.36.21:957][  0]LogSlate: Using FreeType 2.10.0
[2021.04.21-08.36.21:958][  0]LogSlate: SlateFontServices - WITH_FREETYPE: 1, WITH_HARFBUZZ: 1
[2021.04.21-08.36.22:043][  0]LogInit: Using OS detected language (en-US).
[2021.04.21-08.36.22:043][  0]LogInit: Using OS detected locale (en-AU).
[2021.04.21-08.36.22:043][  0]LogTextLocalizationManager: No localization for 'en-US' exists, so 'en' will be used for the language.
[2021.04.21-08.36.22:043][  0]LogTextLocalizationManager: No localization for 'en-AU' exists, so 'en' will be used for the locale.
[2021.04.21-08.36.22:043][  0]LogSlate: FontCache flush requested. Reason: Culture for localization was changed
[2021.04.21-08.36.22:043][  0]LogSlate: FontCache flush requested. Reason: Culture for localization was changed
[2021.04.21-08.36.22:044][  0]LogTextLocalizationManager: Compacting localization data took   0.00ms
[2021.04.21-08.36.22:047][  0]LogAssetRegistry: FAssetRegistry took 0.0015 seconds to start up
[2021.04.21-08.36.22:212][  0]LogPackageLocalizationCache: Processed 19 localized package path(s) for 1 prioritized culture(s) in 0.000685 seconds
[2021.04.21-08.36.22:258][  0]LogInit: Selected Device Profile: [Windows]
[2021.04.21-08.36.22:363][  0]LogMeshReduction: Using QuadricMeshReduction for automatic static mesh reduction
[2021.04.21-08.36.22:363][  0]LogMeshReduction: Using SimplygonMeshReduction for automatic skeletal mesh reduction
[2021.04.21-08.36.22:363][  0]LogMeshReduction: Using ProxyLODMeshReduction for automatic mesh merging
[2021.04.21-08.36.22:363][  0]LogMeshReduction: No distributed automatic mesh merging module available
[2021.04.21-08.36.22:363][  0]LogMeshMerging: No distributed automatic mesh merging module available
[2021.04.21-08.36.22:377][  0]LogNetVersion: DeathStrikes 1.0.0, NetCL: 13144385, EngineNetVer: 14, GameNetVer: 0 (Checksum: 3077566668)
[2021.04.21-08.36.22:627][  0]LogAISub: UAISubsystem::UAISubsystem AISubsystem (000001D30A197A00), frame # 0
[2021.04.21-08.36.22:627][  0]LogAISub: UAISubsystem::UAISubsystem AIPerceptionSystem (000001D30A1A91C0), frame # 0
[2021.04.21-08.36.22:628][  0]LogAISub: UAISubsystem::UAISubsystem EnvQueryManager (000001D30A193C00), frame # 0
[2021.04.21-08.36.22:721][  0]LogCollectionManager: Loaded 0 collections in 0.000831 seconds
[2021.04.21-08.36.22:723][  0]LogFileCache: Scanning file cache for directory 'D:/JcTemp/Projects/Unreal/CIU330-Major-Project/DeathStrikes/Saved/Collections/' took 0.00s
[2021.04.21-08.36.22:724][  0]LogFileCache: Scanning file cache for directory 'D:/JcTemp/Projects/Unreal/CIU330-Major-Project/DeathStrikes/Content/Developers/jfcraig/Collections/' took 0.00s
[2021.04.21-08.36.22:724][  0]LogCollectionManager: Fixed up redirectors for 0 collections in 0.000004 seconds (updated 0 objects)
[2021.04.21-08.36.22:782][  0]LogFileCache: Scanning file cache for directory 'D:/JcTemp/Projects/Unreal/CIU330-Major-Project/DeathStrikes/Content/Collections/' took 0.00s
[2021.04.21-08.36.22:782][  0]LogMoviePlayer: Initializing movie player
[2021.04.21-08.36.23:018][  0]LogTcpMessaging: Initializing TcpMessaging bridge
[2021.04.21-08.36.23:022][  0]LogUdpMessaging: Initializing bridge on interface 0.0.0.0:0 to multicast group 230.0.0.1:6666.
[2021.04.21-08.36.23:062][  0]SourceControl: Source control is disabled
[2021.04.21-08.36.23:062][  0]SourceControl: Source control is disabled
[2021.04.21-08.36.23:070][  0]SourceControl: Source control is disabled
[2021.04.21-08.36.23:196][  0]LogAndroidPermission: UAndroidPermissionCallbackProxy::GetInstance
[2021.04.21-08.36.23:214][  0]LogAudioCaptureCore: Display: No Audio Capture implementations found. Audio input will be silent.
[2021.04.21-08.36.23:214][  0]LogAudioCaptureCore: Display: No Audio Capture implementations found. Audio input will be silent.
[2021.04.21-08.36.23:257][  0]LogOcInput: OculusInput pre-init called
[2021.04.21-08.36.23:272][  0]LogUObjectArray: 19064 objects as part of root set at end of initial load.
[2021.04.21-08.36.23:273][  0]LogUObjectAllocator: 5015424 out of 0 bytes used by permanent object pool.
[2021.04.21-08.36.23:273][  0]LogUObjectArray: CloseDisregardForGC: 0/0 objects in disregard for GC pool
[2021.04.21-08.36.23:313][  0]LogEngine: Initializing Engine...
[2021.04.21-08.36.23:314][  0]LogHMD: Failed to initialize OpenVR with code 110
[2021.04.21-08.36.23:314][  0]LogMagicLeap: Warning: VR disabled because ZI is not enabled.  To enable, in the editor, Edit -> Project Settings -> Plugins -> Magic Leap Plugin -> Enable Zero Iteration
[2021.04.21-08.36.23:316][  0]LogStats: UGameplayTagsManager::InitializeManager -  0.000 s
[2021.04.21-08.36.23:405][  0]LogInit: Initializing FReadOnlyCVARCache
[2021.04.21-08.36.23:410][  0]LogAudioMixer: Display: Audio Mixer Platform Settings:
[2021.04.21-08.36.23:410][  0]LogAudioMixer: Display: 	Sample Rate:						  48000
[2021.04.21-08.36.23:410][  0]LogAudioMixer: Display: 	Callback Buffer Frame Size Requested: 1024
[2021.04.21-08.36.23:410][  0]LogAudioMixer: Display: 	Callback Buffer Frame Size To Use:	  1024
[2021.04.21-08.36.23:410][  0]LogAudioMixer: Display: 	Number of buffers to queue:			  2
[2021.04.21-08.36.23:410][  0]LogAudioMixer: Display: 	Max Channels (voices):				  32
[2021.04.21-08.36.23:410][  0]LogAudioMixer: Display: 	Number of Async Source Workers:		  0
[2021.04.21-08.36.23:410][  0]LogAudio: Display: AudioDevice MaxSources: 32
[2021.04.21-08.36.23:410][  0]LogAudio: Display: Using built-in audio occlusion.
[2021.04.21-08.36.23:410][  0]LogAudioMixer: Display: Initializing audio mixer.
[2021.04.21-08.36.23:428][  0]LogAudioMixer: Display: 0: FrontLeft
[2021.04.21-08.36.23:428][  0]LogAudioMixer: Display: 1: FrontRight
[2021.04.21-08.36.23:479][  0]LogAudioMixer: Display: Using Audio Device U28E850 (2- NVIDIA High Definition Audio)
[2021.04.21-08.36.23:482][  0]LogAudioMixer: Display: Initializing Sound Submixes...
[2021.04.21-08.36.23:484][  0]LogAudioMixer: Display: Creating Master Submix 'MasterSubmixDefault'
[2021.04.21-08.36.23:484][  0]LogAudioMixer: Display: Creating Master Submix 'MasterReverbSubmixDefault'
[2021.04.21-08.36.23:485][  0]LogAudioMixer: Display: Creating Master Submix 'MasterEQSubmixDefault'
[2021.04.21-08.36.23:486][  0]LogInit: FAudioDevice initialized.
[2021.04.21-08.36.23:487][  0]LogNetVersion: Set ProjectVersion to 1.0.0.0. Version Checksum will be recalculated on next use.
[2021.04.21-08.36.23:487][  0]LogInit: Texture streaming: Enabled
[2021.04.21-08.36.23:542][  0]LogSlate: Updating window title bar state: overlay mode, drag disabled, window buttons hidden, title bar hidden
[2021.04.21-08.36.23:542][  0]LogInit: Display: Game Engine Initialized.
[2021.04.21-08.36.23:542][  0]LogNiagaraEditor: Warning: GEditor isn't valid! Particle reset commands will not work for Niagara components!
[2021.04.21-08.36.23:570][  0]LogInit: Display: Starting Game.
[2021.04.21-08.36.23:570][  0]LogNet: Browse: /Game/JC_TEMP/DreadlordArea_JC_AI_PATROL_ADD?Name=Player
[2021.04.21-08.36.23:570][  0]LogLoad: LoadMap: /Game/JC_TEMP/DreadlordArea_JC_AI_PATROL_ADD?Name=Player
[2021.04.21-08.36.23:570][  0]LogWorld: BeginTearingDown for /Temp/Untitled_0
[2021.04.21-08.36.23:572][  0]LogWorld: UWorld::CleanupWorld for Untitled, bSessionEnded=true, bCleanupResources=true
[2021.04.21-08.36.23:572][  0]LogSlate: InvalidateAllWidgets triggered.  All widgets were invalidated
[2021.04.21-08.36.23:583][  0]LogUObjectHash: Compacting FUObjectHashTables data took   0.54ms
[2021.04.21-08.36.24:255][  0]LogUObjectGlobals: Warning: While loading '../../../../JcTemp/Projects/Unreal/CIU330-Major-Project/DeathStrikes/Content/MedievalDungeon/Materials/M_Candle_Holder_Inst.uasset' failed to load '/Game/MedievalDungeon/Textures/T_Candle_Holder_A': Can't find file.
[2021.04.21-08.36.24:255][  0]LogUObjectGlobals: Warning: While loading '../../../../JcTemp/Projects/Unreal/CIU330-Major-Project/DeathStrikes/Content/MedievalDungeon/Materials/M_Candle_Holder_Inst.uasset' failed to load '/Game/MedievalDungeon/Textures/T_Candle_Holder_A': Can't find file.
[2021.04.21-08.36.24:256][  0]LogUObjectGlobals: Warning: While loading '../../../../JcTemp/Projects/Unreal/CIU330-Major-Project/DeathStrikes/Content/MedievalDungeon/Materials/M_Candle_Holder_Inst.uasset' failed to load '/Game/MedievalDungeon/Textures/T_Candle_Holder_C': Can't find file.
[2021.04.21-08.36.24:256][  0]LogUObjectGlobals: Warning: While loading '../../../../JcTemp/Projects/Unreal/CIU330-Major-Project/DeathStrikes/Content/MedievalDungeon/Materials/M_Candle_Holder_Inst.uasset' failed to load '/Game/MedievalDungeon/Textures/T_Candle_Holder_C': Can't find file.
[2021.04.21-08.36.24:256][  0]LogUObjectGlobals: Warning: While loading '../../../../JcTemp/Projects/Unreal/CIU330-Major-Project/DeathStrikes/Content/MedievalDungeon/Materials/M_Candle_Holder_Inst.uasset' failed to load '/Game/MedievalDungeon/Textures/T_Candle_Holder_N': Can't find file.
[2021.04.21-08.36.24:256][  0]LogUObjectGlobals: Warning: While loading '../../../../JcTemp/Projects/Unreal/CIU330-Major-Project/DeathStrikes/Content/MedievalDungeon/Materials/M_Candle_Holder_Inst.uasset' failed to load '/Game/MedievalDungeon/Textures/T_Candle_Holder_N': Can't find file.
[2021.04.21-08.36.24:256][  0]LogUObjectGlobals: Warning: While loading '../../../../JcTemp/Projects/Unreal/CIU330-Major-Project/DeathStrikes/Content/MedievalDungeon/Materials/M_CandleStick_Iron_Inst.uasset' failed to load '/Game/MedievalDungeon/Textures/T_CandleStick_Iron_A': Can't find file.
[2021.04.21-08.36.24:256][  0]LogUObjectGlobals: Warning: While loading '../../../../JcTemp/Projects/Unreal/CIU330-Major-Project/DeathStrikes/Content/MedievalDungeon/Materials/M_CandleStick_Iron_Inst.uasset' failed to load '/Game/MedievalDungeon/Textures/T_CandleStick_Iron_A': Can't find file.
[2021.04.21-08.36.24:256][  0]LogUObjectGlobals: Warning: While loading '../../../../JcTemp/Projects/Unreal/CIU330-Major-Project/DeathStrikes/Content/MedievalDungeon/Materials/M_CandleStick_Iron_Inst.uasset' failed to load '/Game/MedievalDungeon/Textures/T_CandleStick_Iron_C': Can't find file.
[2021.04.21-08.36.24:256][  0]LogUObjectGlobals: Warning: While loading '../../../../JcTemp/Projects/Unreal/CIU330-Major-Project/DeathStrikes/Content/MedievalDungeon/Materials/M_CandleStick_Iron_Inst.uasset' failed to load '/Game/MedievalDungeon/Textures/T_CandleStick_Iron_C': Can't find file.
[2021.04.21-08.36.24:256][  0]LogUObjectGlobals: Warning: While loading '../../../../JcTemp/Projects/Unreal/CIU330-Major-Project/DeathStrikes/Content/MedievalDungeon/Materials/M_CandleStick_Iron_Inst.uasset' failed to load '/Game/MedievalDungeon/Textures/T_CandleStick_Iron_N': Can't find file.
[2021.04.21-08.36.24:256][  0]LogUObjectGlobals: Warning: While loading '../../../../JcTemp/Projects/Unreal/CIU330-Major-Project/DeathStrikes/Content/MedievalDungeon/Materials/M_CandleStick_Iron_Inst.uasset' failed to load '/Game/MedievalDungeon/Textures/T_CandleStick_Iron_N': Can't find file.
[2021.04.21-08.36.24:289][  0]LogUObjectGlobals: Warning: While loading '../../../../JcTemp/Projects/Unreal/CIU330-Major-Project/DeathStrikes/Content/MedievalDungeon/Materials/M_Candles_Inst.uasset' failed to load '/Game/MedievalDungeon/Textures/T_Candles_A': Can't find file.
[2021.04.21-08.36.24:289][  0]LogUObjectGlobals: Warning: While loading '../../../../JcTemp/Projects/Unreal/CIU330-Major-Project/DeathStrikes/Content/MedievalDungeon/Materials/M_Candles_Inst.uasset' failed to load '/Game/MedievalDungeon/Textures/T_Candles_A': Can't find file.
[2021.04.21-08.36.24:289][  0]LogUObjectGlobals: Warning: While loading '../../../../JcTemp/Projects/Unreal/CIU330-Major-Project/DeathStrikes/Content/MedievalDungeon/Materials/M_Candles_Inst.uasset' failed to load '/Game/MedievalDungeon/Textures/T_Candles_C': Can't find file.
[2021.04.21-08.36.24:289][  0]LogUObjectGlobals: Warning: While loading '../../../../JcTemp/Projects/Unreal/CIU330-Major-Project/DeathStrikes/Content/MedievalDungeon/Materials/M_Candles_Inst.uasset' failed to load '/Game/MedievalDungeon/Textures/T_Candles_C': Can't find file.
[2021.04.21-08.36.24:289][  0]LogUObjectGlobals: Warning: While loading '../../../../JcTemp/Projects/Unreal/CIU330-Major-Project/DeathStrikes/Content/MedievalDungeon/Materials/M_Candles_Inst.uasset' failed to load '/Game/MedievalDungeon/Textures/T_Candles_N': Can't find file.
[2021.04.21-08.36.24:289][  0]LogUObjectGlobals: Warning: While loading '../../../../JcTemp/Projects/Unreal/CIU330-Major-Project/DeathStrikes/Content/MedievalDungeon/Materials/M_Candles_Inst.uasset' failed to load '/Game/MedievalDungeon/Textures/T_Candles_N': Can't find file.
[2021.04.21-08.36.24:305][  0]LogMaterial: Uniform references updated for custom material expression Custom.
[2021.04.21-08.36.24:326][  0]LogUObjectGlobals: Warning: While loading '../../../../JcTemp/Projects/Unreal/CIU330-Major-Project/DeathStrikes/Content/MedievalDungeon/Materials/M_Candles_Master.uasset' failed to load '/Game/MedievalDungeon/Textures/T_Candles_A': Can't find file.
[2021.04.21-08.36.24:327][  0]LogUObjectGlobals: Warning: While loading '../../../../JcTemp/Projects/Unreal/CIU330-Major-Project/DeathStrikes/Content/MedievalDungeon/Materials/M_Candles_Master.uasset' failed to load '/Game/MedievalDungeon/Textures/T_Candles_A': Can't find file.
[2021.04.21-08.36.24:327][  0]LogUObjectGlobals: Warning: While loading '../../../../JcTemp/Projects/Unreal/CIU330-Major-Project/DeathStrikes/Content/MedievalDungeon/Materials/M_Candles_Master.uasset' failed to load '/Game/MedievalDungeon/Textures/T_Candles_N': Can't find file.
[2021.04.21-08.36.24:327][  0]LogUObjectGlobals: Warning: While loading '../../../../JcTemp/Projects/Unreal/CIU330-Major-Project/DeathStrikes/Content/MedievalDungeon/Materials/M_Candles_Master.uasset' failed to load '/Game/MedievalDungeon/Textures/T_Candles_N': Can't find file.
[2021.04.21-08.36.24:327][  0]LogUObjectGlobals: Warning: While loading '../../../../JcTemp/Projects/Unreal/CIU330-Major-Project/DeathStrikes/Content/MedievalDungeon/Materials/M_Candles_Master.uasset' failed to load '/Game/MedievalDungeon/Textures/T_Candles_C': Can't find file.
[2021.04.21-08.36.24:327][  0]LogUObjectGlobals: Warning: While loading '../../../../JcTemp/Projects/Unreal/CIU330-Major-Project/DeathStrikes/Content/MedievalDungeon/Materials/M_Candles_Master.uasset' failed to load '/Game/MedievalDungeon/Textures/T_Candles_C': Can't find file.
[2021.04.21-08.36.24:713][  0]LogMaterial: Display: Missing cached shader map for material M_Candles_Master, compiling. 
[2021.04.21-08.36.24:713][  0]LogMaterial: Warning: D:\JcTemp\Projects\Unreal\CIU330-Major-Project\DeathStrikes\Content\MedievalDungeon\Materials\M_Candles_Master.uasset: Failed to compile Material for platform PCD3D_SM5, Default Material will be used in game.
[2021.04.21-08.36.24:713][  0]LogMaterial: Display: 	(Node TextureSampleParameter2D) Param2D> Found NULL, requires Texture2D
[2021.04.21-08.36.24:714][  0]LogMaterial: Display: Missing cached shader map for material M_Candles_Master, compiling. 
[2021.04.21-08.36.24:714][  0]LogMaterial: Warning: D:\JcTemp\Projects\Unreal\CIU330-Major-Project\DeathStrikes\Content\MedievalDungeon\Materials\M_Candles_Inst.uasset: Failed to compile Material Instance with Base M_Candles_Master for platform PCD3D_SM5, Default Material will be used in game.
[2021.04.21-08.36.24:714][  0]LogMaterial: Display: 	(Node TextureSampleParameter2D) Param2D> Found NULL, requires Texture2D
[2021.04.21-08.36.24:821][  0]LogAIModule: Creating AISystem for world DreadlordArea_JC_AI_PATROL_ADD
[2021.04.21-08.36.24:821][  0]LogAISub: UAISubsystem::UAISubsystem EnvQueryManager (000001D31659E400), frame # 0
[2021.04.21-08.36.24:821][  0]LogAISub: UAISubsystem::UAISubsystem AIPerceptionSystem (000001D326ACC900), frame # 0
[2021.04.21-08.36.24:821][  0]LogLoad: Game class is 'ThirdPersonGameMode_C'
[2021.04.21-08.36.25:037][  0]LogWorld: Bringing World /Game/JC_TEMP/DreadlordArea_JC_AI_PATROL_ADD.DreadlordArea_JC_AI_PATROL_ADD up for play (max tick rate 0) at 2021.04.21-18.36.25
[2021.04.21-08.36.25:040][  0]LogWorld: Bringing up level for play took: 0.216779
[2021.04.21-08.36.25:043][  0]LogPhysics: Warning: Scale for /Game/JC_TEMP/DreadlordArea_JC_AI_PATROL_ADD.DreadlordArea_JC_AI_PATROL_ADD:PersistentLevel.Knight_C_0.Throwing Knife (holder) has a component set to zero, which will result in a bad body instance. Scale:X=0.000 Y=0.000 Z=0.000
[2021.04.21-08.36.25:043][  0]LogPhysics: Warning: Initialising Body : Scale3D is (nearly) zero: Component: '/Game/JC_TEMP/DreadlordArea_JC_AI_PATROL_ADD.DreadlordArea_JC_AI_PATROL_ADD:PersistentLevel.Knight_C_0.Throwing Knife (holder)' 
[2021.04.21-08.36.25:049][  0]LogScript: Warning: Accessed None trying to read property PatrolPath
	NPC_AI_C /Game/JC_TEMP/DreadlordArea_JC_AI_PATROL_ADD.DreadlordArea_JC_AI_PATROL_ADD:PersistentLevel.NPC_AI_C_0
	Function /Game/JC_TEMP/AI/NPC_AI.NPC_AI_C:ExecuteUbergraph_NPC_AI:0127
[2021.04.21-08.36.25:049][  0]LogScript: Warning: Script call stack:
	Function /Game/JC_TEMP/AI/NPC_AI.NPC_AI_C:ReceiveBeginPlay
	Function /Game/JC_TEMP/AI/NPC_AI.NPC_AI_C:ExecuteUbergraph_NPC_AI

[2021.04.21-08.36.25:053][  0]LogLoad: Took 1.482449 seconds to LoadMap(/Game/JC_TEMP/DreadlordArea_JC_AI_PATROL_ADD)
[2021.04.21-08.36.25:083][  0]LogLoad: (Engine Initialization) Total time: 7.38 seconds
[2021.04.21-08.36.25:083][  0]LogLoad: (Engine Initialization) Total Blueprint compile time: 0.00 seconds
[2021.04.21-08.36.25:084][  0]LogRenderer: Reallocating scene render targets to support 1280x720 Format 10 NumSamples 1 (Frame:1).
[2021.04.21-08.36.25:469][  0]LogContentStreaming: Texture pool size now 1000 MB
[2021.04.21-08.36.25:475][  0]LogSlate: InvalidateAllWidgets triggered.  All widgets were invalidated
[2021.04.21-08.36.25:566][  0]LogRenderer: Reallocating scene render targets to support 128x128 Format 10 NumSamples 1 (Frame:1).
[2021.04.21-08.36.25:606][  0]LogRenderer: Reallocating scene render targets to support 1280x720 Format 10 NumSamples 1 (Frame:2).
[2021.04.21-08.36.25:776][  1]LogSlate: Took 0.000139 seconds to synchronously load lazily loaded font '../../../Engine/Content/Slate/Fonts/Roboto-Regular.ttf' (155K)
[2021.04.21-08.36.27:901][ 58]LogBlueprintUserMessages: [IncremenetPathIndex_C_1] Path Index2
[2021.04.21-08.36.28:112][ 63]LogRenderer: Reallocating scene render targets to support 2560x1380 Format 10 NumSamples 1 (Frame:65).
[2021.04.21-08.36.34:191][131]Set new viewmode: Unlit
[2021.04.21-08.36.35:794][256]LogBlueprintUserMessages: [IncremenetPathIndex_C_1] Path Index3
[2021.04.21-08.36.47:214][546]LogBlueprintUserMessages: [IncremenetPathIndex_C_1] reverse Direction
[2021.04.21-08.36.53:683][219]LogBlueprintUserMessages: [IncremenetPathIndex_C_1] Direction check = -1
[2021.04.21-08.37.01:173][896]LogBlueprintUserMessages: [IncremenetPathIndex_C_1] Direction check = -1
[2021.04.21-08.37.01:225][902]LogBlueprintUserMessages: [IncremenetPathIndex_C_1] Path Index2
[2021.04.21-08.37.10:031][780]LogBlueprintUserMessages: [IncremenetPathIndex_C_1] Path Index3
[2021.04.21-08.37.20:899][883]LogBlueprintUserMessages: [IncremenetPathIndex_C_1] reverse Direction
[2021.04.21-08.37.27:362][512]LogBlueprintUserMessages: [IncremenetPathIndex_C_1] Direction check = -1
[2021.04.21-08.37.36:230][493]LogBlueprintUserMessages: [IncremenetPathIndex_C_1] Direction check = -1
[2021.04.21-08.37.36:294][499]LogBlueprintUserMessages: [IncremenetPathIndex_C_1] Path Index2
[2021.04.21-08.37.53:180][424]LogBlueprintUserMessages: [IncremenetPathIndex_C_1] Path Index3
[2021.04.21-08.38.03:925][537]LogBlueprintUserMessages: [IncremenetPathIndex_C_1] reverse Direction
[2021.04.21-08.38.10:375][234]LogBlueprintUserMessages: [IncremenetPathIndex_C_1] Direction check = -1
[2021.04.21-08.38.17:865][897]LogBlueprintUserMessages: [IncremenetPathIndex_C_1] Direction check = -1
[2021.04.21-08.38.17:930][903]LogBlueprintUserMessages: [IncremenetPathIndex_C_1] Path Index2
[2021.04.21-08.38.30:950][373]LogBlueprintUserMessages: [IncremenetPathIndex_C_1] Path Index3
[2021.04.21-08.38.45:606][869]LogBlueprintUserMessages: [IncremenetPathIndex_C_1] reverse Direction
[2021.04.21-08.38.51:460][418]LogBlueprintUserMessages: [IncremenetPathIndex_C_1] Direction check = -1
[2021.04.21-08.38.58:948][205]LogBlueprintUserMessages: [IncremenetPathIndex_C_1] Direction check = -1
[2021.04.21-08.38.58:978][211]LogBlueprintUserMessages: [IncremenetPathIndex_C_1] Path Index2
[2021.04.21-08.39.05:758][ 19]Closing by request
[2021.04.21-08.39.05:758][ 19]LogWindows: FPlatformMisc::RequestExit(0)
[2021.04.21-08.39.05:758][ 19]LogCore: Engine exit requested (reason: Win RequestExit)
[2021.04.21-08.39.05:768][ 20]LogCore: Engine exit requested (reason: EngineExit() was called; note: exit was already requested)
[2021.04.21-08.39.05:769][ 20]LogAudio: Display: Shutting down audio device while 2 references to it are still alive. For more information, compile with INSTRUMENT_AUDIODEVICE_HANDLES.
[2021.04.21-08.39.05:819][ 20]LogInit: Display: PreExit Game.
[2021.04.21-08.39.05:855][ 20]LogWorld: BeginTearingDown for /Game/JC_TEMP/DreadlordArea_JC_AI_PATROL_ADD
[2021.04.21-08.39.05:856][ 20]LogWorld: UWorld::CleanupWorld for DreadlordArea_JC_AI_PATROL_ADD, bSessionEnded=true, bCleanupResources=true
[2021.04.21-08.39.05:865][ 20]LogSlate: InvalidateAllWidgets triggered.  All widgets were invalidated
[2021.04.21-08.39.06:418][ 20]LogSlate: Window 'DeathStrikes (64-bit Development PCD3D_SM5) ' being destroyed
[2021.04.21-08.39.06:419][ 20]LogWindowsTextInputMethodSystem: Display: IME system now deactivated.
[2021.04.21-08.39.06:427][ 20]LogWindowsTextInputMethodSystem: Display: IME system now deactivated.
[2021.04.21-08.39.06:443][ 20]LogExit: Preparing to exit.
[2021.04.21-08.39.07:111][ 20]LogMoviePlayer: Shutting down movie player
[2021.04.21-08.39.07:324][ 20]LogSlate: Updating window title bar state: overlay mode, drag disabled, window buttons hidden, title bar hidden
[2021.04.21-08.39.07:355][ 20]LogDemo: Cleaned up 0 splitscreen connections with owner deletion
[2021.04.21-08.39.07:363][ 20]LogExit: Game engine shut down
[2021.04.21-08.39.07:382][ 20]LogAISub: UAISubsystem::~UAISubsystem AISubsystem (000001D30A197A00), frame # 16020
[2021.04.21-08.39.07:382][ 20]LogAISub: UAISubsystem::~UAISubsystem AIPerceptionSystem (000001D30A1A91C0), frame # 16020
[2021.04.21-08.39.07:382][ 20]LogAISub: UAISubsystem::~UAISubsystem EnvQueryManager (000001D30A193C00), frame # 16020
[2021.04.21-08.39.07:392][ 20]LogAISub: UAISubsystem::~UAISubsystem EnvQueryManager (000001D31659E400), frame # 16020
[2021.04.21-08.39.07:392][ 20]LogAISub: UAISubsystem::~UAISubsystem AIPerceptionSystem (000001D326ACC900), frame # 16020
[2021.04.21-08.39.07:431][ 20]LogExit: Object subsystem successfully closed.
[2021.04.21-08.39.07:449][ 20]LogShaderCompilers: Display: Shaders left to compile 0
[2021.04.21-08.39.07:457][ 20]LogModuleManager: Shutting down and abandoning module SequenceRecorderSections (502)
[2021.04.21-08.39.07:457][ 20]LogModuleManager: Shutting down and abandoning module SequenceRecorder (500)
[2021.04.21-08.39.07:457][ 20]LogModuleManager: Shutting down and abandoning module AutomationController (498)
[2021.04.21-08.39.07:457][ 20]LogModuleManager: Shutting down and abandoning module AutomationWorker (496)
[2021.04.21-08.39.07:457][ 20]LogModuleManager: Shutting down and abandoning module Voice (494)
[2021.04.21-08.39.07:457][ 20]LogModuleManager: Shutting down and abandoning module AIModule (492)
[2021.04.21-08.39.07:457][ 20]LogModuleManager: Shutting down and abandoning module GameplayDebugger (491)
[2021.04.21-08.39.07:457][ 20]LogModuleManager: Shutting down and abandoning module AITestSuite (489)
[2021.04.21-08.39.07:457][ 20]LogModuleManager: Shutting down and abandoning module NavigationSystem (487)
[2021.04.21-08.39.07:457][ 20]LogModuleManager: Shutting down and abandoning module OculusMR (484)
[2021.04.21-08.39.07:457][ 20]LogModuleManager: Shutting down and abandoning module WmfMediaFactory (482)
[2021.04.21-08.39.07:457][ 20]LogModuleManager: Shutting down and abandoning module WebMMediaFactory (480)
[2021.04.21-08.39.07:457][ 20]LogModuleManager: Shutting down and abandoning module WebMMedia (478)
[2021.04.21-08.39.07:457][ 20]LogModuleManager: Shutting down and abandoning module OpenExrWrapper (476)
[2021.04.21-08.39.07:457][ 20]LogModuleManager: Shutting down and abandoning module ImgMediaFactory (474)
[2021.04.21-08.39.07:457][ 20]LogModuleManager: Shutting down and abandoning module AvfMediaFactory (472)
[2021.04.21-08.39.07:457][ 20]LogModuleManager: Shutting down and abandoning module MagicLeapMediaCodecFactory (470)
[2021.04.21-08.39.07:457][ 20]LogModuleManager: Shutting down and abandoning module MagicLeapMediaFactory (468)
[2021.04.21-08.39.07:457][ 20]LogModuleManager: Shutting down and abandoning module PlanarCut (466)
[2021.04.21-08.39.07:457][ 20]LogModuleManager: Shutting down and abandoning module CharacterAI (464)
[2021.04.21-08.39.07:457][ 20]LogModuleManager: Shutting down and abandoning module SessionServices (462)
[2021.04.21-08.39.07:457][ 20]LogModuleManager: Shutting down and abandoning module MovieSceneCapture (460)
[2021.04.21-08.39.07:457][ 20]LogModuleManager: Shutting down and abandoning module LiveCoding (458)
[2021.04.21-08.39.07:457][ 20]LogModuleManager: Shutting down and abandoning module LevelSequence (456)
[2021.04.21-08.39.07:457][ 20]LogModuleManager: Shutting down and abandoning module MovieSceneTracks (454)
[2021.04.21-08.39.07:457][ 20]LogModuleManager: Shutting down and abandoning module MovieScene (452)
[2021.04.21-08.39.07:457][ 20]LogModuleManager: Shutting down and abandoning module StreamingPauseRendering (450)
[2021.04.21-08.39.07:457][ 20]LogModuleManager: Shutting down and abandoning module PortalServices (448)
[2021.04.21-08.39.07:457][ 20]LogModuleManager: Shutting down and abandoning module PortalRpc (446)
[2021.04.21-08.39.07:457][ 20]LogModuleManager: Shutting down and abandoning module MessagingRpc (444)
[2021.04.21-08.39.07:457][ 20]LogModuleManager: Shutting down and abandoning module AudioMixerXAudio2 (442)
[2021.04.21-08.39.07:458][ 20]LogModuleManager: Shutting down and abandoning module AudioMixerCore (441)
[2021.04.21-08.39.07:458][ 20]LogModuleManager: Shutting down and abandoning module ProfilerService (438)
[2021.04.21-08.39.07:588][ 20]LogModuleManager: Shutting down and abandoning module TaskGraph (436)
[2021.04.21-08.39.07:588][ 20]LogModuleManager: Shutting down and abandoning module Synthesis (434)
[2021.04.21-08.39.07:588][ 20]LogModuleManager: Shutting down and abandoning module ProceduralMeshComponent (432)
[2021.04.21-08.39.07:588][ 20]LogModuleManager: Shutting down and abandoning module OculusInput (430)
[2021.04.21-08.39.07:588][ 20]LogModuleManager: Shutting down and abandoning module MobilePatchingUtils (428)
[2021.04.21-08.39.07:588][ 20]LogModuleManager: Shutting down and abandoning module GooglePAD (426)
[2021.04.21-08.39.07:588][ 20]LogModuleManager: Shutting down and abandoning module EditableMesh (424)
[2021.04.21-08.39.07:588][ 20]LogModuleManager: Shutting down and abandoning module CustomMeshComponent (422)
[2021.04.21-08.39.07:588][ 20]LogModuleManager: Shutting down and abandoning module CableComponent (420)
[2021.04.21-08.39.07:588][ 20]LogModuleManager: Shutting down and abandoning module AudioCapture (418)
[2021.04.21-08.39.07:588][ 20]LogModuleManager: Shutting down and abandoning module AudioCaptureRtAudio (417)
[2021.04.21-08.39.07:588][ 20]LogModuleManager: Shutting down and abandoning module AssetTags (414)
[2021.04.21-08.39.07:588][ 20]LogModuleManager: Shutting down and abandoning module ArchVisCharacter (412)
[2021.04.21-08.39.07:588][ 20]LogModuleManager: Shutting down and abandoning module AppleImageUtilsBlueprintSupport (410)
[2021.04.21-08.39.07:588][ 20]LogModuleManager: Shutting down and abandoning module AppleImageUtils (408)
[2021.04.21-08.39.07:588][ 20]LogModuleManager: Shutting down and abandoning module AndroidPermission (406)
[2021.04.21-08.39.07:588][ 20]LogModuleManager: Shutting down and abandoning module NUTUnrealEngine4 (404)
[2021.04.21-08.39.07:589][ 20]LogModuleManager: Shutting down and abandoning module NetcodeUnitTest (402)
[2021.04.21-08.39.07:589][ 20]LogModuleManager: Shutting down and abandoning module TemplateSequence (400)
[2021.04.21-08.39.07:589][ 20]LogModuleManager: Shutting down and abandoning module MovieRenderPipelineRenderPasses (398)
[2021.04.21-08.39.07:589][ 20]LogModuleManager: Shutting down and abandoning module MovieRenderPipelineSettings (396)
[2021.04.21-08.39.07:589][ 20]LogModuleManager: Shutting down and abandoning module MovieRenderPipelineCore (394)
[2021.04.21-08.39.07:589][ 20]LogModuleManager: Shutting down and abandoning module ImageWriteQueue (393)
[2021.04.21-08.39.07:589][ 20]LogModuleManager: Shutting down and abandoning module MediaCompositing (390)
[2021.04.21-08.39.07:589][ 20]LogModuleManager: Shutting down and abandoning module ImgMedia (388)
[2021.04.21-08.39.07:589][ 20]LogModuleManager: Shutting down and abandoning module MagicLeapSharedWorld (386)
[2021.04.21-08.39.07:589][ 20]LogModuleManager: Shutting down and abandoning module MagicLeapLightEstimation (384)
[2021.04.21-08.39.07:589][ 20]LogModuleManager: Shutting down and abandoning module MagicLeapHelperVulkan (382)
[2021.04.21-08.39.07:589][ 20]LogModuleManager: Shutting down and abandoning module MagicLeapHelperOpenGL (380)
[2021.04.21-08.39.07:589][ 20]LogModuleManager: Shutting down and abandoning module MagicLeapAudio (378)
[2021.04.21-08.39.07:589][ 20]LogModuleManager: Shutting down and abandoning module MeshSolverUtilities (376)
[2021.04.21-08.39.07:589][ 20]LogModuleManager: Shutting down and abandoning module MeshConversion (374)
[2021.04.21-08.39.07:589][ 20]LogModuleManager: Shutting down and abandoning module DynamicMesh (372)
[2021.04.21-08.39.07:589][ 20]LogModuleManager: Shutting down and abandoning module GeometryAlgorithms (370)
[2021.04.21-08.39.07:589][ 20]LogModuleManager: Shutting down and abandoning module GeometricObjects (368)
[2021.04.21-08.39.07:589][ 20]LogModuleManager: Shutting down and abandoning module GeometryCollectionTracks (366)
[2021.04.21-08.39.07:589][ 20]LogModuleManager: Shutting down and abandoning module GeometryCollectionSequencer (365)
[2021.04.21-08.39.07:589][ 20]LogModuleManager: Shutting down and abandoning module GeometryCacheTracks (362)
[2021.04.21-08.39.07:589][ 20]LogModuleManager: Shutting down and abandoning module GeometryCacheSequencer (361)
[2021.04.21-08.39.07:589][ 20]LogModuleManager: Shutting down and abandoning module GeometryCache (358)
[2021.04.21-08.39.07:589][ 20]LogModuleManager: Shutting down and abandoning module GeometryCacheEd (357)
[2021.04.21-08.39.07:589][ 20]LogModuleManager: Shutting down and abandoning module ChaosNiagara (354)
[2021.04.21-08.39.07:589][ 20]LogModuleManager: Shutting down and abandoning module ChaosCloth (352)
[2021.04.21-08.39.07:589][ 20]LogModuleManager: Shutting down and abandoning module BackChannel (350)
[2021.04.21-08.39.07:589][ 20]LogModuleManager: Shutting down and abandoning module AutomationUtils (348)
[2021.04.21-08.39.07:589][ 20]LogModuleManager: Shutting down and abandoning module VisualStudioSourceCodeAccess (346)
[2021.04.21-08.39.07:589][ 20]LogModuleManager: Shutting down and abandoning module HotReload (345)
[2021.04.21-08.39.07:589][ 20]LogModuleManager: Shutting down and abandoning module VisualStudioCodeSourceCodeAccess (342)
[2021.04.21-08.39.07:589][ 20]LogModuleManager: Shutting down and abandoning module UObjectPlugin (340)
[2021.04.21-08.39.07:589][ 20]LogModuleManager: Shutting down and abandoning module SubversionSourceControl (338)
[2021.04.21-08.39.07:589][ 20]LogModuleManager: Shutting down and abandoning module RiderSourceCodeAccess (336)
[2021.04.21-08.39.07:589][ 20]LogModuleManager: Shutting down and abandoning module PerforceSourceControl (334)
[2021.04.21-08.39.07:589][ 20]LogModuleManager: Shutting down and abandoning module SourceControl (333)
[2021.04.21-08.39.07:589][ 20]LogModuleManager: Shutting down and abandoning module CLionSourceCodeAccess (330)
[2021.04.21-08.39.07:589][ 20]LogModuleManager: Shutting down and abandoning module ActorLayerUtilities (328)
[2021.04.21-08.39.07:589][ 20]LogModuleManager: Shutting down and abandoning module SoundFields (326)
[2021.04.21-08.39.07:589][ 20]LogModuleManager: Shutting down and abandoning module SignificanceManager (324)
[2021.04.21-08.39.07:589][ 20]LogModuleManager: Shutting down and abandoning module RuntimePhysXCooking (322)
[2021.04.21-08.39.07:589][ 20]LogModuleManager: Shutting down and abandoning module PhysXVehiclesEditor (320)
[2021.04.21-08.39.07:589][ 20]LogModuleManager: Shutting down and abandoning module LocationServicesBPLibrary (316)
[2021.04.21-08.39.07:589][ 20]LogModuleManager: Shutting down and abandoning module ActorSequence (314)
[2021.04.21-08.39.07:589][ 20]LogModuleManager: Shutting down and abandoning module UdpMessaging (312)
[2021.04.21-08.39.07:690][ 20]LogModuleManager: Shutting down and abandoning module TcpMessaging (310)
[2021.04.21-08.39.08:106][ 20]LogModuleManager: Shutting down and abandoning module MagicLeapARPin (308)
[2021.04.21-08.39.08:106][ 20]LogModuleManager: Shutting down and abandoning module MagicLeapHandMeshing (306)
[2021.04.21-08.39.08:106][ 20]LogModuleManager: Shutting down and abandoning module MagicLeapSecureStorage (304)
[2021.04.21-08.39.08:106][ 20]LogModuleManager: Shutting down and abandoning module MagicLeapPrivileges (302)
[2021.04.21-08.39.08:107][ 20]LogModuleManager: Shutting down and abandoning module MagicLeapPlanes (300)
[2021.04.21-08.39.08:107][ 20]LogMagicLeapPlanes: Planes tracker already destroyed.
[2021.04.21-08.39.08:107][ 20]LogModuleManager: Shutting down and abandoning module MagicLeapImageTracker (298)
[2021.04.21-08.39.08:107][ 20]LogModuleManager: Shutting down and abandoning module MagicLeapIdentity (296)
[2021.04.21-08.39.08:107][ 20]LogModuleManager: Shutting down and abandoning module MagicLeapHandTracking (294)
[2021.04.21-08.39.08:107][ 20]LogModuleManager: Shutting down and abandoning module MagicLeapEyeTracker (292)
[2021.04.21-08.39.08:107][ 20]LogModuleManager: Shutting down and abandoning module MagicLeapController (290)
[2021.04.21-08.39.08:107][ 20]LogSlate: Slate User Destroyed.  User Index 0, Is Virtual User: 0
[2021.04.21-08.39.08:107][ 20]LogModuleManager: Shutting down and abandoning module MagicLeapARPinImpl (288)
[2021.04.21-08.39.08:108][ 20]LogModuleManager: Shutting down and abandoning module MagicLeapAR (286)
[2021.04.21-08.39.08:108][ 20]LogModuleManager: Shutting down and abandoning module AugmentedReality (285)
[2021.04.21-08.39.08:108][ 20]LogModuleManager: Shutting down and abandoning module NiagaraAnimNotifies (282)
[2021.04.21-08.39.08:108][ 20]LogModuleManager: Shutting down and abandoning module Niagara (280)
[2021.04.21-08.39.08:108][ 20]LogModuleManager: Shutting down and abandoning module SignalProcessing (279)
[2021.04.21-08.39.08:108][ 20]LogModuleManager: Shutting down and abandoning module NiagaraEditor (277)
[2021.04.21-08.39.08:109][ 20]LogModuleManager: Shutting down and abandoning module NiagaraCore (274)
[2021.04.21-08.39.08:109][ 20]LogModuleManager: Shutting down and abandoning module GameplayTagsEditor (272)
[2021.04.21-08.39.08:109][ 20]LogModuleManager: Shutting down and abandoning module FacialAnimation (270)
[2021.04.21-08.39.08:109][ 20]LogModuleManager: Shutting down and abandoning module AssetManagerEditor (268)
[2021.04.21-08.39.08:109][ 20]LogModuleManager: Shutting down and abandoning module TreeMap (267)
[2021.04.21-08.39.08:109][ 20]LogModuleManager: Shutting down and abandoning module AnimationSharing (264)
[2021.04.21-08.39.08:109][ 20]LogModuleManager: Shutting down and abandoning module LightPropagationVolumeRuntime (262)
[2021.04.21-08.39.08:109][ 20]LogModuleManager: Shutting down and abandoning module Paper2D (260)
[2021.04.21-08.39.08:109][ 20]LogModuleManager: Shutting down and abandoning module WindowsMoviePlayer (258)
[2021.04.21-08.39.08:111][ 20]LogModuleManager: Shutting down and abandoning module WebMMoviePlayer (256)
[2021.04.21-08.39.08:112][ 20]LogModuleManager: Shutting down and abandoning module NetworkReplayStreaming (254)
[2021.04.21-08.39.08:112][ 20]LogModuleManager: Shutting down and abandoning module PacketHandler (252)
[2021.04.21-08.39.08:112][ 20]LogModuleManager: Shutting down and abandoning module ClothingSystemEditor (250)
[2021.04.21-08.39.08:112][ 20]LogModuleManager: Shutting down and abandoning module ClothingSystemRuntimeNv (248)
[2021.04.21-08.39.08:112][ 20]LogModuleManager: Shutting down and abandoning module MediaAssets (246)
[2021.04.21-08.39.08:112][ 20]LogModuleManager: Shutting down and abandoning module Overlay (244)
[2021.04.21-08.39.08:112][ 20]LogModuleManager: Shutting down and abandoning module OverlayEditor (243)
[2021.04.21-08.39.08:112][ 20]LogModuleManager: Shutting down and abandoning module VREditor (240)
[2021.04.21-08.39.08:112][ 20]LogModuleManager: Shutting down and abandoning module StringTableEditor (238)
[2021.04.21-08.39.08:112][ 20]LogModuleManager: Shutting down and abandoning module GameplayTasksEditor (236)
[2021.04.21-08.39.08:112][ 20]LogModuleManager: Shutting down and abandoning module BehaviorTreeEditor (234)
[2021.04.21-08.39.08:112][ 20]LogModuleManager: Shutting down and abandoning module FunctionalTesting (232)
[2021.04.21-08.39.08:112][ 20]LogModuleManager: Shutting down and abandoning module CollisionAnalyzer (230)
[2021.04.21-08.39.08:113][ 20]LogModuleManager: Shutting down and abandoning module UMG (228)
[2021.04.21-08.39.08:113][ 20]LogModuleManager: Shutting down and abandoning module UMGEditor (227)
[2021.04.21-08.39.08:113][ 20]LogModuleManager: Shutting down and abandoning module Sequencer (226)
[2021.04.21-08.39.08:113][ 20]LogModuleManager: Shutting down and abandoning module MessageLog (223)
[2021.04.21-08.39.08:113][ 20]LogModuleManager: Shutting down and abandoning module MaterialEditor (221)
[2021.04.21-08.39.08:113][ 20]LogModuleManager: Shutting down and abandoning module ContentBrowser (220)
[2021.04.21-08.39.08:113][ 20]LogModuleManager: Shutting down and abandoning module WorkspaceMenuStructure (219)
[2021.04.21-08.39.08:114][ 20]LogModuleManager: Shutting down and abandoning module CollectionManager (217)
[2021.04.21-08.39.08:115][ 20]LogModuleManager: Shutting down and abandoning module DirectoryWatcher (216)
[2021.04.21-08.39.08:115][ 20]LogModuleManager: Shutting down and abandoning module SlateReflector (208)
[2021.04.21-08.39.08:115][ 20]LogModuleManager: Shutting down and abandoning module Slate (206)
[2021.04.21-08.39.08:115][ 20]LogModuleManager: Shutting down and abandoning module SlateCore (204)
[2021.04.21-08.39.08:115][ 20]LogModuleManager: Shutting down and abandoning module LandscapeEditorUtilities (202)
[2021.04.21-08.39.08:115][ 20]LogModuleManager: Shutting down and abandoning module EditorStyle (200)
[2021.04.21-08.39.08:117][ 20]LogModuleManager: Shutting down and abandoning module UnrealEd (198)
[2021.04.21-08.39.08:117][ 20]LogModuleManager: Shutting down and abandoning module MRMesh (196)
[2021.04.21-08.39.08:117][ 20]LogModuleManager: Shutting down and abandoning module Messaging (194)
[2021.04.21-08.39.08:117][ 20]LogModuleManager: Shutting down and abandoning module SourceCodeAccess (192)
[2021.04.21-08.39.08:117][ 20]LogModuleManager: Shutting down and abandoning module HeadMountedDisplay (190)
[2021.04.21-08.39.08:118][ 20]LogModuleManager: Shutting down and abandoning module XAudio2 (188)
[2021.04.21-08.39.08:118][ 20]LogModuleManager: Shutting down and abandoning module Networking (186)
[2021.04.21-08.39.08:118][ 20]LogModuleManager: Shutting down and abandoning module Core (184)
[2021.04.21-08.39.08:118][ 20]LogModuleManager: Shutting down and abandoning module MovieSceneTools (182)
[2021.04.21-08.39.08:118][ 20]LogModuleManager: Shutting down and abandoning module KismetCompiler (180)
[2021.04.21-08.39.08:118][ 20]LogModuleManager: Shutting down and abandoning module MeshBuilder (178)
[2021.04.21-08.39.08:118][ 20]LogModuleManager: Shutting down and abandoning module MeshUtilities (176)
[2021.04.21-08.39.08:118][ 20]LogModuleManager: Shutting down and abandoning module MeshMergeUtilities (175)
[2021.04.21-08.39.08:118][ 20]LogModuleManager: Shutting down and abandoning module MeshReductionInterface (174)
[2021.04.21-08.39.08:119][ 20]LogModuleManager: Shutting down and abandoning module MeshBoneReduction (173)
[2021.04.21-08.39.08:119][ 20]LogModuleManager: Shutting down and abandoning module SkeletalMeshReduction (171)
[2021.04.21-08.39.08:119][ 20]LogModuleManager: Shutting down and abandoning module ProxyLODMeshReduction (169)
[2021.04.21-08.39.08:119][ 20]LogModuleManager: Shutting down and abandoning module QuadricMeshReduction (167)
[2021.04.21-08.39.08:119][ 20]LogModuleManager: Shutting down and abandoning module MaterialBaking (163)
[2021.04.21-08.39.08:119][ 20]LogModuleManager: Shutting down and abandoning module NullInstallBundleManager (158)
[2021.04.21-08.39.08:119][ 20]LogModuleManager: Shutting down and abandoning module PIEPreviewDeviceProfileSelector (156)
[2021.04.21-08.39.08:119][ 20]LogModuleManager: Shutting down and abandoning module DerivedDataCache (154)
[2021.04.21-08.39.08:119][ 20]LogModuleManager: Shutting down and abandoning module XGEController (152)
[2021.04.21-08.39.08:119][ 20]LogModuleManager: Shutting down and abandoning module TargetPlatform (150)
[2021.04.21-08.39.08:120][ 20]LogModuleManager: Shutting down and abandoning module VulkanShaderFormat (149)
[2021.04.21-08.39.08:120][ 20]LogModuleManager: Shutting down and abandoning module ShaderFormatVectorVM (147)
[2021.04.21-08.39.08:120][ 20]LogModuleManager: Shutting down and abandoning module ShaderFormatOpenGL (145)
[2021.04.21-08.39.08:120][ 20]LogModuleManager: Shutting down and abandoning module ShaderFormatD3D (143)
[2021.04.21-08.39.08:120][ 20]LogModuleManager: Shutting down and abandoning module MetalShaderFormat (141)
[2021.04.21-08.39.08:120][ 20]LogModuleManager: Shutting down and abandoning module TextureFormatUncompressed (139)
[2021.04.21-08.39.08:120][ 20]LogModuleManager: Shutting down and abandoning module TextureFormatPVR (137)
[2021.04.21-08.39.08:120][ 20]LogModuleManager: Shutting down and abandoning module TextureFormatDXT (135)
[2021.04.21-08.39.08:120][ 20]LogModuleManager: Shutting down and abandoning module TextureFormatIntelISPCTexComp (133)
[2021.04.21-08.39.08:121][ 20]LogModuleManager: Shutting down and abandoning module TextureFormatASTC (131)
[2021.04.21-08.39.08:121][ 20]LogModuleManager: Shutting down and abandoning module ImageWrapper (130)
[2021.04.21-08.39.08:121][ 20]LogModuleManager: Shutting down and abandoning module TextureFormatAndroid (127)
[2021.04.21-08.39.08:122][ 20]LogModuleManager: Shutting down and abandoning module AudioFormatOpus (125)
[2021.04.21-08.39.08:122][ 20]LogModuleManager: Shutting down and abandoning module AudioFormatOgg (123)
[2021.04.21-08.39.08:122][ 20]LogModuleManager: Shutting down and abandoning module AudioFormatADPCM (121)
[2021.04.21-08.39.08:122][ 20]LogModuleManager: Shutting down and abandoning module WindowsServerTargetPlatform (119)
[2021.04.21-08.39.08:122][ 20]LogModuleManager: Shutting down and abandoning module WindowsClientTargetPlatform (117)
[2021.04.21-08.39.08:122][ 20]LogModuleManager: Shutting down and abandoning module WindowsTargetPlatform (115)
[2021.04.21-08.39.08:122][ 20]LogModuleManager: Shutting down and abandoning module WindowsNoEditorTargetPlatform (113)
[2021.04.21-08.39.08:122][ 20]LogModuleManager: Shutting down and abandoning module InputCore (110)
[2021.04.21-08.39.08:122][ 20]LogModuleManager: Shutting down and abandoning module Settings (108)
[2021.04.21-08.39.08:122][ 20]LogModuleManager: Shutting down and abandoning module PhysXCooking (106)
[2021.04.21-08.39.08:122][ 20]LogModuleManager: Shutting down and abandoning module ChaosSolvers (104)
[2021.04.21-08.39.08:123][ 20]LogModuleManager: Shutting down and abandoning module FieldSystemEngine (103)
[2021.04.21-08.39.08:123][ 20]LogModuleManager: Shutting down and abandoning module Chaos (100)
[2021.04.21-08.39.08:123][ 20]LogModuleManager: Shutting down and abandoning module WindowsPlatformFeatures (98)
[2021.04.21-08.39.08:123][ 20]LogModuleManager: Shutting down and abandoning module GameplayMediaEncoder (97)
[2021.04.21-08.39.08:123][ 20]LogModuleManager: Shutting down and abandoning module AVEncoder (96)
[2021.04.21-08.39.08:123][ 20]LogModuleManager: Shutting down and abandoning module SteamVRInputDevice (92)
[2021.04.21-08.39.08:123][ 20]LogModuleManager: Shutting down and abandoning module SteamVRInput (90)
[2021.04.21-08.39.08:123][ 20]LogModuleManager: Shutting down and abandoning module SteamVR (88)
[2021.04.21-08.39.08:123][ 20]LogHMD: Freeing OpenVRDLLHandle.
[2021.04.21-08.39.08:123][ 20]LogModuleManager: Shutting down and abandoning module OculusHMD (86)
[2021.04.21-08.39.08:124][ 20]LogModuleManager: Shutting down and abandoning module ExampleDeviceProfileSelector (84)
[2021.04.21-08.39.08:124][ 20]LogModuleManager: Shutting down and abandoning module LauncherChunkInstaller (82)
[2021.04.21-08.39.08:124][ 20]LogModuleManager: Shutting down and abandoning module OnlineBlueprintSupport (80)
[2021.04.21-08.39.08:124][ 20]LogModuleManager: Shutting down and abandoning module OnlineSubsystem (76)
[2021.04.21-08.39.08:125][ 20]LogModuleManager: Shutting down and abandoning module XMPP (71)
[2021.04.21-08.39.08:126][ 20]LogModuleManager: Shutting down and abandoning module WebSockets (70)
[2021.04.21-08.39.08:146][ 20]LogModuleManager: Shutting down and abandoning module HTTP (67)
[2021.04.21-08.39.08:161][ 20]LogModuleManager: Shutting down and abandoning module SSL (66)
[2021.04.21-08.39.08:164][ 20]LogModuleManager: Shutting down and abandoning module WmfMedia (62)
[2021.04.21-08.39.08:167][ 20]LogModuleManager: Shutting down and abandoning module Media (61)
[2021.04.21-08.39.08:169][ 20]LogModuleManager: Shutting down and abandoning module MagicLeap (58)
[2021.04.21-08.39.08:169][ 20]LogModuleManager: Shutting down and abandoning module NiagaraVertexFactories (56)
[2021.04.21-08.39.08:169][ 20]LogModuleManager: Shutting down and abandoning module NiagaraShader (54)
[2021.04.21-08.39.08:169][ 20]LogModuleManager: Shutting down and abandoning module VariantManagerContent (52)
[2021.04.21-08.39.08:169][ 20]LogModuleManager: Shutting down and abandoning module DatasmithContent (50)
[2021.04.21-08.39.08:171][ 20]LogModuleManager: Shutting down and abandoning module AISupportModule (48)
[2021.04.21-08.39.08:171][ 20]LogModuleManager: Shutting down and abandoning module DesktopPlatform (46)
[2021.04.21-08.39.08:171][ 20]LogModuleManager: Shutting down and abandoning module PlatformCryptoOpenSSL (44)
[2021.04.21-08.39.08:171][ 20]LogModuleManager: Shutting down and abandoning module PlatformCryptoTypes (42)
[2021.04.21-08.39.08:171][ 20]LogModuleManager: Shutting down and abandoning module PlatformCrypto (40)
[2021.04.21-08.39.08:171][ 20]LogModuleManager: Shutting down and abandoning module AnimationModifiers (38)
[2021.04.21-08.39.08:171][ 20]LogModuleManager: Shutting down and abandoning module PropertyEditor (37)
[2021.04.21-08.39.08:172][ 20]LogModuleManager: Shutting down and abandoning module AudioEditor (34)
[2021.04.21-08.39.08:172][ 20]LogModuleManager: Shutting down and abandoning module TextureCompressor (32)
[2021.04.21-08.39.08:173][ 20]LogModuleManager: Shutting down and abandoning module RenderCore (30)
[2021.04.21-08.39.08:173][ 20]LogModuleManager: Shutting down and abandoning module Landscape (28)
[2021.04.21-08.39.08:173][ 20]LogModuleManager: Shutting down and abandoning module SlateRHIRenderer (26)
[2021.04.21-08.39.08:173][ 20]LogModuleManager: Shutting down and abandoning module OpenGLDrv (24)
[2021.04.21-08.39.08:174][ 20]LogModuleManager: Shutting down and abandoning module D3D11RHI (22)
[2021.04.21-08.39.08:174][ 20]LogModuleManager: Shutting down and abandoning module AnimGraphRuntime (20)
[2021.04.21-08.39.08:174][ 20]LogModuleManager: Shutting down and abandoning module Renderer (18)
[2021.04.21-08.39.08:174][ 20]LogModuleManager: Shutting down and abandoning module Engine (16)
[2021.04.21-08.39.08:174][ 20]LogModuleManager: Shutting down and abandoning module CoreUObject (14)
[2021.04.21-08.39.08:174][ 20]LogModuleManager: Shutting down and abandoning module NetworkFile (12)
[2021.04.21-08.39.08:174][ 20]LogModuleManager: Shutting down and abandoning module CookedIterativeFile (10)
[2021.04.21-08.39.08:174][ 20]LogModuleManager: Shutting down and abandoning module StreamingFile (8)
[2021.04.21-08.39.08:174][ 20]LogModuleManager: Shutting down and abandoning module SandboxFile (6)
[2021.04.21-08.39.08:174][ 20]LogModuleManager: Shutting down and abandoning module PakFile (4)
[2021.04.21-08.39.08:174][ 20]LogModuleManager: Shutting down and abandoning module RSA (3)
[2021.04.21-08.39.08:175][ 20]LogContentStreaming: Display: There are 1 unreleased StreamingManagers
[2021.04.21-08.39.08:180][ 20]LogD3D11RHI: Shutdown
[2021.04.21-08.39.08:180][ 20]LogD3D11RHI: CleanupD3DDevice
[2021.04.21-08.39.08:227][ 20]LogExit: Exiting.
[2021.04.21-08.39.08:242][ 20]Log file closed, 04/21/21 18:39:08
