Log file open, 03/30/21 08:44:43
LogInit: Display: Running engine for game: DeathStrikes
LogPlatformFile: Not using cached read wrapper
LogTaskGraph: Started task graph with 5 named threads and 23 total threads with 3 sets of task threads.
LogStats: Stats thread started at 0.237399
LogD3D11RHI: Loaded GFSDK_Aftermath_Lib.x64.dll
LogICUInternationalization: ICU TimeZone Detection - Raw Offset: +10:00, Platform Override: ''
LogPluginManager: Mounting plugin Paper2D
LogPluginManager: Mounting plugin AISupport
LogPluginManager: Mounting plugin LightPropagationVolume
LogPluginManager: Mounting plugin CameraShakePreviewer
LogPluginManager: Mounting plugin ActorLayerUtilities
LogPluginManager: Mounting plugin AnimationSharing
LogPluginManager: Mounting plugin CLionSourceCodeAccess
LogPluginManager: Mounting plugin CodeLiteSourceCodeAccess
LogPluginManager: Mounting plugin GitSourceControl
LogPluginManager: Mounting plugin KDevelopSourceCodeAccess
LogPluginManager: Mounting plugin NullSourceCodeAccess
LogPluginManager: Mounting plugin PerforceSourceControl
LogPluginManager: Mounting plugin PlasticSourceControl
LogPluginManager: Mounting plugin RiderSourceCodeAccess
LogPluginManager: Mounting plugin SubversionSourceControl
LogPluginManager: Mounting plugin UObjectPlugin
LogPluginManager: Mounting plugin VisualStudioCodeSourceCodeAccess
LogPluginManager: Mounting plugin VisualStudioSourceCodeAccess
LogPluginManager: Mounting plugin XCodeSourceCodeAccess
LogPluginManager: Mounting plugin AssetManagerEditor
LogPluginManager: Mounting plugin CryptoKeys
LogPluginManager: Mounting plugin CurveEditorTools
LogPluginManager: Mounting plugin DataValidation
LogPluginManager: Mounting plugin EditorScriptingUtilities
LogPluginManager: Mounting plugin FacialAnimation
LogPluginManager: Mounting plugin GameplayTagsEditor
LogPluginManager: Mounting plugin GeometryMode
LogPluginManager: Mounting plugin MacGraphicsSwitching
LogPluginManager: Mounting plugin MaterialAnalyzer
LogPluginManager: Mounting plugin MobileLauncherProfileWizard
LogPluginManager: Mounting plugin PluginBrowser
LogPluginManager: Mounting plugin SpeedTreeImporter
LogPluginManager: Mounting plugin DatasmithContent
LogPluginManager: Mounting plugin VariantManagerContent
LogPluginManager: Mounting plugin AlembicImporter
LogPluginManager: Mounting plugin AutomationUtils
LogPluginManager: Mounting plugin BackChannel
LogPluginManager: Mounting plugin ChaosCloth
LogPluginManager: Mounting plugin ChaosClothEditor
LogPluginManager: Mounting plugin ChaosEditor
LogPluginManager: Mounting plugin ChaosNiagara
LogPluginManager: Mounting plugin ChaosSolverPlugin
LogPluginManager: Mounting plugin CharacterAI
LogPluginManager: Mounting plugin GeometryCache
LogPluginManager: Mounting plugin GeometryCollectionPlugin
LogPluginManager: Mounting plugin GeometryProcessing
LogPluginManager: Mounting plugin PlanarCut
LogPluginManager: Mounting plugin PlatformCrypto
LogPluginManager: Mounting plugin ProxyLODPlugin
LogPluginManager: Mounting plugin SkeletalReduction
LogPluginManager: Mounting plugin Niagara
LogPluginManager: Mounting plugin MagicLeap
LogPluginManager: Mounting plugin MagicLeapLightEstimation
LogPluginManager: Mounting plugin MagicLeapMedia
LogPluginManager: Mounting plugin MagicLeapPassableWorld
LogPluginManager: Mounting plugin MLSDK
LogPluginManager: Mounting plugin AndroidMedia
LogPluginManager: Mounting plugin AvfMedia
LogPluginManager: Mounting plugin ImgMedia
LogPluginManager: Mounting plugin MediaCompositing
LogPluginManager: Mounting plugin MediaPlayerEditor
LogPluginManager: Mounting plugin WebMMedia
LogPluginManager: Mounting plugin WmfMedia
LogPluginManager: Mounting plugin MeshPainting
LogPluginManager: Mounting plugin TcpMessaging
LogPluginManager: Mounting plugin UdpMessaging
LogPluginManager: Mounting plugin ActorSequence
LogPluginManager: Mounting plugin LevelSequenceEditor
LogPluginManager: Mounting plugin MatineeToLevelSequence
LogPluginManager: Mounting plugin MovieRenderPipeline
LogPluginManager: Mounting plugin TemplateSequence
LogPluginManager: Mounting plugin NetcodeUnitTest
LogPluginManager: Mounting plugin NUTUnrealEngine4
LogPluginManager: Mounting plugin OnlineSubsystemGooglePlay
LogPluginManager: Mounting plugin OnlineSubsystemIOS
LogPluginManager: Mounting plugin OnlineSubsystem
LogPluginManager: Mounting plugin OnlineSubsystemNull
LogPluginManager: Mounting plugin OnlineSubsystemUtils
LogPluginManager: Mounting plugin LauncherChunkInstaller
LogPluginManager: Mounting plugin AndroidDeviceProfileSelector
LogPluginManager: Mounting plugin AndroidMoviePlayer
LogPluginManager: Mounting plugin AndroidPermission
LogPluginManager: Mounting plugin AppleImageUtils
LogPluginManager: Mounting plugin AppleMoviePlayer
LogPluginManager: Mounting plugin ArchVisCharacter
LogPluginManager: Mounting plugin AssetTags
LogPluginManager: Mounting plugin AudioCapture
LogPluginManager: Mounting plugin CableComponent
LogPluginManager: Mounting plugin CustomMeshComponent
LogPluginManager: Mounting plugin EditableMesh
LogPluginManager: Mounting plugin ExampleDeviceProfileSelector
LogPluginManager: Mounting plugin GoogleCloudMessaging
LogPluginManager: Mounting plugin GooglePAD
LogPluginManager: Mounting plugin IOSDeviceProfileSelector
LogPluginManager: Mounting plugin LinuxDeviceProfileSelector
LogPluginManager: Mounting plugin LocationServicesBPLibrary
LogPluginManager: Mounting plugin MobilePatchingUtils
LogPluginManager: Mounting plugin OculusVR
LogPluginManager: Mounting plugin PhysXVehicles
LogPluginManager: Mounting plugin PostSplashScreen
LogPluginManager: Mounting plugin ProceduralMeshComponent
LogPluginManager: Mounting plugin RuntimePhysXCooking
LogPluginManager: Mounting plugin SignificanceManager
LogPluginManager: Mounting plugin SoundFields
LogPluginManager: Mounting plugin SteamVR
LogPluginManager: Mounting plugin Synthesis
LogPluginManager: Mounting plugin WebMMoviePlayer
LogPluginManager: Mounting plugin WindowsMoviePlayer
LogPluginManager: Mounting plugin ScreenshotTools
LogInit: Using libcurl 7.55.1-DEV
LogInit:  - built for x86_64-pc-win32
LogInit:  - supports SSL with OpenSSL/1.1.1
LogInit:  - supports HTTP deflate (compression) using libz 1.2.8
LogInit:  - other features:
LogInit:      CURL_VERSION_SSL
LogInit:      CURL_VERSION_LIBZ
LogInit:      CURL_VERSION_IPV6
LogInit:      CURL_VERSION_ASYNCHDNS
LogInit:      CURL_VERSION_LARGEFILE
LogInit:      CURL_VERSION_IDN
LogInit:  CurlRequestOptions (configurable via config and command line):
LogInit:  - bVerifyPeer = true  - Libcurl will verify peer certificate
LogInit:  - bUseHttpProxy = false  - Libcurl will NOT use HTTP proxy
LogInit:  - bDontReuseConnections = false  - Libcurl will reuse connections
LogInit:  - MaxHostConnections = 16  - Libcurl will limit the number of connections to a host
LogInit:  - LocalHostAddr = Default
LogInit:  - BufferSize = 65536
LogOnline: OSS: Creating online subsystem instance for: NULL
LogInit: WinSock: version 1.1 (2.2), MaxSocks=32767, MaxUdp=65467
LogOnline: OSS: TryLoadSubsystemAndSetDefault: Loaded subsystem for module [NULL]
LogInit: Build: ++UE4+Release-4.25-CL-14469661
LogInit: Engine Version: 4.25.4-14469661+++UE4+Release-4.25
LogInit: Compatible Engine Version: 4.25.0-13144385+++UE4+Release-4.25
LogInit: Net CL: 13144385
LogInit: OS: Windows 10 (Release 1909) (), CPU: Intel(R) Core(TM) i7-6700 CPU @ 3.40GHz, GPU: NVIDIA GeForce GTX 980
LogInit: Compiled (64-bit): Oct 11 2020 08:10:49
LogInit: Compiled with Visual C++: 19.24.28315.00
LogInit: Build Configuration: Development
LogInit: Branch Name: ++UE4+Release-4.25
LogInit: Command Line: 
LogInit: Base Directory: D:/UE_4.25/Engine/Binaries/Win64/
LogInit: Allocator: TBB
LogInit: Installed Engine Build: 1
LogDevObjectVersion: Number of dev versions registered: 26
LogDevObjectVersion:   Dev-Blueprints (B0D832E4-1F89-4F0D-ACCF-7EB736FD4AA2): 10
LogDevObjectVersion:   Dev-Build (E1C64328-A22C-4D53-A36C-8E866417BD8C): 0
LogDevObjectVersion:   Dev-Core (375EC13C-06E4-48FB-B500-84F0262A717E): 4
LogDevObjectVersion:   Dev-Editor (E4B068ED-F494-42E9-A231-DA0B2E46BB41): 38
LogDevObjectVersion:   Dev-Framework (CFFC743F-43B0-4480-9391-14DF171D2073): 37
LogDevObjectVersion:   Dev-Mobile (B02B49B5-BB20-44E9-A304-32B752E40360): 2
LogDevObjectVersion:   Dev-Networking (A4E4105C-59A1-49B5-A7C5-40C4547EDFEE): 0
LogDevObjectVersion:   Dev-Online (39C831C9-5AE6-47DC-9A44-9C173E1C8E7C): 0
LogDevObjectVersion:   Dev-Physics (78F01B33-EBEA-4F98-B9B4-84EACCB95AA2): 4
LogDevObjectVersion:   Dev-Platform (6631380F-2D4D-43E0-8009-CF276956A95A): 0
LogDevObjectVersion:   Dev-Rendering (12F88B9F-8875-4AFC-A67C-D90C383ABD29): 43
LogDevObjectVersion:   Dev-Sequencer (7B5AE74C-D270-4C10-A958-57980B212A5A): 12
LogDevObjectVersion:   Dev-VR (D7296918-1DD6-4BDD-9DE2-64A83CC13884): 3
LogDevObjectVersion:   Dev-LoadTimes (C2A15278-BFE7-4AFE-6C17-90FF531DF755): 1
LogDevObjectVersion:   Private-Geometry (6EACA3D4-40EC-4CC1-B786-8BED09428FC5): 3
LogDevObjectVersion:   Dev-AnimPhys (29E575DD-E0A3-4627-9D10-D276232CDCEA): 17
LogDevObjectVersion:   Dev-Anim (AF43A65D-7FD3-4947-9873-3E8ED9C1BB05): 7
LogDevObjectVersion:   Dev-ReflectionCapture (6B266CEC-1EC7-4B8F-A30B-E4D90942FC07): 1
LogDevObjectVersion:   Dev-Automation (0DF73D61-A23F-47EA-B727-89E90C41499A): 1
LogDevObjectVersion:   FortniteMain (601D1886-AC64-4F84-AA16-D3DE0DEAC7D6): 31
LogDevObjectVersion:   Dev-Enterprise (9DFFBCD6-494F-0158-E221-12823C92A888): 10
LogDevObjectVersion:   Dev-Niagara (F2AED0AC-9AFE-416F-8664-AA7FFA26D6FC): 1
LogDevObjectVersion:   Dev-Destruction (174F1F0B-B4C6-45A5-B13F-2EE8D0FB917D): 10
LogDevObjectVersion:   Dev-Physics-Ext (35F94A83-E258-406C-A318-09F59610247C): 37
LogDevObjectVersion:   Dev-PhysicsMaterial-Chaos (B68FC16E-8B1B-42E2-B453-215C058844FE): 1
LogDevObjectVersion:   Dev-CineCamera (B2E18506-4273-CFC2-A54E-F4BB758BBA07): 1
LogInit: Presizing for max 25165824 objects, including 0 objects not considered by GC, pre-allocating 0 bytes for permanent pool.
LogConfig: Applying CVar settings from Section [/Script/Engine.StreamingSettings] File [E:/_Git/Majors/CIU330-Major-Project/DeathStrikes/Saved/Config/Windows/Engine.ini]
LogConfig: Setting CVar [[s.MinBulkDataSizeForAsyncLoading:131072]]
LogConfig: Setting CVar [[s.AsyncLoadingThreadEnabled:0]]
LogConfig: Setting CVar [[s.EventDrivenLoaderEnabled:1]]
LogConfig: Setting CVar [[s.WarnIfTimeLimitExceeded:0]]
LogConfig: Setting CVar [[s.TimeLimitExceededMultiplier:1.5]]
LogConfig: Setting CVar [[s.TimeLimitExceededMinTime:0.005]]
LogConfig: Setting CVar [[s.UseBackgroundLevelStreaming:1]]
LogConfig: Setting CVar [[s.PriorityAsyncLoadingExtraTime:15.0]]
LogConfig: Setting CVar [[s.LevelStreamingActorsUpdateTimeLimit:5.0]]
LogConfig: Setting CVar [[s.PriorityLevelStreamingActorsUpdateExtraTime:5.0]]
LogConfig: Setting CVar [[s.LevelStreamingComponentsRegistrationGranularity:10]]
LogConfig: Setting CVar [[s.UnregisterComponentsTimeLimit:1.0]]
LogConfig: Setting CVar [[s.LevelStreamingComponentsUnregistrationGranularity:5]]
LogConfig: Setting CVar [[s.FlushStreamingOnExit:1]]
LogInit: Object subsystem initialized
LogConfig: Setting CVar [[con.DebugEarlyDefault:1]]
LogConfig: Setting CVar [[r.setres:1280x720]]
[2021.03.29-21.44.43:857][  0]LogConfig: Setting CVar [[r.VSync:0]]
[2021.03.29-21.44.43:857][  0]LogConfig: Setting CVar [[r.RHICmdBypass:0]]
[2021.03.29-21.44.43:857][  0]LogConfig: Applying CVar settings from Section [/Script/Engine.RendererSettings] File [E:/_Git/Majors/CIU330-Major-Project/DeathStrikes/Saved/Config/Windows/Engine.ini]
[2021.03.29-21.44.43:857][  0]LogConfig: Setting CVar [[r.GPUCrashDebugging:0]]
[2021.03.29-21.44.43:858][  0]LogConfig: Setting CVar [[r.DefaultFeature.AutoExposure:0]]
[2021.03.29-21.44.43:858][  0]LogConfig: Applying CVar settings from Section [/Script/Engine.RendererOverrideSettings] File [E:/_Git/Majors/CIU330-Major-Project/DeathStrikes/Saved/Config/Windows/Engine.ini]
[2021.03.29-21.44.43:858][  0]LogConfig: Applying CVar settings from Section [/Script/Engine.StreamingSettings] File [E:/_Git/Majors/CIU330-Major-Project/DeathStrikes/Saved/Config/Windows/Engine.ini]
[2021.03.29-21.44.43:858][  0]LogConfig: Setting CVar [[s.MinBulkDataSizeForAsyncLoading:131072]]
[2021.03.29-21.44.43:858][  0]LogConfig: Setting CVar [[s.AsyncLoadingThreadEnabled:0]]
[2021.03.29-21.44.43:858][  0]LogConfig: Setting CVar [[s.EventDrivenLoaderEnabled:1]]
[2021.03.29-21.44.43:858][  0]LogConfig: Setting CVar [[s.WarnIfTimeLimitExceeded:0]]
[2021.03.29-21.44.43:858][  0]LogConfig: Setting CVar [[s.TimeLimitExceededMultiplier:1.5]]
[2021.03.29-21.44.43:858][  0]LogConfig: Setting CVar [[s.TimeLimitExceededMinTime:0.005]]
[2021.03.29-21.44.43:858][  0]LogConfig: Setting CVar [[s.UseBackgroundLevelStreaming:1]]
[2021.03.29-21.44.43:858][  0]LogConfig: Setting CVar [[s.PriorityAsyncLoadingExtraTime:15.0]]
[2021.03.29-21.44.43:858][  0]LogConfig: Setting CVar [[s.LevelStreamingActorsUpdateTimeLimit:5.0]]
[2021.03.29-21.44.43:858][  0]LogConfig: Setting CVar [[s.PriorityLevelStreamingActorsUpdateExtraTime:5.0]]
[2021.03.29-21.44.43:858][  0]LogConfig: Setting CVar [[s.LevelStreamingComponentsRegistrationGranularity:10]]
[2021.03.29-21.44.43:858][  0]LogConfig: Setting CVar [[s.UnregisterComponentsTimeLimit:1.0]]
[2021.03.29-21.44.43:858][  0]LogConfig: Setting CVar [[s.LevelStreamingComponentsUnregistrationGranularity:5]]
[2021.03.29-21.44.43:858][  0]LogConfig: Setting CVar [[s.FlushStreamingOnExit:1]]
[2021.03.29-21.44.43:858][  0]LogConfig: Applying CVar settings from Section [/Script/Engine.GarbageCollectionSettings] File [E:/_Git/Majors/CIU330-Major-Project/DeathStrikes/Saved/Config/Windows/Engine.ini]
[2021.03.29-21.44.43:858][  0]LogConfig: Setting CVar [[gc.MaxObjectsNotConsideredByGC:1]]
[2021.03.29-21.44.43:858][  0]LogConfig: Setting CVar [[gc.SizeOfPermanentObjectPool:0]]
[2021.03.29-21.44.43:858][  0]LogConfig: Setting CVar [[gc.FlushStreamingOnGC:0]]
[2021.03.29-21.44.43:858][  0]LogConfig: Setting CVar [[gc.NumRetriesBeforeForcingGC:10]]
[2021.03.29-21.44.43:858][  0]LogConfig: Setting CVar [[gc.AllowParallelGC:1]]
[2021.03.29-21.44.43:858][  0]LogConfig: Setting CVar [[gc.TimeBetweenPurgingPendingKillObjects:61.1]]
[2021.03.29-21.44.43:858][  0]LogConfig: Setting CVar [[gc.MaxObjectsInEditor:25165824]]
[2021.03.29-21.44.43:858][  0]LogConfig: Setting CVar [[gc.IncrementalBeginDestroyEnabled:1]]
[2021.03.29-21.44.43:858][  0]LogConfig: Setting CVar [[gc.CreateGCClusters:1]]
[2021.03.29-21.44.43:858][  0]LogConfig: Setting CVar [[gc.MinGCClusterSize:5]]
[2021.03.29-21.44.43:858][  0]LogConfig: Setting CVar [[gc.ActorClusteringEnabled:0]]
[2021.03.29-21.44.43:858][  0]LogConfig: Setting CVar [[gc.BlueprintClusteringEnabled:0]]
[2021.03.29-21.44.43:858][  0]LogConfig: Setting CVar [[gc.UseDisregardForGCOnDedicatedServers:0]]
[2021.03.29-21.44.43:858][  0]LogConfig: Applying CVar settings from Section [/Script/Engine.NetworkSettings] File [E:/_Git/Majors/CIU330-Major-Project/DeathStrikes/Saved/Config/Windows/Engine.ini]
[2021.03.29-21.44.43:858][  0]LogConfig: Applying CVar settings from Section [/Script/UnrealEd.CookerSettings] File [E:/_Git/Majors/CIU330-Major-Project/DeathStrikes/Saved/Config/Windows/Engine.ini]
[2021.03.29-21.44.43:862][  0]LogConfig: Applying CVar settings from Section [ViewDistanceQuality@3] File [E:/_Git/Majors/CIU330-Major-Project/DeathStrikes/Saved/Config/Windows/Scalability.ini]
[2021.03.29-21.44.43:862][  0]LogConfig: Setting CVar [[r.SkeletalMeshLODBias:0]]
[2021.03.29-21.44.43:862][  0]LogConfig: Setting CVar [[r.ViewDistanceScale:1.0]]
[2021.03.29-21.44.43:862][  0]LogConfig: Applying CVar settings from Section [AntiAliasingQuality@3] File [E:/_Git/Majors/CIU330-Major-Project/DeathStrikes/Saved/Config/Windows/Scalability.ini]
[2021.03.29-21.44.43:862][  0]LogConfig: Setting CVar [[r.PostProcessAAQuality:4]]
[2021.03.29-21.44.43:862][  0]LogConfig: Applying CVar settings from Section [ShadowQuality@3] File [E:/_Git/Majors/CIU330-Major-Project/DeathStrikes/Saved/Config/Windows/Scalability.ini]
[2021.03.29-21.44.43:862][  0]LogConfig: Setting CVar [[r.LightFunctionQuality:1]]
[2021.03.29-21.44.43:862][  0]LogConfig: Setting CVar [[r.ShadowQuality:5]]
[2021.03.29-21.44.43:862][  0]LogConfig: Setting CVar [[r.Shadow.CSM.MaxCascades:10]]
[2021.03.29-21.44.43:862][  0]LogConfig: Setting CVar [[r.Shadow.MaxResolution:2048]]
[2021.03.29-21.44.43:862][  0]LogConfig: Setting CVar [[r.Shadow.MaxCSMResolution:2048]]
[2021.03.29-21.44.43:862][  0]LogConfig: Setting CVar [[r.Shadow.RadiusThreshold:0.01]]
[2021.03.29-21.44.43:862][  0]LogConfig: Setting CVar [[r.Shadow.DistanceScale:1.0]]
[2021.03.29-21.44.43:862][  0]LogConfig: Setting CVar [[r.Shadow.CSM.TransitionScale:1.0]]
[2021.03.29-21.44.43:862][  0]LogConfig: Setting CVar [[r.Shadow.PreShadowResolutionFactor:1.0]]
[2021.03.29-21.44.43:862][  0]LogConfig: Setting CVar [[r.DistanceFieldShadowing:1]]
[2021.03.29-21.44.43:862][  0]LogConfig: Setting CVar [[r.DistanceFieldAO:1]]
[2021.03.29-21.44.43:862][  0]LogConfig: Setting CVar [[r.AOQuality:2]]
[2021.03.29-21.44.43:862][  0]LogConfig: Setting CVar [[r.VolumetricFog:1]]
[2021.03.29-21.44.43:862][  0]LogConfig: Setting CVar [[r.VolumetricFog.GridPixelSize:8]]
[2021.03.29-21.44.43:862][  0]LogConfig: Setting CVar [[r.VolumetricFog.GridSizeZ:128]]
[2021.03.29-21.44.43:862][  0]LogConfig: Setting CVar [[r.VolumetricFog.HistoryMissSupersampleCount:4]]
[2021.03.29-21.44.43:862][  0]LogConfig: Setting CVar [[r.LightMaxDrawDistanceScale:1]]
[2021.03.29-21.44.43:862][  0]LogConfig: Setting CVar [[r.CapsuleShadows:1]]
[2021.03.29-21.44.43:862][  0]LogConfig: Applying CVar settings from Section [PostProcessQuality@3] File [E:/_Git/Majors/CIU330-Major-Project/DeathStrikes/Saved/Config/Windows/Scalability.ini]
[2021.03.29-21.44.43:862][  0]LogConfig: Setting CVar [[r.MotionBlurQuality:4]]
[2021.03.29-21.44.43:862][  0]LogConfig: Setting CVar [[r.AmbientOcclusionMipLevelFactor:0.4]]
[2021.03.29-21.44.43:862][  0]LogConfig: Setting CVar [[r.AmbientOcclusionMaxQuality:100]]
[2021.03.29-21.44.43:862][  0]LogConfig: Setting CVar [[r.AmbientOcclusionLevels:-1]]
[2021.03.29-21.44.43:862][  0]LogConfig: Setting CVar [[r.AmbientOcclusionRadiusScale:1.0]]
[2021.03.29-21.44.43:862][  0]LogConfig: Setting CVar [[r.DepthOfFieldQuality:2]]
[2021.03.29-21.44.43:862][  0]LogConfig: Setting CVar [[r.RenderTargetPoolMin:400]]
[2021.03.29-21.44.43:862][  0]LogConfig: Setting CVar [[r.LensFlareQuality:2]]
[2021.03.29-21.44.43:862][  0]LogConfig: Setting CVar [[r.SceneColorFringeQuality:1]]
[2021.03.29-21.44.43:863][  0]LogConfig: Setting CVar [[r.EyeAdaptationQuality:2]]
[2021.03.29-21.44.43:863][  0]LogConfig: Setting CVar [[r.BloomQuality:5]]
[2021.03.29-21.44.43:863][  0]LogConfig: Setting CVar [[r.FastBlurThreshold:100]]
[2021.03.29-21.44.43:863][  0]LogConfig: Setting CVar [[r.Upscale.Quality:3]]
[2021.03.29-21.44.43:863][  0]LogConfig: Setting CVar [[r.Tonemapper.GrainQuantization:1]]
[2021.03.29-21.44.43:863][  0]LogConfig: Setting CVar [[r.LightShaftQuality:1]]
[2021.03.29-21.44.43:863][  0]LogConfig: Setting CVar [[r.Filter.SizeScale:1]]
[2021.03.29-21.44.43:863][  0]LogConfig: Setting CVar [[r.Tonemapper.Quality:5]]
[2021.03.29-21.44.43:863][  0]LogConfig: Setting CVar [[r.DOF.Gather.AccumulatorQuality:1        ; higher gathering accumulator quality]]
[2021.03.29-21.44.43:863][  0]LogConfig: Setting CVar [[r.DOF.Gather.PostfilterMethod:1          ; Median3x3 postfilering method]]
[2021.03.29-21.44.43:863][  0]LogConfig: Setting CVar [[r.DOF.Gather.EnableBokehSettings:0       ; no bokeh simulation when gathering]]
[2021.03.29-21.44.43:863][  0]LogConfig: Setting CVar [[r.DOF.Gather.RingCount:4                 ; medium number of samples when gathering]]
[2021.03.29-21.44.43:863][  0]LogConfig: Setting CVar [[r.DOF.Scatter.ForegroundCompositing:1    ; additive foreground scattering]]
[2021.03.29-21.44.43:863][  0]LogConfig: Setting CVar [[r.DOF.Scatter.BackgroundCompositing:2    ; additive background scattering]]
[2021.03.29-21.44.43:863][  0]LogConfig: Setting CVar [[r.DOF.Scatter.EnableBokehSettings:1      ; bokeh simulation when scattering]]
[2021.03.29-21.44.43:863][  0]LogConfig: Setting CVar [[r.DOF.Scatter.MaxSpriteRatio:0.1         ; only a maximum of 10% of scattered bokeh]]
[2021.03.29-21.44.43:863][  0]LogConfig: Setting CVar [[r.DOF.Recombine.Quality:1                ; cheap slight out of focus]]
[2021.03.29-21.44.43:863][  0]LogConfig: Setting CVar [[r.DOF.Recombine.EnableBokehSettings:0    ; no bokeh simulation on slight out of focus]]
[2021.03.29-21.44.43:863][  0]LogConfig: Setting CVar [[r.DOF.TemporalAAQuality:1                ; more stable temporal accumulation]]
[2021.03.29-21.44.43:863][  0]LogConfig: Setting CVar [[r.DOF.Kernel.MaxForegroundRadius:0.025]]
[2021.03.29-21.44.43:863][  0]LogConfig: Setting CVar [[r.DOF.Kernel.MaxBackgroundRadius:0.025]]
[2021.03.29-21.44.43:863][  0]LogConfig: Applying CVar settings from Section [TextureQuality@3] File [E:/_Git/Majors/CIU330-Major-Project/DeathStrikes/Saved/Config/Windows/Scalability.ini]
[2021.03.29-21.44.43:863][  0]LogConfig: Setting CVar [[r.Streaming.MipBias:0]]
[2021.03.29-21.44.43:863][  0]LogConfig: Setting CVar [[r.Streaming.AmortizeCPUToGPUCopy:0]]
[2021.03.29-21.44.43:863][  0]LogConfig: Setting CVar [[r.Streaming.MaxNumTexturesToStreamPerFrame:0]]
[2021.03.29-21.44.43:863][  0]LogConfig: Setting CVar [[r.Streaming.Boost:1]]
[2021.03.29-21.44.43:863][  0]LogConfig: Setting CVar [[r.MaxAnisotropy:8]]
[2021.03.29-21.44.43:863][  0]LogConfig: Setting CVar [[r.VT.MaxAnisotropy:8]]
[2021.03.29-21.44.43:863][  0]LogConfig: Setting CVar [[r.Streaming.LimitPoolSizeToVRAM:0]]
[2021.03.29-21.44.43:863][  0]LogConfig: Setting CVar [[r.Streaming.PoolSize:1000]]
[2021.03.29-21.44.43:863][  0]LogConfig: Setting CVar [[r.Streaming.MaxEffectiveScreenSize:0]]
[2021.03.29-21.44.43:863][  0]LogConfig: Applying CVar settings from Section [EffectsQuality@3] File [E:/_Git/Majors/CIU330-Major-Project/DeathStrikes/Saved/Config/Windows/Scalability.ini]
[2021.03.29-21.44.43:863][  0]LogConfig: Setting CVar [[r.TranslucencyLightingVolumeDim:64]]
[2021.03.29-21.44.43:863][  0]LogConfig: Setting CVar [[r.RefractionQuality:2]]
[2021.03.29-21.44.43:863][  0]LogConfig: Setting CVar [[r.SSR.Quality:3]]
[2021.03.29-21.44.43:863][  0]LogConfig: Setting CVar [[r.SSR.HalfResSceneColor:0]]
[2021.03.29-21.44.43:863][  0]LogConfig: Setting CVar [[r.SceneColorFormat:4]]
[2021.03.29-21.44.43:863][  0]LogConfig: Setting CVar [[r.DetailMode:2]]
[2021.03.29-21.44.43:863][  0]LogConfig: Setting CVar [[r.TranslucencyVolumeBlur:1]]
[2021.03.29-21.44.43:863][  0]LogConfig: Setting CVar [[r.MaterialQualityLevel:1 ; High quality]]
[2021.03.29-21.44.43:863][  0]LogConfig: Setting CVar [[r.SSS.Scale:1]]
[2021.03.29-21.44.43:863][  0]LogConfig: Setting CVar [[r.SSS.SampleSet:2]]
[2021.03.29-21.44.43:863][  0]LogConfig: Setting CVar [[r.SSS.Quality:1]]
[2021.03.29-21.44.43:863][  0]LogConfig: Setting CVar [[r.SSS.HalfRes:0]]
[2021.03.29-21.44.43:863][  0]LogConfig: Setting CVar [[r.SSGI.Quality:3]]
[2021.03.29-21.44.43:863][  0]LogConfig: Setting CVar [[r.EmitterSpawnRateScale:1.0]]
[2021.03.29-21.44.43:863][  0]LogConfig: Setting CVar [[r.ParticleLightQuality:2]]
[2021.03.29-21.44.43:863][  0]LogConfig: Setting CVar [[r.SkyAtmosphere.AerialPerspectiveLUT.FastApplyOnOpaque:1 ; Always have FastSkyLUT 1 in this case to avoid wrong sky]]
[2021.03.29-21.44.43:863][  0]LogConfig: Setting CVar [[r.SkyAtmosphere.AerialPerspectiveLUT.SampleCountPerSlice:1]]
[2021.03.29-21.44.43:863][  0]LogConfig: Setting CVar [[r.SkyAtmosphere.AerialPerspectiveLUT.DepthResolution:16.0]]
[2021.03.29-21.44.43:863][  0]LogConfig: Setting CVar [[r.SkyAtmosphere.FastSkyLUT:1]]
[2021.03.29-21.44.43:863][  0]LogConfig: Setting CVar [[r.SkyAtmosphere.FastSkyLUT.SampleCountMin:4.0]]
[2021.03.29-21.44.43:863][  0]LogConfig: Setting CVar [[r.SkyAtmosphere.FastSkyLUT.SampleCountMax:32.0]]
[2021.03.29-21.44.43:864][  0]LogConfig: Setting CVar [[r.SkyAtmosphere.SampleCountMin:4.0]]
[2021.03.29-21.44.43:864][  0]LogConfig: Setting CVar [[r.SkyAtmosphere.SampleCountMax:32.0]]
[2021.03.29-21.44.43:864][  0]LogConfig: Setting CVar [[r.SkyAtmosphere.TransmittanceLUT.UseSmallFormat:0]]
[2021.03.29-21.44.43:864][  0]LogConfig: Setting CVar [[r.SkyAtmosphere.TransmittanceLUT.SampleCount:10.0]]
[2021.03.29-21.44.43:864][  0]LogConfig: Setting CVar [[r.SkyAtmosphere.MultiScatteringLUT.SampleCount:15.0]]
[2021.03.29-21.44.43:864][  0]LogConfig: Applying CVar settings from Section [FoliageQuality@3] File [E:/_Git/Majors/CIU330-Major-Project/DeathStrikes/Saved/Config/Windows/Scalability.ini]
[2021.03.29-21.44.43:864][  0]LogConfig: Setting CVar [[foliage.DensityScale:1.0]]
[2021.03.29-21.44.43:864][  0]LogConfig: Setting CVar [[grass.DensityScale:1.0]]
[2021.03.29-21.44.43:864][  0]LogConfig: Applying CVar settings from Section [ShadingQuality@3] File [E:/_Git/Majors/CIU330-Major-Project/DeathStrikes/Saved/Config/Windows/Scalability.ini]
[2021.03.29-21.44.43:864][  0]LogConfig: Setting CVar [[r.HairStrands.SkyLighting.SampleCount:16]]
[2021.03.29-21.44.43:864][  0]LogConfig: Setting CVar [[r.HairStrands.SkyLighting.JitterIntegration:0]]
[2021.03.29-21.44.43:864][  0]LogConfig: Setting CVar [[r.HairStrands.SkyAO.SampleCount:16]]
[2021.03.29-21.44.43:864][  0]LogConfig: Setting CVar [[r.HairStrands.DeepShadow.SuperSampling:0]]
[2021.03.29-21.44.43:864][  0]LogConfig: Setting CVar [[r.HairStrands.VisibilityPPLL:0]]
[2021.03.29-21.44.43:864][  0]LogConfig: Setting CVar [[r.HairStrands.RasterizationScale:0.5]]
[2021.03.29-21.44.43:864][  0]LogConfig: Setting CVar [[r.HairStrands.VelocityRasterizationScale:1]]
[2021.03.29-21.44.43:864][  0]LogInit: Selected Device Profile: [Windows]
[2021.03.29-21.44.43:864][  0]LogInit: Applying CVar settings loaded from the selected device profile: [Windows]
[2021.03.29-21.44.43:864][  0]LogHAL: Display: Platform has ~ 32 GB [34270777344 / 34359738368 / 32], which maps to Largest [LargestMinGB=32, LargerMinGB=12, DefaultMinGB=8, SmallerMinGB=6, SmallestMinGB=0)
[2021.03.29-21.44.43:864][  0]LogInit: Going up to parent DeviceProfile []
[2021.03.29-21.44.43:864][  0]LogConfig: Applying CVar settings from Section [ViewDistanceQuality@3] File [E:/_Git/Majors/CIU330-Major-Project/DeathStrikes/Saved/Config/Windows/Scalability.ini]
[2021.03.29-21.44.43:864][  0]LogConfig: Setting CVar [[r.SkeletalMeshLODBias:0]]
[2021.03.29-21.44.43:864][  0]LogConfig: Setting CVar [[r.ViewDistanceScale:1.0]]
[2021.03.29-21.44.43:864][  0]LogConfig: Applying CVar settings from Section [AntiAliasingQuality@3] File [E:/_Git/Majors/CIU330-Major-Project/DeathStrikes/Saved/Config/Windows/Scalability.ini]
[2021.03.29-21.44.43:864][  0]LogConfig: Setting CVar [[r.PostProcessAAQuality:4]]
[2021.03.29-21.44.43:864][  0]LogConfig: Applying CVar settings from Section [ShadowQuality@3] File [E:/_Git/Majors/CIU330-Major-Project/DeathStrikes/Saved/Config/Windows/Scalability.ini]
[2021.03.29-21.44.43:864][  0]LogConfig: Setting CVar [[r.LightFunctionQuality:1]]
[2021.03.29-21.44.43:864][  0]LogConfig: Setting CVar [[r.ShadowQuality:5]]
[2021.03.29-21.44.43:864][  0]LogConfig: Setting CVar [[r.Shadow.CSM.MaxCascades:10]]
[2021.03.29-21.44.43:864][  0]LogConfig: Setting CVar [[r.Shadow.MaxResolution:2048]]
[2021.03.29-21.44.43:864][  0]LogConfig: Setting CVar [[r.Shadow.MaxCSMResolution:2048]]
[2021.03.29-21.44.43:864][  0]LogConfig: Setting CVar [[r.Shadow.RadiusThreshold:0.01]]
[2021.03.29-21.44.43:865][  0]LogConfig: Setting CVar [[r.Shadow.DistanceScale:1.0]]
[2021.03.29-21.44.43:865][  0]LogConfig: Setting CVar [[r.Shadow.CSM.TransitionScale:1.0]]
[2021.03.29-21.44.43:865][  0]LogConfig: Setting CVar [[r.Shadow.PreShadowResolutionFactor:1.0]]
[2021.03.29-21.44.43:865][  0]LogConfig: Setting CVar [[r.DistanceFieldShadowing:1]]
[2021.03.29-21.44.43:865][  0]LogConfig: Setting CVar [[r.DistanceFieldAO:1]]
[2021.03.29-21.44.43:865][  0]LogConfig: Setting CVar [[r.AOQuality:2]]
[2021.03.29-21.44.43:865][  0]LogConfig: Setting CVar [[r.VolumetricFog:1]]
[2021.03.29-21.44.43:865][  0]LogConfig: Setting CVar [[r.VolumetricFog.GridPixelSize:8]]
[2021.03.29-21.44.43:865][  0]LogConfig: Setting CVar [[r.VolumetricFog.GridSizeZ:128]]
[2021.03.29-21.44.43:865][  0]LogConfig: Setting CVar [[r.VolumetricFog.HistoryMissSupersampleCount:4]]
[2021.03.29-21.44.43:865][  0]LogConfig: Setting CVar [[r.LightMaxDrawDistanceScale:1]]
[2021.03.29-21.44.43:865][  0]LogConfig: Setting CVar [[r.CapsuleShadows:1]]
[2021.03.29-21.44.43:865][  0]LogConfig: Applying CVar settings from Section [PostProcessQuality@3] File [E:/_Git/Majors/CIU330-Major-Project/DeathStrikes/Saved/Config/Windows/Scalability.ini]
[2021.03.29-21.44.43:865][  0]LogConfig: Setting CVar [[r.MotionBlurQuality:4]]
[2021.03.29-21.44.43:865][  0]LogConfig: Setting CVar [[r.AmbientOcclusionMipLevelFactor:0.4]]
[2021.03.29-21.44.43:865][  0]LogConfig: Setting CVar [[r.AmbientOcclusionMaxQuality:100]]
[2021.03.29-21.44.43:865][  0]LogConfig: Setting CVar [[r.AmbientOcclusionLevels:-1]]
[2021.03.29-21.44.43:865][  0]LogConfig: Setting CVar [[r.AmbientOcclusionRadiusScale:1.0]]
[2021.03.29-21.44.43:865][  0]LogConfig: Setting CVar [[r.DepthOfFieldQuality:2]]
[2021.03.29-21.44.43:865][  0]LogConfig: Setting CVar [[r.RenderTargetPoolMin:400]]
[2021.03.29-21.44.43:865][  0]LogConfig: Setting CVar [[r.LensFlareQuality:2]]
[2021.03.29-21.44.43:865][  0]LogConfig: Setting CVar [[r.SceneColorFringeQuality:1]]
[2021.03.29-21.44.43:865][  0]LogConfig: Setting CVar [[r.EyeAdaptationQuality:2]]
[2021.03.29-21.44.43:865][  0]LogConfig: Setting CVar [[r.BloomQuality:5]]
[2021.03.29-21.44.43:865][  0]LogConfig: Setting CVar [[r.FastBlurThreshold:100]]
[2021.03.29-21.44.43:865][  0]LogConfig: Setting CVar [[r.Upscale.Quality:3]]
[2021.03.29-21.44.43:865][  0]LogConfig: Setting CVar [[r.Tonemapper.GrainQuantization:1]]
[2021.03.29-21.44.43:865][  0]LogConfig: Setting CVar [[r.LightShaftQuality:1]]
[2021.03.29-21.44.43:865][  0]LogConfig: Setting CVar [[r.Filter.SizeScale:1]]
[2021.03.29-21.44.43:865][  0]LogConfig: Setting CVar [[r.Tonemapper.Quality:5]]
[2021.03.29-21.44.43:865][  0]LogConfig: Setting CVar [[r.DOF.Gather.AccumulatorQuality:1        ; higher gathering accumulator quality]]
[2021.03.29-21.44.43:865][  0]LogConfig: Setting CVar [[r.DOF.Gather.PostfilterMethod:1          ; Median3x3 postfilering method]]
[2021.03.29-21.44.43:865][  0]LogConfig: Setting CVar [[r.DOF.Gather.EnableBokehSettings:0       ; no bokeh simulation when gathering]]
[2021.03.29-21.44.43:865][  0]LogConfig: Setting CVar [[r.DOF.Gather.RingCount:4                 ; medium number of samples when gathering]]
[2021.03.29-21.44.43:865][  0]LogConfig: Setting CVar [[r.DOF.Scatter.ForegroundCompositing:1    ; additive foreground scattering]]
[2021.03.29-21.44.43:865][  0]LogConfig: Setting CVar [[r.DOF.Scatter.BackgroundCompositing:2    ; additive background scattering]]
[2021.03.29-21.44.43:865][  0]LogConfig: Setting CVar [[r.DOF.Scatter.EnableBokehSettings:1      ; bokeh simulation when scattering]]
[2021.03.29-21.44.43:865][  0]LogConfig: Setting CVar [[r.DOF.Scatter.MaxSpriteRatio:0.1         ; only a maximum of 10% of scattered bokeh]]
[2021.03.29-21.44.43:865][  0]LogConfig: Setting CVar [[r.DOF.Recombine.Quality:1                ; cheap slight out of focus]]
[2021.03.29-21.44.43:865][  0]LogConfig: Setting CVar [[r.DOF.Recombine.EnableBokehSettings:0    ; no bokeh simulation on slight out of focus]]
[2021.03.29-21.44.43:865][  0]LogConfig: Setting CVar [[r.DOF.TemporalAAQuality:1                ; more stable temporal accumulation]]
[2021.03.29-21.44.43:865][  0]LogConfig: Setting CVar [[r.DOF.Kernel.MaxForegroundRadius:0.025]]
[2021.03.29-21.44.43:865][  0]LogConfig: Setting CVar [[r.DOF.Kernel.MaxBackgroundRadius:0.025]]
[2021.03.29-21.44.43:865][  0]LogConfig: Applying CVar settings from Section [TextureQuality@3] File [E:/_Git/Majors/CIU330-Major-Project/DeathStrikes/Saved/Config/Windows/Scalability.ini]
[2021.03.29-21.44.43:865][  0]LogConfig: Setting CVar [[r.Streaming.MipBias:0]]
[2021.03.29-21.44.43:865][  0]LogConfig: Setting CVar [[r.Streaming.AmortizeCPUToGPUCopy:0]]
[2021.03.29-21.44.43:865][  0]LogConfig: Setting CVar [[r.Streaming.MaxNumTexturesToStreamPerFrame:0]]
[2021.03.29-21.44.43:865][  0]LogConfig: Setting CVar [[r.Streaming.Boost:1]]
[2021.03.29-21.44.43:865][  0]LogConfig: Setting CVar [[r.MaxAnisotropy:8]]
[2021.03.29-21.44.43:865][  0]LogConfig: Setting CVar [[r.VT.MaxAnisotropy:8]]
[2021.03.29-21.44.43:865][  0]LogConfig: Setting CVar [[r.Streaming.LimitPoolSizeToVRAM:0]]
[2021.03.29-21.44.43:866][  0]LogConfig: Setting CVar [[r.Streaming.PoolSize:1000]]
[2021.03.29-21.44.43:866][  0]LogConfig: Setting CVar [[r.Streaming.MaxEffectiveScreenSize:0]]
[2021.03.29-21.44.43:866][  0]LogConfig: Applying CVar settings from Section [EffectsQuality@3] File [E:/_Git/Majors/CIU330-Major-Project/DeathStrikes/Saved/Config/Windows/Scalability.ini]
[2021.03.29-21.44.43:866][  0]LogConfig: Setting CVar [[r.TranslucencyLightingVolumeDim:64]]
[2021.03.29-21.44.43:866][  0]LogConfig: Setting CVar [[r.RefractionQuality:2]]
[2021.03.29-21.44.43:866][  0]LogConfig: Setting CVar [[r.SSR.Quality:3]]
[2021.03.29-21.44.43:866][  0]LogConfig: Setting CVar [[r.SSR.HalfResSceneColor:0]]
[2021.03.29-21.44.43:866][  0]LogConfig: Setting CVar [[r.SceneColorFormat:4]]
[2021.03.29-21.44.43:866][  0]LogConfig: Setting CVar [[r.DetailMode:2]]
[2021.03.29-21.44.43:866][  0]LogConfig: Setting CVar [[r.TranslucencyVolumeBlur:1]]
[2021.03.29-21.44.43:866][  0]LogConfig: Setting CVar [[r.MaterialQualityLevel:1 ; High quality]]
[2021.03.29-21.44.43:866][  0]LogConfig: Setting CVar [[r.SSS.Scale:1]]
[2021.03.29-21.44.43:866][  0]LogConfig: Setting CVar [[r.SSS.SampleSet:2]]
[2021.03.29-21.44.43:866][  0]LogConfig: Setting CVar [[r.SSS.Quality:1]]
[2021.03.29-21.44.43:866][  0]LogConfig: Setting CVar [[r.SSS.HalfRes:0]]
[2021.03.29-21.44.43:866][  0]LogConfig: Setting CVar [[r.SSGI.Quality:3]]
[2021.03.29-21.44.43:866][  0]LogConfig: Setting CVar [[r.EmitterSpawnRateScale:1.0]]
[2021.03.29-21.44.43:866][  0]LogConfig: Setting CVar [[r.ParticleLightQuality:2]]
[2021.03.29-21.44.43:866][  0]LogConfig: Setting CVar [[r.SkyAtmosphere.AerialPerspectiveLUT.FastApplyOnOpaque:1 ; Always have FastSkyLUT 1 in this case to avoid wrong sky]]
[2021.03.29-21.44.43:866][  0]LogConfig: Setting CVar [[r.SkyAtmosphere.AerialPerspectiveLUT.SampleCountPerSlice:1]]
[2021.03.29-21.44.43:866][  0]LogConfig: Setting CVar [[r.SkyAtmosphere.AerialPerspectiveLUT.DepthResolution:16.0]]
[2021.03.29-21.44.43:866][  0]LogConfig: Setting CVar [[r.SkyAtmosphere.FastSkyLUT:1]]
[2021.03.29-21.44.43:866][  0]LogConfig: Setting CVar [[r.SkyAtmosphere.FastSkyLUT.SampleCountMin:4.0]]
[2021.03.29-21.44.43:866][  0]LogConfig: Setting CVar [[r.SkyAtmosphere.FastSkyLUT.SampleCountMax:32.0]]
[2021.03.29-21.44.43:866][  0]LogConfig: Setting CVar [[r.SkyAtmosphere.SampleCountMin:4.0]]
[2021.03.29-21.44.43:866][  0]LogConfig: Setting CVar [[r.SkyAtmosphere.SampleCountMax:32.0]]
[2021.03.29-21.44.43:866][  0]LogConfig: Setting CVar [[r.SkyAtmosphere.TransmittanceLUT.UseSmallFormat:0]]
[2021.03.29-21.44.43:866][  0]LogConfig: Setting CVar [[r.SkyAtmosphere.TransmittanceLUT.SampleCount:10.0]]
[2021.03.29-21.44.43:866][  0]LogConfig: Setting CVar [[r.SkyAtmosphere.MultiScatteringLUT.SampleCount:15.0]]
[2021.03.29-21.44.43:866][  0]LogConfig: Applying CVar settings from Section [FoliageQuality@3] File [E:/_Git/Majors/CIU330-Major-Project/DeathStrikes/Saved/Config/Windows/Scalability.ini]
[2021.03.29-21.44.43:866][  0]LogConfig: Setting CVar [[foliage.DensityScale:1.0]]
[2021.03.29-21.44.43:866][  0]LogConfig: Setting CVar [[grass.DensityScale:1.0]]
[2021.03.29-21.44.43:866][  0]LogConfig: Applying CVar settings from Section [ShadingQuality@3] File [E:/_Git/Majors/CIU330-Major-Project/DeathStrikes/Saved/Config/Windows/Scalability.ini]
[2021.03.29-21.44.43:866][  0]LogConfig: Setting CVar [[r.HairStrands.SkyLighting.SampleCount:16]]
[2021.03.29-21.44.43:866][  0]LogConfig: Setting CVar [[r.HairStrands.SkyLighting.JitterIntegration:0]]
[2021.03.29-21.44.43:866][  0]LogConfig: Setting CVar [[r.HairStrands.SkyAO.SampleCount:16]]
[2021.03.29-21.44.43:866][  0]LogConfig: Setting CVar [[r.HairStrands.DeepShadow.SuperSampling:0]]
[2021.03.29-21.44.43:866][  0]LogConfig: Setting CVar [[r.HairStrands.VisibilityPPLL:0]]
[2021.03.29-21.44.43:866][  0]LogConfig: Setting CVar [[r.HairStrands.RasterizationScale:0.5]]
[2021.03.29-21.44.43:867][  0]LogConfig: Setting CVar [[r.HairStrands.VelocityRasterizationScale:1]]
[2021.03.29-21.44.43:867][  0]LogConfig: Applying CVar settings from Section [Startup] File [../../../Engine/Config/ConsoleVariables.ini]
[2021.03.29-21.44.43:867][  0]LogConfig: Setting CVar [[net.UseAdaptiveNetUpdateFrequency:0]]
[2021.03.29-21.44.43:867][  0]LogConfig: Setting CVar [[p.chaos.AllowCreatePhysxBodies:1]]
[2021.03.29-21.44.43:867][  0]LogConfig: Setting CVar [[fx.SkipVectorVMBackendOptimizations:1]]
[2021.03.29-21.44.43:867][  0]LogConfig: Applying CVar settings from Section [ConsoleVariables] File [E:/_Git/Majors/CIU330-Major-Project/DeathStrikes/Saved/Config/Windows/Engine.ini]
[2021.03.29-21.44.43:867][  0]LogInit: Computer: SYD-R101-PC13
[2021.03.29-21.44.43:867][  0]LogInit: User: hegen
[2021.03.29-21.44.43:867][  0]LogInit: CPU Page size=4096, Cores=4
[2021.03.29-21.44.43:867][  0]LogInit: High frequency timer resolution =10.000000 MHz
[2021.03.29-21.44.43:867][  0]LogMemory: Memory total: Physical=31.9GB (32GB approx)
[2021.03.29-21.44.43:867][  0]LogMemory: Platform Memory Stats for Windows
[2021.03.29-21.44.43:867][  0]LogMemory: Process Physical Memory: 115.45 MB used, 115.45 MB peak
[2021.03.29-21.44.43:867][  0]LogMemory: Process Virtual Memory: 98.27 MB used, 98.27 MB peak
[2021.03.29-21.44.43:867][  0]LogMemory: Physical Memory: 9266.97 MB used,  23416.19 MB free, 32683.16 MB total
[2021.03.29-21.44.43:867][  0]LogMemory: Virtual Memory: 5145.77 MB used,  134212584.00 MB free, 134217728.00 MB total
[2021.03.29-21.44.43:875][  0]LogWindows: WindowsPlatformFeatures enabled
[2021.03.29-21.44.43:917][  0]LogInit: Physics initialised using underlying interface: PhysX
[2021.03.29-21.44.43:918][  0]LogInit: Using OS detected language (en-US).
[2021.03.29-21.44.43:918][  0]LogInit: Using OS detected locale (en-AU).
[2021.03.29-21.44.43:920][  0]LogTextLocalizationManager: No specific localization for 'en-US' exists, so the 'en' localization will be used.
[2021.03.29-21.44.44:142][  0]LogInit: Setting process to per monitor DPI aware
[2021.03.29-21.44.44:176][  0]LogSlate: New Slate User Created.  User Index 0, Is Virtual User: 0
[2021.03.29-21.44.44:176][  0]LogSlate: Slate User Registered.  User Index 0, Is Virtual User: 0
[2021.03.29-21.44.44:370][  0]LogHMD: Failed to initialize OpenVR with code 110
[2021.03.29-21.44.44:370][  0]LogD3D11RHI: D3D11 min allowed feature level: 11_0
[2021.03.29-21.44.44:370][  0]LogD3D11RHI: D3D11 max allowed feature level: 11_0
[2021.03.29-21.44.44:370][  0]LogD3D11RHI: D3D11 adapters:
[2021.03.29-21.44.44:448][  0]LogD3D11RHI:    0. 'NVIDIA GeForce GTX 980' (Feature Level 11_0)
[2021.03.29-21.44.44:448][  0]LogD3D11RHI:       4053/0/16341 MB DedicatedVideo/DedicatedSystem/SharedSystem, Outputs:1, VendorId:0x10de
[2021.03.29-21.44.44:451][  0]LogD3D11RHI:    1. 'Microsoft Basic Render Driver' (Feature Level 11_0)
[2021.03.29-21.44.44:451][  0]LogD3D11RHI:       0/0/16341 MB DedicatedVideo/DedicatedSystem/SharedSystem, Outputs:0, VendorId:0x1414
[2021.03.29-21.44.44:451][  0]LogD3D11RHI: Chosen D3D11 Adapter: 0
[2021.03.29-21.44.44:476][  0]LogD3D11RHI: Creating new Direct3DDevice
[2021.03.29-21.44.44:476][  0]LogD3D11RHI:     GPU DeviceId: 0x13c0 (for the marketing name, search the web for "GPU Device Id")
[2021.03.29-21.44.44:476][  0]LogWindows: EnumDisplayDevices:
[2021.03.29-21.44.44:476][  0]LogWindows:    0. 'NVIDIA GeForce GTX 980' (P:1 D:1)
[2021.03.29-21.44.44:476][  0]LogWindows:    1. 'NVIDIA GeForce GTX 980' (P:0 D:0)
[2021.03.29-21.44.44:477][  0]LogWindows:    2. 'NVIDIA GeForce GTX 980' (P:0 D:0)
[2021.03.29-21.44.44:478][  0]LogWindows:    3. 'NVIDIA GeForce GTX 980' (P:0 D:0)
[2021.03.29-21.44.44:478][  0]LogWindows: DebugString: FoundDriverCount:4 
[2021.03.29-21.44.44:478][  0]LogD3D11RHI:     Adapter Name: NVIDIA GeForce GTX 980
[2021.03.29-21.44.44:478][  0]LogD3D11RHI:   Driver Version: 441.87 (internal:26.21.14.4187, unified:441.87)
[2021.03.29-21.44.44:478][  0]LogD3D11RHI:      Driver Date: 12-24-2019
[2021.03.29-21.44.44:478][  0]LogRHI: Texture pool is 2837 MB (70% of 4053 MB)
[2021.03.29-21.44.44:523][  0]LogD3D11RHI: RHI has support for 64 bit atomics
[2021.03.29-21.44.44:523][  0]LogD3D11RHI: Async texture creation enabled
[2021.03.29-21.44.44:523][  0]LogD3D11RHI: Array index from any shader is supported
[2021.03.29-21.44.44:540][  0]LogD3D11RHI: GPU Timing Frequency: 1000.000000 (Debug: 2 1)
[2021.03.29-21.44.45:072][  0]LogTargetPlatformManager: Display: Loaded TargetPlatform 'AllDesktop'
[2021.03.29-21.44.45:100][  0]LogTargetPlatformManager: Display: Loaded TargetPlatform 'Android'
[2021.03.29-21.44.45:100][  0]LogTargetPlatformManager: Display: Loaded TargetPlatform 'Android_ASTC'
[2021.03.29-21.44.45:100][  0]LogTargetPlatformManager: Display: Loaded TargetPlatform 'Android_DXT'
[2021.03.29-21.44.45:100][  0]LogTargetPlatformManager: Display: Loaded TargetPlatform 'Android_ETC2'
[2021.03.29-21.44.45:100][  0]LogTargetPlatformManager: Display: Loaded TargetPlatform 'AndroidClient'
[2021.03.29-21.44.45:100][  0]LogTargetPlatformManager: Display: Loaded TargetPlatform 'Android_ASTCClient'
[2021.03.29-21.44.45:100][  0]LogTargetPlatformManager: Display: Loaded TargetPlatform 'Android_DXTClient'
[2021.03.29-21.44.45:100][  0]LogTargetPlatformManager: Display: Loaded TargetPlatform 'Android_ETC2Client'
[2021.03.29-21.44.45:100][  0]LogTargetPlatformManager: Display: Loaded TargetPlatform 'Android_Multi'
[2021.03.29-21.44.45:100][  0]LogTargetPlatformManager: Display: Loaded TargetPlatform 'Android_MultiClient'
[2021.03.29-21.44.45:120][  0]LogTargetPlatformManager: Display: Loaded TargetPlatform 'IOSClient'
[2021.03.29-21.44.45:120][  0]LogTargetPlatformManager: Display: Loaded TargetPlatform 'IOS'
[2021.03.29-21.44.45:129][  0]LogTargetPlatformManager: Display: Loaded TargetPlatform 'Linux'
[2021.03.29-21.44.45:136][  0]LogTargetPlatformManager: Display: Loaded TargetPlatform 'LinuxNoEditor'
[2021.03.29-21.44.45:144][  0]LogTargetPlatformManager: Display: Loaded TargetPlatform 'LinuxClient'
[2021.03.29-21.44.45:151][  0]LogTargetPlatformManager: Display: Loaded TargetPlatform 'LinuxServer'
[2021.03.29-21.44.45:158][  0]LogTargetPlatformManager: Display: Loaded TargetPlatform 'LinuxAArch64NoEditor'
[2021.03.29-21.44.45:166][  0]LogTargetPlatformManager: Display: Loaded TargetPlatform 'LinuxAArch64Client'
[2021.03.29-21.44.45:173][  0]LogTargetPlatformManager: Display: Loaded TargetPlatform 'LinuxAArch64Server'
[2021.03.29-21.44.45:207][  0]LogTargetPlatformManager: Display: Loaded TargetPlatform 'Lumin'
[2021.03.29-21.44.45:207][  0]LogTargetPlatformManager: Display: Loaded TargetPlatform 'LuminClient'
[2021.03.29-21.44.45:229][  0]LogTargetPlatformManager: Display: Loaded TargetPlatform 'TVOSClient'
[2021.03.29-21.44.45:229][  0]LogTargetPlatformManager: Display: Loaded TargetPlatform 'TVOS'
[2021.03.29-21.44.45:239][  0]LogTargetPlatformManager: Display: Loaded TargetPlatform 'WindowsNoEditor'
[2021.03.29-21.44.45:251][  0]LogTargetPlatformManager: Display: Loaded TargetPlatform 'Windows'
[2021.03.29-21.44.45:263][  0]LogTargetPlatformManager: Display: Loaded TargetPlatform 'WindowsClient'
[2021.03.29-21.44.45:274][  0]LogTargetPlatformManager: Display: Loaded TargetPlatform 'WindowsServer'
[2021.03.29-21.44.45:274][  0]LogTargetPlatformManager: Display: Building Assets For Windows
[2021.03.29-21.44.45:281][  0]LogAudioDebug: Display: Lib vorbis DLL was dynamically loaded.
[2021.03.29-21.44.45:321][  0]LogShaderCompilers: Guid format shader working directory is -3 characters bigger than the processId version (E:/_Git/Majors/CIU330-Major-Project/DeathStrikes/Intermediate/Shaders/WorkingDirectory/93760/).
[2021.03.29-21.44.45:321][  0]LogShaderCompilers: Cleaned the shader compiler working directory 'C:/Users/hegen/AppData/Local/Temp/UnrealShaderWorkingDir/0B9A6909480A168C0427E8B649C40793/'.
[2021.03.29-21.44.45:323][  0]LogShaderCompilers: Display: Using XGE Shader Compiler (Interception Interface).
[2021.03.29-21.44.46:262][  0]LogDerivedDataCache: Display: Max Cache Size: 512 MB
[2021.03.29-21.44.46:326][  0]LogDerivedDataCache: Loaded boot cache 0.06s 75MB C:/Users/hegen/AppData/Local/UnrealEngine/4.25/DerivedDataCache/Boot.ddc.
[2021.03.29-21.44.46:326][  0]LogDerivedDataCache: Display: Loaded Boot cache: C:/Users/hegen/AppData/Local/UnrealEngine/4.25/DerivedDataCache/Boot.ddc
[2021.03.29-21.44.46:327][  0]LogDerivedDataCache: FDerivedDataBackendGraph:  Pak pak cache file E:/_Git/Majors/CIU330-Major-Project/DeathStrikes/DerivedDataCache/DDC.ddp not found, will not use a pak cache.
[2021.03.29-21.44.46:327][  0]LogDerivedDataCache: Unable to find inner node Pak for hierarchical cache Hierarchy.
[2021.03.29-21.44.46:327][  0]LogDerivedDataCache: FDerivedDataBackendGraph:  CompressedPak pak cache file E:/_Git/Majors/CIU330-Major-Project/DeathStrikes/DerivedDataCache/Compressed.ddp not found, will not use a pak cache.
[2021.03.29-21.44.46:327][  0]LogDerivedDataCache: Unable to find inner node CompressedPak for hierarchical cache Hierarchy.
[2021.03.29-21.44.46:339][  0]LogDerivedDataCache: Display: Pak cache opened for reading ../../../Engine/DerivedDataCache/Compressed.ddp.
[2021.03.29-21.44.46:339][  0]LogDerivedDataCache: FDerivedDataBackendGraph:  EnterprisePak pak cache file ../../../Enterprise/DerivedDataCache/Compressed.ddp not found, will not use a pak cache.
[2021.03.29-21.44.46:339][  0]LogDerivedDataCache: Unable to find inner node EnterprisePak for hierarchical cache Hierarchy.
[2021.03.29-21.44.46:340][  0]LogDerivedDataCache: Using Local data cache path C:/Users/hegen/AppData/Local/UnrealEngine/Common/DerivedDataCache: Writable
[2021.03.29-21.44.46:340][  0]LogDerivedDataCache: Shared data cache path not found in *engine.ini, will not use an Shared cache.
[2021.03.29-21.44.46:340][  0]LogDerivedDataCache: Unable to find inner node Shared for hierarchical cache Hierarchy.
[2021.03.29-21.44.46:412][  0]LogSlate: Using FreeType 2.10.0
[2021.03.29-21.44.46:413][  0]LogSlate: SlateFontServices - WITH_FREETYPE: 1, WITH_HARFBUZZ: 1
[2021.03.29-21.44.46:441][  0]LogAssetRegistry: FAssetRegistry took 0.0030 seconds to start up
[2021.03.29-21.44.46:757][  0]LogAssetRegistry: Error: Failed to open file for write E:/_Git/Majors/CIU330-Major-Project/DeathStrikes/Intermediate/CachedAssetRegistry.bin
[2021.03.29-21.44.46:757][  0]LogInit: Selected Device Profile: [Windows]
[2021.03.29-21.44.47:048][  0]LogMeshReduction: Using QuadricMeshReduction for automatic static mesh reduction
[2021.03.29-21.44.47:048][  0]LogMeshReduction: Using SimplygonMeshReduction for automatic skeletal mesh reduction
[2021.03.29-21.44.47:048][  0]LogMeshReduction: Using ProxyLODMeshReduction for automatic mesh merging
[2021.03.29-21.44.47:048][  0]LogMeshReduction: No distributed automatic mesh merging module available
[2021.03.29-21.44.47:048][  0]LogMeshMerging: No distributed automatic mesh merging module available
[2021.03.29-21.44.47:065][  0]LogNetVersion: DeathStrikes 1.0.0, NetCL: 13144385, EngineNetVer: 14, GameNetVer: 0 (Checksum: 3077566668)
[2021.03.29-21.44.47:673][  0]LogAISub: UAISubsystem::UAISubsystem AISubsystem (000002174A2B1BC0), frame # 0
[2021.03.29-21.44.47:673][  0]LogAISub: UAISubsystem::UAISubsystem AIPerceptionSystem (000002174A2091C0), frame # 0
[2021.03.29-21.44.47:675][  0]LogAISub: UAISubsystem::UAISubsystem EnvQueryManager (000002174A21B200), frame # 0
[2021.03.29-21.44.47:951][  0]LogPackageLocalizationCache: Processed 19 localized package path(s) for 1 prioritized culture(s) in 0.266596 seconds
[2021.03.29-21.44.47:956][  0]LogUObjectArray: 15917 objects as part of root set at end of initial load.
[2021.03.29-21.44.47:956][  0]LogUObjectAllocator: 3965568 out of 0 bytes used by permanent object pool.
[2021.03.29-21.44.47:956][  0]LogUObjectArray: CloseDisregardForGC: 0/0 objects in disregard for GC pool
[2021.03.29-21.44.48:379][  0]LogTcpMessaging: Initializing TcpMessaging bridge
[2021.03.29-21.44.48:385][  0]LogUdpMessaging: Initializing bridge on interface 0.0.0.0:0 to multicast group 230.0.0.1:6666.
[2021.03.29-21.44.48:500][  0]SourceControl: Source control is disabled
[2021.03.29-21.44.48:500][  0]SourceControl: Source control is disabled
[2021.03.29-21.44.48:505][  0]SourceControl: Source control is disabled
[2021.03.29-21.44.48:509][  0]SourceControl: Source control is disabled
[2021.03.29-21.44.48:520][  0]SourceControl: Source control is disabled
[2021.03.29-21.44.48:852][  0]LogAndroidPermission: UAndroidPermissionCallbackProxy::GetInstance
[2021.03.29-21.44.48:893][  0]LogAudioCaptureCore: Display: No Audio Capture implementations found. Audio input will be silent.
[2021.03.29-21.44.48:893][  0]LogAudioCaptureCore: Display: No Audio Capture implementations found. Audio input will be silent.
[2021.03.29-21.44.48:940][  0]LogOcInput: OculusInput pre-init called
[2021.03.29-21.44.48:951][  0]LogWindows: Failed to load 'OVRPlugin.dll' (GetLastError=126)
[2021.03.29-21.44.48:951][  0]LogWindows: File 'OVRPlugin.dll' does not exist
[2021.03.29-21.44.49:022][  0]LogEngine: Initializing Engine...
[2021.03.29-21.44.49:023][  0]LogHMD: Failed to initialize OpenVR with code 110
[2021.03.29-21.44.49:023][  0]LogMagicLeap: Warning: VR disabled because ZI is not enabled.  To enable, in the editor, Edit -> Project Settings -> Plugins -> Magic Leap Plugin -> Enable Zero Iteration
[2021.03.29-21.44.49:024][  0]LogStats: UGameplayTagsManager::InitializeManager -  0.000 s
[2021.03.29-21.44.49:212][  0]LogInit: Initializing FReadOnlyCVARCache
[2021.03.29-21.44.49:220][  0]LogAIModule: Creating AISystem for world Untitled
[2021.03.29-21.44.49:220][  0]LogAISub: UAISubsystem::UAISubsystem EnvQueryManager (00000217525A1800), frame # 0
[2021.03.29-21.44.49:220][  0]LogAISub: UAISubsystem::UAISubsystem AIPerceptionSystem (00000217525C1E40), frame # 0
[2021.03.29-21.44.49:224][  0]LogAudioMixer: Display: Audio Mixer Platform Settings:
[2021.03.29-21.44.49:224][  0]LogAudioMixer: Display: 	Sample Rate:						  48000
[2021.03.29-21.44.49:224][  0]LogAudioMixer: Display: 	Callback Buffer Frame Size Requested: 1024
[2021.03.29-21.44.49:224][  0]LogAudioMixer: Display: 	Callback Buffer Frame Size To Use:	  1024
[2021.03.29-21.44.49:224][  0]LogAudioMixer: Display: 	Number of buffers to queue:			  2
[2021.03.29-21.44.49:224][  0]LogAudioMixer: Display: 	Max Channels (voices):				  32
[2021.03.29-21.44.49:224][  0]LogAudioMixer: Display: 	Number of Async Source Workers:		  0
[2021.03.29-21.44.49:224][  0]LogAudio: Display: AudioDevice MaxSources: 32
[2021.03.29-21.44.49:225][  0]LogAudio: Display: Using built-in audio occlusion.
[2021.03.29-21.44.49:225][  0]LogAudioMixer: Display: Initializing audio mixer.
[2021.03.29-21.44.49:249][  0]LogAudioMixer: Display: 0: FrontLeft
[2021.03.29-21.44.49:249][  0]LogAudioMixer: Display: 1: FrontRight
[2021.03.29-21.44.49:319][  0]LogAudioMixer: Display: Using Audio Device Headset Earphone (HyperX Virtual Surround Sound)
[2021.03.29-21.44.49:319][  0]LogAudioMixer: Display: Initializing Sound Submixes...
[2021.03.29-21.44.49:321][  0]LogAudioMixer: Display: Creating Master Submix 'MasterSubmixDefault'
[2021.03.29-21.44.49:321][  0]LogAudioMixer: Display: Creating Master Submix 'MasterReverbSubmixDefault'
[2021.03.29-21.44.49:322][  0]LogAudioMixer: Display: Creating Master Submix 'MasterEQSubmixDefault'
[2021.03.29-21.44.49:323][  0]LogInit: FAudioDevice initialized.
[2021.03.29-21.44.49:323][  0]LogNetVersion: Set ProjectVersion to 1.0.0.0. Version Checksum will be recalculated on next use.
[2021.03.29-21.44.49:330][  0]LogDerivedDataCache: Error: Could not save memory cache C:/Users/hegen/AppData/Local/UnrealEngine/4.25/DerivedDataCache/Boot.ddc.
[2021.03.29-21.44.49:330][  0]LogInit: Texture streaming: Enabled
[2021.03.29-21.44.49:355][  0]LogEngineSessionManager: EngineSessionManager initialized
[2021.03.29-21.44.49:355][  0]LogEngineSessionManager: EngineSessionManager sent abnormal shutdown report. Type=AbnormalShutdown, SessionId={1E6120E3-4559-0F38-2B00-9092E7658013}
[2021.03.29-21.44.49:355][  0]LogEditorSessionSummary: Verbose: Initializing EditorSessionSummaryWriter for editor session tracking
[2021.03.29-21.44.49:361][  0]LogEditorSessionSummary: EditorSessionSummaryWriter initialized
[2021.03.29-21.44.49:546][  0]LogInit: Transaction tracking system initialized
[2021.03.29-21.44.49:575][  0]BlueprintLog: New page: Editor Load
[2021.03.29-21.44.49:673][  0]LocalizationService: Localization service is disabled
[2021.03.29-21.44.49:879][  0]LogCook: Display: Max memory allowance for cook 16384mb min free memory 0mb
[2021.03.29-21.44.49:879][  0]LogCook: Display: Mobile HDR setting 1
[2021.03.29-21.44.50:066][  0]LogFileCache: Scanning file cache for directory 'E:/_Git/Majors/CIU330-Major-Project/DeathStrikes/Content/' took 0.03s
[2021.03.29-21.44.50:410][  0]SourceControl: Source control is disabled
[2021.03.29-21.44.50:410][  0]LogUnrealEdMisc: Loading editor; pre map load, took 8.770
[2021.03.29-21.44.50:410][  0]Cmd: MAP LOAD FILE="E:/_Git/Majors/CIU330-Major-Project/DeathStrikes/Content/ThirdPersonBP/Maps/ThirdPersonExampleMap.umap" TEMPLATE=0 SHOWPROGRESS=1 FEATURELEVEL=3
[2021.03.29-21.44.50:411][  0]LightingResults: New page: Lighting Build
[2021.03.29-21.44.50:412][  0]LogWorld: UWorld::CleanupWorld for Untitled, bSessionEnded=true, bCleanupResources=true
[2021.03.29-21.44.50:412][  0]LogSlate: InvalidateAllWidgets triggered.  All widgets were invalidated
[2021.03.29-21.44.50:412][  0]MapCheck: New page: Map Check
[2021.03.29-21.44.50:412][  0]LightingResults: New page: Lighting Build
[2021.03.29-21.44.50:422][  0]LogAISub: UAISubsystem::~UAISubsystem EnvQueryManager (00000217525A1800), frame # 0
[2021.03.29-21.44.50:422][  0]LogAISub: UAISubsystem::~UAISubsystem AIPerceptionSystem (00000217525C1E40), frame # 0
[2021.03.29-21.44.50:423][  0]LogUObjectHash: Compacting FUObjectHashTables data took   0.94ms
[2021.03.29-21.44.50:526][  0]LogMaterial: Uniform references updated for custom material expression Custom.
[2021.03.29-21.44.50:542][  0]LogMaterial: Display: Missing cached shader map for material M_Glow1, compiling. 
[2021.03.29-21.44.50:687][  0]LogAIModule: Creating AISystem for world ThirdPersonExampleMap
[2021.03.29-21.44.50:688][  0]LogAISub: UAISubsystem::UAISubsystem EnvQueryManager (000002173EE0FE00), frame # 0
[2021.03.29-21.44.50:688][  0]LogAISub: UAISubsystem::UAISubsystem AIPerceptionSystem (000002174A607EC0), frame # 0
[2021.03.29-21.44.50:704][  0]LogEditorServer: Finished looking for orphan Actors (0.000 secs)
[2021.03.29-21.44.50:737][  0]LogUObjectHash: Compacting FUObjectHashTables data took   1.12ms
[2021.03.29-21.44.50:738][  0]Cmd: MAP CHECKDEP NOCLEARLOG
[2021.03.29-21.44.50:738][  0]MapCheck: Map check complete: 0 Error(s), 0 Warning(s), took 0.18ms to complete.
[2021.03.29-21.44.50:738][  0]LogFileHelpers: Loading map 'ThirdPersonExampleMap' took 0.328
[2021.03.29-21.44.50:741][  0]LogUnrealEdMisc: Total Editor Startup Time, took 9.101
[2021.03.29-21.44.50:927][  0]LogSlate: Updating window title bar state: overlay mode, drag disabled, window buttons hidden, title bar hidden
[2021.03.29-21.44.50:937][  0]LogSlate: Updating window title bar state: overlay mode, drag disabled, window buttons hidden, title bar hidden
[2021.03.29-21.44.50:946][  0]LogSlate: Updating window title bar state: overlay mode, drag disabled, window buttons hidden, title bar hidden
[2021.03.29-21.44.50:957][  0]LogSlate: Updating window title bar state: overlay mode, drag disabled, window buttons hidden, title bar hidden
[2021.03.29-21.44.50:964][  0]LogCollectionManager: Loaded 0 collections in 0.001446 seconds
[2021.03.29-21.44.50:980][  0]LogFileCache: Scanning file cache for directory 'E:/_Git/Majors/CIU330-Major-Project/DeathStrikes/Saved/Collections/' took 0.00s
[2021.03.29-21.44.50:980][  0]LogFileCache: Scanning file cache for directory 'E:/_Git/Majors/CIU330-Major-Project/DeathStrikes/Content/Developers/hegen/Collections/' took 0.00s
[2021.03.29-21.44.50:980][  0]LogFileCache: Scanning file cache for directory 'E:/_Git/Majors/CIU330-Major-Project/DeathStrikes/Content/Collections/' took 0.00s
[2021.03.29-21.44.50:980][  0]LogContentBrowser: Native class hierarchy populated in 0.0116 seconds. Added 3427 classes and 821 folders.
[2021.03.29-21.44.50:984][  0]LogContentBrowser: Native class hierarchy updated for 'WidgetCarousel' in 0.0004 seconds. Added 0 classes and 0 folders.
[2021.03.29-21.44.51:075][  0]LogContentBrowser: Native class hierarchy updated for 'AddContentDialog' in 0.0003 seconds. Added 0 classes and 0 folders.
[2021.03.29-21.44.51:076][  0]LogContentBrowser: Native class hierarchy updated for 'SceneOutliner' in 0.0002 seconds. Added 2 classes and 0 folders.
[2021.03.29-21.44.51:127][  0]LogSlate: Took 0.000269 seconds to synchronously load lazily loaded font '../../../Engine/Content/Slate/Fonts/Roboto-Regular.ttf' (155K)
[2021.03.29-21.44.51:130][  0]LogSlate: Took 0.000172 seconds to synchronously load lazily loaded font '../../../Engine/Content/Slate/Fonts/Roboto-Bold.ttf' (160K)
[2021.03.29-21.44.51:137][  0]LogSlate: Took 0.000157 seconds to synchronously load lazily loaded font '../../../Engine/Content/Editor/Slate/Fonts/FontAwesome.ttf' (139K)
[2021.03.29-21.44.51:241][  0]LogRenderer: Reallocating scene render targets to support 1616x808 Format 10 NumSamples 1 (Frame:1).
[2021.03.29-21.44.51:389][  0]LogContentBrowser: Native class hierarchy updated for 'HierarchicalLODOutliner' in 0.0004 seconds. Added 0 classes and 0 folders.
[2021.03.29-21.44.51:389][  0]LogLoad: (Engine Initialization) Total time: 9.75 seconds
[2021.03.29-21.44.51:389][  0]LogLoad: (Engine Initialization) Total Blueprint compile time: 0.00 seconds
[2021.03.29-21.44.51:511][  0]LogContentStreaming: Texture pool size now 1000 MB
[2021.03.29-21.44.51:583][  1]LogFileCache: Retrieving MD5 hashes for directory 'E:/_Git/Majors/CIU330-Major-Project/DeathStrikes/Content/' took 0.12s
[2021.03.29-21.44.51:602][  1]LogAssetRegistry: Asset discovery search completed in 5.1626 seconds
[2021.03.29-21.44.51:609][  1]LogCollectionManager: Fixed up redirectors for 0 collections in 0.000004 seconds (updated 0 objects)
[2021.03.29-21.44.58:062][682]LogSlate: Took 0.000352 seconds to synchronously load lazily loaded font '../../../Engine/Content/Slate/Fonts/Roboto-Light.ttf' (167K)
[2021.03.29-21.44.58:131][682]LogLinker: Warning: While loading 'E:/_Git/Majors/CIU330-Major-Project/DeathStrikes/Content/AncientTreasures/Maps/Demonstration.umap' failed to load '/Game/AncientTreasures/Maps/Demonstration_BuiltData': Can't find file.
[2021.03.29-21.44.58:131][682]LogLinker: Warning: While loading 'E:/_Git/Majors/CIU330-Major-Project/DeathStrikes/Content/AncientTreasures/Maps/Demonstration.umap' failed to load '/Game/AncientTreasures/Maps/Demonstration_BuiltData': Can't find file.
[2021.03.29-21.44.58:138][682]LogLinker: Warning: While loading 'E:/_Git/Majors/CIU330-Major-Project/DeathStrikes/Content/AncientTreasures/Maps/Demonstration.umap' failed to load '/Game/AncientTreasures/Maps/Demonstration_BuiltData': Can't find file.
[2021.03.29-21.44.58:138][682]LogLinker: Warning: While loading 'E:/_Git/Majors/CIU330-Major-Project/DeathStrikes/Content/AncientTreasures/Maps/Demonstration.umap' failed to load '/Game/AncientTreasures/Maps/Demonstration_BuiltData': Can't find file.
[2021.03.29-21.44.58:350][682]LogLinker: Warning: Failed to load '/Game/AncientTreasures/Maps/Demonstration_BuiltData': Can't find file.
[2021.03.29-21.44.58:350][682]LogLinker: Warning: Failed to load '/Game/AncientTreasures/Maps/Demonstration_BuiltData': Can't find file.
[2021.03.29-21.44.58:350][682]LogLinker: Warning: Failed to load '/Game/AncientTreasures/Maps/Demonstration_BuiltData': Can't find file.
[2021.03.29-21.44.58:350][682]LogLinker: Warning: Failed to load '/Game/AncientTreasures/Maps/Demonstration_BuiltData': Can't find file.
[2021.03.29-21.44.59:080][682]LogTexture: Display: Building textures: TX_LUT_01a (BGRA8, 256X16)
[2021.03.29-21.44.59:080][682]LogTexture: Display: Building textures: TX_Urn_04a_NRM (BC5, 2048X2048)
[2021.03.29-21.44.59:080][682]LogTexture: Display: Building textures: TX_Urn_04a_ALB (AutoDXT, 2048X2048)
[2021.03.29-21.44.59:080][682]LogTexture: Display: Building textures: TX_Urn_04a_RMA (AutoDXT, 2048X2048)
[2021.03.29-21.44.59:081][682]LogLinker: Warning: While loading 'E:/_Git/Majors/CIU330-Major-Project/DeathStrikes/Content/AncientTreasures/Maps/Demonstration.umap' failed to load '/Game/AncientTreasures/Maps/Demonstration_BuiltData': Can't find file.
[2021.03.29-21.44.59:081][682]LoadErrors: Failed to load /Game/AncientTreasures/Maps/Demonstration_BuiltData.Demonstration_BuiltData Referenced by PersistentLevel
[2021.03.29-21.44.59:081][682]LogLinker: Warning: While loading 'E:/_Git/Majors/CIU330-Major-Project/DeathStrikes/Content/AncientTreasures/Maps/Demonstration.umap' failed to load '/Game/AncientTreasures/Maps/Demonstration_BuiltData': Can't find file.
[2021.03.29-21.44.59:681][682]LogTexture: Display: Building textures: TX_WaterPot_01a_NRM (BC5, 2048X2048)
[2021.03.29-21.44.59:681][682]LogStaticMesh: Building static mesh SM_ZBackdrop_01a...
[2021.03.29-21.44.59:682][682]LogStaticMesh: Built static mesh [0.00s] /Game/AncientTreasures/Meshes/SM_ZBackdrop_01a.SM_ZBackdrop_01a
[2021.03.29-21.45.07:816][682]LogTexture: Display: Building textures: TX_Urn_02_RMA (AutoDXT, 2048X2048)
[2021.03.29-21.45.07:816][682]LogTexture: Display: Building textures: TX_WaterPot_01a_ALB (AutoDXT, 2048X2048)
[2021.03.29-21.45.07:816][682]LogTexture: Display: Building textures: TX_WaterPot_01a_RMA (AutoDXT, 2048X2048)
[2021.03.29-21.45.07:816][682]LogTexture: Display: Building textures: TX_Urn_02_NRM (BC5, 2048X2048)
[2021.03.29-21.45.07:816][682]LogTexture: Display: Building textures: TX_Urn_02_ALB (AutoDXT, 2048X2048)
[2021.03.29-21.45.07:816][682]LogTexture: Display: Building textures: TX_Urn_01a_RMA (AutoDXT, 2048X2048)
[2021.03.29-21.45.07:816][682]LogTexture: Display: Building textures: TX_Urn_01a_NRM (BC5, 2048X2048)
[2021.03.29-21.45.07:816][682]LogTexture: Display: Building textures: TX_Urn_01a_ALB (AutoDXT, 2048X2048)
[2021.03.29-21.45.07:816][682]LogTexture: Display: Building textures: TX_Fill_01a_RMA (AutoDXT, 128X128)
[2021.03.29-21.45.07:821][682]LogTexture: Display: Building textures: TX_Fill_01a_NRM (BC5, 128X128)
[2021.03.29-21.45.07:824][682]LogTexture: Display: Building textures: TX_Fill_01a_ALB (AutoDXT, 128X128)
[2021.03.29-21.45.07:981][682]LogTexture: Display: Building textures: TX_Coins_01a_H (BGRA8, 2048X2048)
[2021.03.29-21.45.08:234][682]LogTexture: Display: Building textures: TX_Sword_01a_RMA (AutoDXT, 2048X2048)
[2021.03.29-21.45.08:671][682]LogTexture: Display: Building textures: TX_SandMaterial_01a_ALB (AutoDXT, 2048X2048)
[2021.03.29-21.45.21:417][682]LogTexture: Display: Building textures: TX_Sword_01a_NRM (BC5, 2048X2048)
[2021.03.29-21.45.21:417][682]LogTexture: Display: Building textures: TX_Sword_01a_ALB (AutoDXT, 2048X2048)
[2021.03.29-21.45.21:417][682]LogTexture: Display: Building textures: TX_Statue_02a_RMA (AutoDXT, 2048X2048)
[2021.03.29-21.45.21:417][682]LogTexture: Display: Building textures: TX_Statue_02a_NRM (BC5, 2048X2048)
[2021.03.29-21.45.21:418][682]LogTexture: Display: Building textures: TX_Statue_02a_ALB (AutoDXT, 2048X2048)
[2021.03.29-21.45.21:418][682]LogTexture: Display: Building textures: TX_Statue_01a_RMA (AutoDXT, 2048X2048)
[2021.03.29-21.45.21:418][682]LogTexture: Display: Building textures: TX_Statue_01a_NRM (BC5, 2048X2048)
[2021.03.29-21.45.21:418][682]LogTexture: Display: Building textures: TX_Statue_01a_ALB (AutoDXT, 2048X2048)
[2021.03.29-21.45.21:418][682]LogTexture: Display: Building textures: TX_Shield_01a_RMA (AutoDXT, 2048X2048)
[2021.03.29-21.45.21:418][682]LogTexture: Display: Building textures: TX_Shield_01a_NRM (BC5, 2048X2048)
[2021.03.29-21.45.21:418][682]LogTexture: Display: Building textures: TX_Shield_01a_ALB (AutoDXT, 2048X2048)
[2021.03.29-21.45.21:418][682]LogTexture: Display: Building textures: TX_Ring_01a_RMA (AutoDXT, 2048X2048)
[2021.03.29-21.45.21:418][682]LogTexture: Display: Building textures: TX_Ring_01a_NRM (BC5, 2048X2048)
[2021.03.29-21.45.21:418][682]LogTexture: Display: Building textures: TX_Ring_01a_ALB (AutoDXT, 2048X2048)
[2021.03.29-21.45.21:418][682]LogTexture: Display: Building textures: TX_Pearls_01a_RMA (AutoDXT, 2048X2048)
[2021.03.29-21.45.21:418][682]LogTexture: Display: Building textures: TX_Pearls_01a_NRM (BC5, 2048X2048)
[2021.03.29-21.45.21:418][682]LogTexture: Display: Building textures: TX_Pearls_01a_ALB (AutoDXT, 2048X2048)
[2021.03.29-21.45.21:418][682]LogTexture: Display: Building textures: TX_OrnateChest_01b_RMA (AutoDXT, 2048X2048)
[2021.03.29-21.45.23:162][682]LogTexture: Display: Building textures: TX_OrnateChest_01b_NRM (BC5, 2048X2048)
[2021.03.29-21.45.23:162][682]LogTexture: Display: Building textures: TX_OrnateChest_01b_ALB (AutoDXT, 2048X2048)
[2021.03.29-21.45.23:162][682]LogTexture: Display: Building textures: TX_OrnateChest_01a_RMA (AutoDXT, 2048X2048)
[2021.03.29-21.45.23:162][682]LogTexture: Display: Building textures: TX_OrnateChest_01a_NRM (BC5, 2048X2048)
[2021.03.29-21.45.23:162][682]LogTexture: Display: Building textures: TX_OrnateChest_01a_ALB (AutoDXT, 2048X2048)
[2021.03.29-21.45.23:162][682]LogTexture: Display: Building textures: TX_Necklace_01a_RMA (AutoDXT, 2048X2048)
[2021.03.29-21.45.23:162][682]LogTexture: Display: Building textures: TX_SandMaterial_01a_NRM (BC5, 2048X2048)
[2021.03.29-21.45.24:810][682]LogTexture: Display: Building textures: TX_Necklace_01a_NRM (BC5, 2048X2048)
[2021.03.29-21.45.25:650][682]LogTexture: Display: Building textures: TX_Necklace_01a_ALB (AutoDXT, 2048X2048)
[2021.03.29-21.45.25:650][682]LogTexture: Display: Building textures: TX_SandMaterial_01a_RMA (AutoDXT, 2048X2048)
[2021.03.29-21.45.43:193][682]LogTexture: Display: Building textures: TX_Map_01a_RMA (AutoDXT, 2048X2048)
[2021.03.29-21.45.43:193][682]LogTexture: Display: Building textures: TX_Map_01a_NRM (BC5, 2048X2048)
[2021.03.29-21.45.43:193][682]LogTexture: Display: Building textures: TX_Map_01a_ALB (AutoDXT, 2048X2048)
[2021.03.29-21.45.43:193][682]LogTexture: Display: Building textures: TX_Bangle_01b_ALB (AutoDXT, 2048X2048)
[2021.03.29-21.45.43:193][682]LogTexture: Display: Building textures: TX_Band_01a_RMA (AutoDXT, 2048X2048)
[2021.03.29-21.45.43:193][682]LogTexture: Display: Building textures: TX_Band_01a_NRM (BC5, 2048X2048)
[2021.03.29-21.45.43:193][682]LogTexture: Display: Building textures: TX_Coin_01a_ALB (AutoDXT, 2048X2048)
[2021.03.29-21.45.43:193][682]LogTexture: Display: Building textures: TX_ClayPot_03a_RMA (AutoDXT, 2048X2048)
[2021.03.29-21.45.43:193][682]LogTexture: Display: Building textures: TX_ClayPot_03a_NRM (BC5, 2048X2048)
[2021.03.29-21.45.43:193][682]LogTexture: Display: Building textures: TX_ClayPot_03a_ALB (AutoDXT, 2048X2048)
[2021.03.29-21.45.43:193][682]LogTexture: Display: Building textures: TX_ClayPot_02a_RMA (AutoDXT, 2048X2048)
[2021.03.29-21.45.43:193][682]LogTexture: Display: Building textures: TX_ClayPot_02a_NRM (BC5, 2048X2048)
[2021.03.29-21.45.43:193][682]LogTexture: Display: Building textures: TX_ClayPot_02a_ALB (AutoDXT, 2048X2048)
[2021.03.29-21.45.43:193][682]LogTexture: Display: Building textures: TX_ClayPot_01a_RMA (AutoDXT, 2048X2048)
[2021.03.29-21.45.43:193][682]LogTexture: Display: Building textures: TX_Bangle_01b_RMA (AutoDXT, 2048X2048)
[2021.03.29-21.45.43:193][682]LogTexture: Display: Building textures: TX_Bangle_01b_NRM (BC5, 2048X2048)
[2021.03.29-21.45.43:193][682]LogTexture: Display: Building textures: TX_ClayPot_01a_NRM (BC5, 2048X2048)
[2021.03.29-21.45.43:193][682]LogTexture: Display: Building textures: TX_ClayPot_01a_ALB (AutoDXT, 2048X2048)
[2021.03.29-21.45.43:193][682]LogTexture: Display: Building textures: TX_Coins_01b_RMA (AutoDXT, 2048X2048)
[2021.03.29-21.45.43:193][682]LogTexture: Display: Building textures: TX_Coins_01b_NRM (BC5, 2048X2048)
[2021.03.29-21.45.43:193][682]LogTexture: Display: Building textures: TX_Coins_01b_ALB (AutoDXT, 2048X2048)
[2021.03.29-21.45.43:213][682]LogTexture: Display: Building textures: TX_SandMask_01a_M (AutoDXT, 512X512)
[2021.03.29-21.45.43:563][682]LogTexture: Display: Building textures: TX_Fill_01a_H (G8, 128X128)
[2021.03.29-21.45.43:572][682]LogMaterial: Display: Missing cached shader map for material MM_Master_Material_01a, compiling. 
[2021.03.29-21.45.43:938][682]LogTexture: Display: Building textures: TX_Helmet_01a_RMA (AutoDXT, 2048X2048)
[2021.03.29-21.45.43:938][682]LogMaterial: Display: Missing cached shader map for material MM_Master_Material_01a, compiling. 
[2021.03.29-21.45.44:240][682]LogTexture: Display: Building textures: TX_Helmet_01a_NRM (BC5, 2048X2048)
[2021.03.29-21.45.44:240][682]LogStaticMesh: Building static mesh SM_WaterPot_01a...
[2021.03.29-21.45.44:297][682]LogStaticMesh: Built static mesh [0.06s] /Game/AncientTreasures/Meshes/SM_WaterPot_01a.SM_WaterPot_01a
[2021.03.29-21.45.44:359][682]LogStaticMesh: Building static mesh SM_Urn_04a...
[2021.03.29-21.45.44:402][682]LogStaticMesh: Built static mesh [0.04s] /Game/AncientTreasures/Meshes/SM_Urn_04a.SM_Urn_04a
[2021.03.29-21.45.44:453][682]LogStaticMesh: Building static mesh SM_Urn_02...
[2021.03.29-21.45.44:509][682]LogStaticMesh: Built static mesh [0.06s] /Game/AncientTreasures/Meshes/SM_Urn_02.SM_Urn_02
[2021.03.29-21.45.44:605][682]LogStaticMesh: Building static mesh SM_Urn_01a...
[2021.03.29-21.45.44:736][682]LogStaticMesh: Built static mesh [0.13s] /Game/AncientTreasures/Meshes/SM_Urn_01a.SM_Urn_01a
[2021.03.29-21.45.44:841][682]LogStaticMesh: Building static mesh SM_Sword_01a...
[2021.03.29-21.45.44:860][682]LogStaticMesh: Built static mesh [0.02s] /Game/AncientTreasures/Meshes/SM_Sword_01a.SM_Sword_01a
[2021.03.29-21.45.44:907][682]LogStaticMesh: Building static mesh SM_Statue_02a...
[2021.03.29-21.45.44:955][682]LogStaticMesh: Built static mesh [0.05s] /Game/AncientTreasures/Meshes/SM_Statue_02a.SM_Statue_02a
[2021.03.29-21.45.44:986][682]LogTexture: Display: Building textures: TX_Helmet_01a_ALB (AutoDXT, 2048X2048)
[2021.03.29-21.45.44:986][682]LogStaticMesh: Building static mesh SM_Statue_01a...
[2021.03.29-21.45.45:024][682]LogStaticMesh: Built static mesh [0.04s] /Game/AncientTreasures/Meshes/SM_Statue_01a.SM_Statue_01a
[2021.03.29-21.45.45:147][682]LogStaticMesh: Building static mesh SM_Shield_01a...
[2021.03.29-21.45.45:294][682]LogStaticMesh: Built static mesh [0.15s] /Game/AncientTreasures/Meshes/SM_Shield_01a.SM_Shield_01a
[2021.03.29-21.45.45:328][682]LogStaticMesh: Building static mesh SM_Ring_01a...
[2021.03.29-21.45.45:339][682]LogStaticMesh: Built static mesh [0.01s] /Game/AncientTreasures/Meshes/SM_Ring_01a.SM_Ring_01a
[2021.03.29-21.45.45:368][682]LogStaticMesh: Building static mesh SM_Pearls_01c...
[2021.03.29-21.45.45:421][682]LogStaticMesh: Built static mesh [0.05s] /Game/AncientTreasures/Meshes/SM_Pearls_01c.SM_Pearls_01c
[2021.03.29-21.45.45:532][682]LogStaticMesh: Building static mesh SM_Pearls_01b...
[2021.03.29-21.45.45:622][682]LogStaticMesh: Built static mesh [0.09s] /Game/AncientTreasures/Meshes/SM_Pearls_01b.SM_Pearls_01b
[2021.03.29-21.45.45:638][682]LogMaterial: Display: Missing cached shader map for material MM_Master_Material_01a, compiling. 
[2021.03.29-21.45.45:858][682]LogTexture: Display: Building textures: TX_GoldBar_02a_RMA (AutoDXT, 2048X2048)
[2021.03.29-21.45.45:858][682]LogStaticMesh: Building static mesh SM_Pearls_01a...
[2021.03.29-21.45.46:006][682]LogStaticMesh: Built static mesh [0.15s] /Game/AncientTreasures/Meshes/SM_Pearls_01a.SM_Pearls_01a
[2021.03.29-21.45.46:136][682]LogStaticMesh: Building static mesh SM_OrnateChest_02b...
[2021.03.29-21.45.46:355][682]LogStaticMesh: Built static mesh [0.22s] /Game/AncientTreasures/Meshes/SM_OrnateChest_02b.SM_OrnateChest_02b
[2021.03.29-21.45.46:459][682]LogStaticMesh: Building static mesh SM_OrnateChest_01b...
[2021.03.29-21.45.46:661][682]LogStaticMesh: Built static mesh [0.20s] /Game/AncientTreasures/Meshes/SM_OrnateChest_01b.SM_OrnateChest_01b
[2021.03.29-21.45.46:687][682]LogMaterial: Display: Missing cached shader map for material MM_Master_Material_01a, compiling. 
[2021.03.29-21.45.47:172][682]LogStaticMesh: Building static mesh SM_OrnateChest_01a...
[2021.03.29-21.45.47:372][682]LogStaticMesh: Built static mesh [0.20s] /Game/AncientTreasures/Meshes/SM_OrnateChest_01a.SM_OrnateChest_01a
[2021.03.29-21.45.47:413][682]LogStaticMesh: Building static mesh SM_Necklace_01b...
[2021.03.29-21.45.47:437][682]LogStaticMesh: Built static mesh [0.02s] /Game/AncientTreasures/Meshes/SM_Necklace_01b.SM_Necklace_01b
[2021.03.29-21.45.47:459][682]LogStaticMesh: Building static mesh SM_Necklace_01a...
[2021.03.29-21.45.47:483][682]LogStaticMesh: Built static mesh [0.02s] /Game/AncientTreasures/Meshes/SM_Necklace_01a.SM_Necklace_01a
[2021.03.29-21.45.47:492][682]LogStaticMesh: Building static mesh SM_Coal_01a...
[2021.03.29-21.45.47:500][682]LogStaticMesh: Built static mesh [0.01s] /Game/AncientTreasures/Meshes/SM_Coal_01a.SM_Coal_01a
[2021.03.29-21.45.47:512][682]LogStaticMesh: Building static mesh SM_Band_01a...
[2021.03.29-21.45.47:518][682]LogStaticMesh: Built static mesh [0.01s] /Game/AncientTreasures/Meshes/SM_Band_01a.SM_Band_01a
[2021.03.29-21.45.47:554][682]LogStaticMesh: Building static mesh SM_Bangle_01a...
[2021.03.29-21.45.47:597][682]LogStaticMesh: Built static mesh [0.04s] /Game/AncientTreasures/Meshes/SM_Bangle_01a.SM_Bangle_01a
[2021.03.29-21.45.47:614][682]LogStaticMesh: Building static mesh SM_Bangle_01b...
[2021.03.29-21.45.47:625][682]LogStaticMesh: Built static mesh [0.01s] /Game/AncientTreasures/Meshes/SM_Bangle_01b.SM_Bangle_01b
[2021.03.29-21.45.47:631][682]LogStaticMesh: Building static mesh SM_Bangle_01c...
[2021.03.29-21.45.47:633][682]LogStaticMesh: Built static mesh [0.00s] /Game/AncientTreasures/Meshes/SM_Bangle_01c.SM_Bangle_01c
[2021.03.29-21.45.47:636][682]LogStaticMesh: Building static mesh SM_Bangle_01d...
[2021.03.29-21.45.47:639][682]LogStaticMesh: Built static mesh [0.00s] /Game/AncientTreasures/Meshes/SM_Bangle_01d.SM_Bangle_01d
[2021.03.29-21.45.47:644][682]LogStaticMesh: Building static mesh SM_Bangle_01e...
[2021.03.29-21.45.47:649][682]LogStaticMesh: Built static mesh [0.01s] /Game/AncientTreasures/Meshes/SM_Bangle_01e.SM_Bangle_01e
[2021.03.29-21.45.47:656][682]LogStaticMesh: Building static mesh SM_Bangle_01f...
[2021.03.29-21.45.47:659][682]LogStaticMesh: Built static mesh [0.00s] /Game/AncientTreasures/Meshes/SM_Bangle_01f.SM_Bangle_01f
[2021.03.29-21.45.47:663][682]LogStaticMesh: Building static mesh SM_Bangle_01g...
[2021.03.29-21.45.47:665][682]LogStaticMesh: Built static mesh [0.00s] /Game/AncientTreasures/Meshes/SM_Bangle_01g.SM_Bangle_01g
[2021.03.29-21.45.47:675][682]LogStaticMesh: Building static mesh SM_Bangle_01h...
[2021.03.29-21.45.47:677][682]LogStaticMesh: Built static mesh [0.00s] /Game/AncientTreasures/Meshes/SM_Bangle_01h.SM_Bangle_01h
[2021.03.29-21.45.47:682][682]LogStaticMesh: Building static mesh SM_Bangle_01i...
[2021.03.29-21.45.47:688][682]LogStaticMesh: Built static mesh [0.01s] /Game/AncientTreasures/Meshes/SM_Bangle_01i.SM_Bangle_01i
[2021.03.29-21.45.47:703][682]LogStaticMesh: Building static mesh SM_Bangle_01j...
[2021.03.29-21.45.47:727][682]LogStaticMesh: Built static mesh [0.02s] /Game/AncientTreasures/Meshes/SM_Bangle_01j.SM_Bangle_01j
[2021.03.29-21.45.47:763][682]LogStaticMesh: Building static mesh SM_Gems_01a...
[2021.03.29-21.45.47:768][682]LogStaticMesh: Built static mesh [0.01s] /Game/AncientTreasures/Meshes/SM_Gems_01a.SM_Gems_01a
[2021.03.29-21.45.47:772][682]LogStaticMesh: Building static mesh SM_Gems_01b...
[2021.03.29-21.45.47:775][682]LogStaticMesh: Built static mesh [0.00s] /Game/AncientTreasures/Meshes/SM_Gems_01b.SM_Gems_01b
[2021.03.29-21.45.47:787][682]LogStaticMesh: Building static mesh SM_Gems_01c...
[2021.03.29-21.45.47:790][682]LogStaticMesh: Built static mesh [0.00s] /Game/AncientTreasures/Meshes/SM_Gems_01c.SM_Gems_01c
[2021.03.29-21.45.47:809][682]LogStaticMesh: Building static mesh SM_Gems_01d...
[2021.03.29-21.45.47:813][682]LogStaticMesh: Built static mesh [0.00s] /Game/AncientTreasures/Meshes/SM_Gems_01d.SM_Gems_01d
[2021.03.29-21.45.47:822][682]LogStaticMesh: Building static mesh SM_GoldBar_01a...
[2021.03.29-21.45.47:826][682]LogStaticMesh: Built static mesh [0.00s] /Game/AncientTreasures/Meshes/SM_GoldBar_01a.SM_GoldBar_01a
[2021.03.29-21.45.47:832][682]LogStaticMesh: Building static mesh SM_Coin_01a...
[2021.03.29-21.45.47:837][682]LogStaticMesh: Built static mesh [0.01s] /Game/AncientTreasures/Meshes/SM_Coin_01a.SM_Coin_01a
[2021.03.29-21.45.47:843][682]LogStaticMesh: Building static mesh SM_Coin_02a...
[2021.03.29-21.45.47:847][682]LogStaticMesh: Built static mesh [0.00s] /Game/AncientTreasures/Meshes/SM_Coin_02a.SM_Coin_02a
[2021.03.29-21.45.47:909][682]LogTexture: Display: Building textures: TX_Fire_01a_ALB (AutoDXT, 1024X1024)
[2021.03.29-21.45.49:266][682]LogTexture: Display: Building textures: TX_Gems_01a_RMA (AutoDXT, 2048X2048)
[2021.03.29-21.45.49:266][682]LogTexture: Display: Building textures: TX_GoldBar_02a_NRM (BC5, 2048X2048)
[2021.03.29-21.45.49:337][682]LogTexture: Display: Building textures: TX_Noise_01a_M (AutoDXT, 1024X1024)
[2021.03.29-21.45.51:152][682]LogTexture: Display: Building textures: TX_GoldBar_02a_ALB (AutoDXT, 2048X2048)
[2021.03.29-21.45.51:152][682]LogTexture: Display: Building textures: TX_Gems_01a_NRM (BC5, 2048X2048)
[2021.03.29-21.45.51:152][682]LogTexture: Display: Building textures: TX_Gems_01a_ALB (AutoDXT, 2048X2048)
[2021.03.29-21.45.51:154][682]LogMaterial: Display: Missing cached shader map for material MM_Fire_01a, compiling. 
[2021.03.29-21.45.51:216][682]LogStaticMesh: Building static mesh SM_Torch_01a...
[2021.03.29-21.45.51:255][682]LogStaticMesh: Built static mesh [0.04s] /Game/AncientTreasures/Meshes/SM_Torch_01a.SM_Torch_01a
[2021.03.29-21.45.51:327][682]LogStaticMesh: Building static mesh SM_Bowl_01a...
[2021.03.29-21.45.51:388][682]LogStaticMesh: Built static mesh [0.06s] /Game/AncientTreasures/Meshes/SM_Bowl_01a.SM_Bowl_01a
[2021.03.29-21.45.51:489][682]LogStaticMesh: Building static mesh SM_Chalice_01a...
[2021.03.29-21.45.51:530][682]LogStaticMesh: Built static mesh [0.04s] /Game/AncientTreasures/Meshes/SM_Chalice_01a.SM_Chalice_01a
[2021.03.29-21.45.51:566][682]LogStaticMesh: Building static mesh SM_Chalice_02a...
[2021.03.29-21.45.51:606][682]LogStaticMesh: Built static mesh [0.04s] /Game/AncientTreasures/Meshes/SM_Chalice_02a.SM_Chalice_02a
[2021.03.29-21.45.51:702][682]LogTexture: Display: Building textures: TX_Dagger_01a_RMA (AutoDXT, 2048X2048)
[2021.03.29-21.45.51:702][682]LogStaticMesh: Building static mesh SM_Chest_01a...
[2021.03.29-21.45.51:903][682]LogTexture: Display: Building textures: TX_Dagger_01a_NRM (BC5, 2048X2048)
[2021.03.29-21.45.51:903][682]LogStaticMesh: Built static mesh [0.20s] /Game/AncientTreasures/Meshes/SM_Chest_01a.SM_Chest_01a
[2021.03.29-21.45.51:972][682]LogStaticMesh: Building static mesh SM_ChestCoins_01a...
[2021.03.29-21.45.51:974][682]LogStaticMesh: Built static mesh [0.00s] /Game/AncientTreasures/Meshes/SM_ChestCoins_01a.SM_ChestCoins_01a
[2021.03.29-21.45.52:057][682]LogStaticMesh: Building static mesh SM_Chest_01b...
[2021.03.29-21.45.52:217][682]LogTexture: Display: Building textures: TX_Dagger_01a_ALB (AutoDXT, 2048X2048)
[2021.03.29-21.45.52:217][682]LogStaticMesh: Built static mesh [0.16s] /Game/AncientTreasures/Meshes/SM_Chest_01b.SM_Chest_01b
[2021.03.29-21.45.52:288][682]LogStaticMesh: Building static mesh SM_Chest_02c...
[2021.03.29-21.45.52:423][682]LogStaticMesh: Built static mesh [0.14s] /Game/AncientTreasures/Meshes/SM_Chest_02c.SM_Chest_02c
[2021.03.29-21.45.52:487][682]LogStaticMesh: Building static mesh SM_Chest_02d...
[2021.03.29-21.45.52:558][682]LogStaticMesh: Built static mesh [0.07s] /Game/AncientTreasures/Meshes/SM_Chest_02d.SM_Chest_02d
[2021.03.29-21.45.52:617][682]LogStaticMesh: Building static mesh SM_ClayPot_01...
[2021.03.29-21.45.52:645][682]LogStaticMesh: Built static mesh [0.03s] /Game/AncientTreasures/Meshes/SM_ClayPot_01.SM_ClayPot_01
[2021.03.29-21.45.52:688][682]LogStaticMesh: Building static mesh SM_ClayPot_02...
[2021.03.29-21.45.52:726][682]LogStaticMesh: Built static mesh [0.04s] /Game/AncientTreasures/Meshes/SM_ClayPot_02.SM_ClayPot_02
[2021.03.29-21.45.52:754][682]LogStaticMesh: Building static mesh SM_ClayPot_03b...
[2021.03.29-21.45.52:765][682]LogStaticMesh: Built static mesh [0.01s] /Game/AncientTreasures/Meshes/SM_ClayPot_03b.SM_ClayPot_03b
[2021.03.29-21.45.52:775][682]LogStaticMesh: Building static mesh SM_ClayPot_03d...
[2021.03.29-21.45.52:782][682]LogStaticMesh: Built static mesh [0.01s] /Game/AncientTreasures/Meshes/SM_ClayPot_03d.SM_ClayPot_03d
[2021.03.29-21.45.52:792][682]LogStaticMesh: Building static mesh SM_ClayPot_03e...
[2021.03.29-21.45.52:801][682]LogStaticMesh: Built static mesh [0.01s] /Game/AncientTreasures/Meshes/SM_ClayPot_03e.SM_ClayPot_03e
[2021.03.29-21.45.52:890][682]LogStaticMesh: Building static mesh SM_Coin_Pile_01a...
[2021.03.29-21.45.52:928][682]LogStaticMesh: Built static mesh [0.04s] /Game/AncientTreasures/Meshes/SM_Coin_Pile_01a.SM_Coin_Pile_01a
[2021.03.29-21.45.53:018][682]LogStaticMesh: Building static mesh SM_Coin_Pile_01b...
[2021.03.29-21.45.53:058][682]LogStaticMesh: Built static mesh [0.04s] /Game/AncientTreasures/Meshes/SM_Coin_Pile_01b.SM_Coin_Pile_01b
[2021.03.29-21.45.53:125][682]LogStaticMesh: Building static mesh SM_Coin_Pile_01c...
[2021.03.29-21.45.53:253][682]LogTexture: Display: Building textures: TX_Crown_01a_RMA (AutoDXT, 2048X2048)
[2021.03.29-21.45.53:253][682]LogStaticMesh: Built static mesh [0.13s] /Game/AncientTreasures/Meshes/SM_Coin_Pile_01c.SM_Coin_Pile_01c
[2021.03.29-21.45.53:297][682]LogStaticMesh: Building static mesh SM_Coin_Pile_01d...
[2021.03.29-21.45.53:323][682]LogStaticMesh: Built static mesh [0.03s] /Game/AncientTreasures/Meshes/SM_Coin_Pile_01d.SM_Coin_Pile_01d
[2021.03.29-21.45.53:382][682]LogStaticMesh: Building static mesh SM_Coin_Pile_01e...
[2021.03.29-21.45.53:412][682]LogStaticMesh: Built static mesh [0.03s] /Game/AncientTreasures/Meshes/SM_Coin_Pile_01e.SM_Coin_Pile_01e
[2021.03.29-21.45.53:462][682]LogTexture: Display: Building textures: TX_Crown_01a_NRM (BC5, 2048X2048)
[2021.03.29-21.45.53:462][682]LogStaticMesh: Building static mesh SM_Coin_Pile_01f...
[2021.03.29-21.45.53:526][682]LogStaticMesh: Built static mesh [0.06s] /Game/AncientTreasures/Meshes/SM_Coin_Pile_01f.SM_Coin_Pile_01f
[2021.03.29-21.45.53:578][682]LogStaticMesh: Building static mesh SM_Coin_Pile_01g...
[2021.03.29-21.45.53:592][682]LogStaticMesh: Built static mesh [0.01s] /Game/AncientTreasures/Meshes/SM_Coin_Pile_01g.SM_Coin_Pile_01g
[2021.03.29-21.45.53:617][682]LogTexture: Display: Building textures: TX_Crown_01a_ALB (AutoDXT, 2048X2048)
[2021.03.29-21.45.53:617][682]LogStaticMesh: Building static mesh SM_Coin_Pile_01h...
[2021.03.29-21.45.53:625][682]LogStaticMesh: Built static mesh [0.01s] /Game/AncientTreasures/Meshes/SM_Coin_Pile_01h.SM_Coin_Pile_01h
[2021.03.29-21.45.53:637][682]LogStaticMesh: Building static mesh SM_Coin_Pile_01i...
[2021.03.29-21.45.53:647][682]LogStaticMesh: Built static mesh [0.01s] /Game/AncientTreasures/Meshes/SM_Coin_Pile_01i.SM_Coin_Pile_01i
[2021.03.29-21.45.53:679][682]LogStaticMesh: Building static mesh SM_CoinMaterial_01e...
[2021.03.29-21.45.53:680][682]LogStaticMesh: Built static mesh [0.00s] /Game/AncientTreasures/Meshes/SM_CoinMaterial_01e.SM_CoinMaterial_01e
[2021.03.29-21.45.53:730][682]LogStaticMesh: Building static mesh SM_Crown_01a...
[2021.03.29-21.45.53:825][682]LogStaticMesh: Built static mesh [0.10s] /Game/AncientTreasures/Meshes/SM_Crown_01a.SM_Crown_01a
[2021.03.29-21.45.53:859][682]LogStaticMesh: Building static mesh SM_Dagger_01a...
[2021.03.29-21.45.53:919][682]LogStaticMesh: Built static mesh [0.06s] /Game/AncientTreasures/Meshes/SM_Dagger_01a.SM_Dagger_01a
[2021.03.29-21.45.53:936][682]LogStaticMesh: Building static mesh SM_Dagger_01b...
[2021.03.29-21.45.53:946][682]LogStaticMesh: Built static mesh [0.01s] /Game/AncientTreasures/Meshes/SM_Dagger_01b.SM_Dagger_01b
[2021.03.29-21.45.53:990][682]LogStaticMesh: Building static mesh SM_Helmet_01a...
[2021.03.29-21.45.54:040][682]LogStaticMesh: Built static mesh [0.05s] /Game/AncientTreasures/Meshes/SM_Helmet_01a.SM_Helmet_01a
[2021.03.29-21.45.54:064][682]LogStaticMesh: Building static mesh SM_Map_01a...
[2021.03.29-21.45.54:079][682]LogStaticMesh: Built static mesh [0.02s] /Game/AncientTreasures/Meshes/SM_Map_01a.SM_Map_01a
[2021.03.29-21.45.54:407][682]LogTexture: Display: Building textures: TX_Coin_01a_NRM (BC5, 2048X2048)
[2021.03.29-21.45.55:247][682]LogTexture: Display: Building textures: TX_Coins_01a_RMA (AutoDXT, 2048X2048)
[2021.03.29-21.45.55:489][682]LogTexture: Display: Building textures: TX_Coin_01a_RMA (AutoDXT, 2048X2048)
[2021.03.29-21.46.00:636][682]LogTexture: Display: Building textures: TX_CoinMaterial_01d_ALB (AutoDXT, 2048X2048)
[2021.03.29-21.46.00:636][682]LogTexture: Display: Building textures: TX_Floortile_02a_NRM (BC5, 2048X2048)
[2021.03.29-21.46.00:636][682]LogTexture: Display: Building textures: TX_Floortile_02a_H (G8, 2048X2048)
[2021.03.29-21.46.00:636][682]LogTexture: Display: Building textures: TX_Floortile_02a_ALB (AutoDXT, 2048X2048)
[2021.03.29-21.46.00:636][682]LogTexture: Display: Building textures: TX_Chest_02a_RMA (AutoDXT, 2048X2048)
[2021.03.29-21.46.00:647][682]LogMaterial: Display: Missing cached shader map for material MM_Master_Material_01a, compiling. 
[2021.03.29-21.46.00:828][682]LogMaterial: Display: Missing cached shader map for material MM_Master_Material_01a, compiling. 
[2021.03.29-21.46.05:660][682]LogTexture: Display: Building textures: TX_Chest_02a_ALB (AutoDXT, 2048X2048)
[2021.03.29-21.46.05:660][682]LogTexture: Display: Building textures: TX_Chest_02a_NRM (BC5, 2048X2048)
[2021.03.29-21.46.05:660][682]LogTexture: Display: Building textures: TX_Chalice_02b_RMA (AutoDXT, 2048X2048)
[2021.03.29-21.46.05:660][682]LogTexture: Display: Building textures: TX_Chalice_02b_ALB (AutoDXT, 2048X2048)
[2021.03.29-21.46.05:660][682]LogMaterial: Display: Missing cached shader map for material MM_Master_Material_01a, compiling. 
[2021.03.29-21.46.05:927][682]LogTexture: Display: Building textures: TX_Coal_01a_ALB (AutoDXT, 1024X1024)
